{"C:\\Users\\Amalia\\Documents\\Ama\\facultate\\ANUL2\\MPP\\archi-pro_frontend\\src\\App.tsx": {"path":"C:\\Users\\Amalia\\Documents\\Ama\\facultate\\ANUL2\\MPP\\archi-pro_frontend\\src\\App.tsx","statementMap":{"0":{"start":{"line":1,"column":0},"end":{"line":1,"column":48}},"1":{"start":{"line":2,"column":0},"end":{"line":2,"column":18}},"2":{"start":{"line":3,"column":0},"end":{"line":3,"column":35}},"3":{"start":{"line":4,"column":0},"end":{"line":4,"column":43}},"4":{"start":{"line":5,"column":0},"end":{"line":5,"column":47}},"5":{"start":{"line":7,"column":0},"end":{"line":7,"column":43}},"6":{"start":{"line":8,"column":0},"end":{"line":8,"column":49}},"7":{"start":{"line":9,"column":0},"end":{"line":9,"column":43}},"8":{"start":{"line":10,"column":0},"end":{"line":10,"column":51}},"9":{"start":{"line":11,"column":0},"end":{"line":11,"column":45}},"10":{"start":{"line":14,"column":0},"end":{"line":14,"column":67}},"11":{"start":{"line":15,"column":0},"end":{"line":15,"column":51}},"12":{"start":{"line":16,"column":0},"end":{"line":16,"column":47}},"13":{"start":{"line":17,"column":0},"end":{"line":17,"column":47}},"14":{"start":{"line":18,"column":0},"end":{"line":18,"column":44}},"15":{"start":{"line":19,"column":0},"end":{"line":19,"column":62}},"16":{"start":{"line":22,"column":20},"end":{"line":22,"column":38}},"17":{"start":{"line":24,"column":4},"end":{"line":33,"column":19}},"18":{"start":{"line":25,"column":8},"end":{"line":32,"column":9}},"19":{"start":{"line":26,"column":12},"end":{"line":26,"column":39}},"20":{"start":{"line":27,"column":34},"end":{"line":27,"column":89}},"21":{"start":{"line":28,"column":12},"end":{"line":31,"column":13}},"22":{"start":{"line":29,"column":16},"end":{"line":29,"column":49}},"23":{"start":{"line":30,"column":16},"end":{"line":30,"column":55}},"24":{"start":{"line":34,"column":28},"end":{"line":34,"column":48}},"25":{"start":{"line":35,"column":34},"end":{"line":100,"column":12}},"26":{"start":{"line":102,"column":21},"end":{"line":104,"column":3}},"27":{"start":{"line":103,"column":4},"end":{"line":103,"column":62}},"28":{"start":{"line":103,"column":34},"end":{"line":103,"column":60}},"29":{"start":{"line":106,"column":24},"end":{"line":108,"column":3}},"30":{"start":{"line":107,"column":4},"end":{"line":107,"column":94}},"31":{"start":{"line":107,"column":34},"end":{"line":107,"column":92}},"32":{"start":{"line":107,"column":67},"end":{"line":107,"column":91}},"33":{"start":{"line":110,"column":24},"end":{"line":116,"column":3}},"34":{"start":{"line":111,"column":4},"end":{"line":115,"column":6}},"35":{"start":{"line":112,"column":6},"end":{"line":113,"column":null}},"36":{"start":{"line":113,"column":8},"end":{"line":113,"column":67}},"37":{"start":{"line":118,"column":23},"end":{"line":120,"column":3}},"38":{"start":{"line":119,"column":4},"end":{"line":119,"column":31}},"39":{"start":{"line":122,"column":20},"end":{"line":125,"column":3}},"40":{"start":{"line":123,"column":17},"end":{"line":123,"column":86}},"41":{"start":{"line":123,"column":35},"end":{"line":123,"column":85}},"42":{"start":{"line":124,"column":4},"end":{"line":124,"column":30}},"43":{"start":{"line":127,"column":2},"end":{"line":141,"column":null}},"44":{"start":{"line":144,"column":0},"end":{"line":144,"column":null}}},"fnMap":{"0":{"name":"App","decl":{"start":{"line":21,"column":9},"end":{"line":21,"column":12}},"loc":{"start":{"line":21,"column":12},"end":{"line":142,"column":1}}},"1":{"name":"(anonymous_1)","decl":{"start":{"line":24,"column":14},"end":{"line":24,"column":17}},"loc":{"start":{"line":24,"column":19},"end":{"line":33,"column":5}}},"2":{"name":"(anonymous_2)","decl":{"start":{"line":102,"column":21},"end":{"line":102,"column":22}},"loc":{"start":{"line":102,"column":42},"end":{"line":104,"column":3}}},"3":{"name":"(anonymous_3)","decl":{"start":{"line":103,"column":16},"end":{"line":103,"column":17}},"loc":{"start":{"line":103,"column":34},"end":{"line":103,"column":60}}},"4":{"name":"(anonymous_4)","decl":{"start":{"line":106,"column":24},"end":{"line":106,"column":25}},"loc":{"start":{"line":106,"column":46},"end":{"line":108,"column":3}}},"5":{"name":"(anonymous_5)","decl":{"start":{"line":107,"column":16},"end":{"line":107,"column":17}},"loc":{"start":{"line":107,"column":34},"end":{"line":107,"column":92}}},"6":{"name":"(anonymous_6)","decl":{"start":{"line":107,"column":54},"end":{"line":107,"column":55}},"loc":{"start":{"line":107,"column":67},"end":{"line":107,"column":91}}},"7":{"name":"(anonymous_7)","decl":{"start":{"line":110,"column":24},"end":{"line":110,"column":25}},"loc":{"start":{"line":110,"column":52},"end":{"line":116,"column":3}}},"8":{"name":"(anonymous_8)","decl":{"start":{"line":111,"column":16},"end":{"line":111,"column":17}},"loc":{"start":{"line":112,"column":6},"end":{"line":113,"column":null}}},"9":{"name":"(anonymous_9)","decl":{"start":{"line":112,"column":23},"end":{"line":112,"column":24}},"loc":{"start":{"line":113,"column":8},"end":{"line":113,"column":67}}},"10":{"name":"(anonymous_10)","decl":{"start":{"line":118,"column":23},"end":{"line":118,"column":24}},"loc":{"start":{"line":118,"column":38},"end":{"line":120,"column":3}}},"11":{"name":"(anonymous_11)","decl":{"start":{"line":122,"column":20},"end":{"line":122,"column":21}},"loc":{"start":{"line":122,"column":59},"end":{"line":125,"column":3}}},"12":{"name":"(anonymous_12)","decl":{"start":{"line":123,"column":28},"end":{"line":123,"column":29}},"loc":{"start":{"line":123,"column":35},"end":{"line":123,"column":85}}}},"branchMap":{"0":{"loc":{"start":{"line":25,"column":8},"end":{"line":32,"column":9}},"type":"if","locations":[{"start":{"line":25,"column":8},"end":{"line":32,"column":9}},{"start":{},"end":{}}]},"1":{"loc":{"start":{"line":27,"column":45},"end":{"line":27,"column":88}},"type":"binary-expr","locations":[{"start":{"line":27,"column":45},"end":{"line":27,"column":80}},{"start":{"line":27,"column":84},"end":{"line":27,"column":88}}]},"2":{"loc":{"start":{"line":28,"column":12},"end":{"line":31,"column":13}},"type":"if","locations":[{"start":{"line":28,"column":12},"end":{"line":31,"column":13}},{"start":{},"end":{}}]},"3":{"loc":{"start":{"line":113,"column":8},"end":{"line":113,"column":67}},"type":"cond-expr","locations":[{"start":{"line":113,"column":43},"end":{"line":113,"column":57}},{"start":{"line":113,"column":60},"end":{"line":113,"column":67}}]},"4":{"loc":{"start":{"line":123,"column":35},"end":{"line":123,"column":85}},"type":"binary-expr","locations":[{"start":{"line":123,"column":35},"end":{"line":123,"column":58}},{"start":{"line":123,"column":62},"end":{"line":123,"column":85}}]},"5":{"loc":{"start":{"line":124,"column":11},"end":{"line":124,"column":29}},"type":"cond-expr","locations":[{"start":{"line":124,"column":18},"end":{"line":124,"column":22}},{"start":{"line":124,"column":25},"end":{"line":124,"column":29}}]}},"s":{"0":1,"1":1,"2":1,"3":1,"4":1,"5":1,"6":1,"7":1,"8":1,"9":1,"10":1,"11":1,"12":1,"13":1,"14":1,"15":1,"16":1,"17":1,"18":1,"19":1,"20":1,"21":1,"22":0,"23":0,"24":1,"25":1,"26":1,"27":0,"28":0,"29":1,"30":0,"31":0,"32":0,"33":1,"34":0,"35":0,"36":0,"37":1,"38":0,"39":1,"40":0,"41":0,"42":0,"43":1,"44":1},"f":{"0":1,"1":1,"2":0,"3":0,"4":0,"5":0,"6":0,"7":0,"8":0,"9":0,"10":0,"11":0,"12":0},"b":{"0":[1,0],"1":[1,1],"2":[0,1],"3":[0,0],"4":[0,0],"5":[0,0]}}
,"C:\\Users\\Amalia\\Documents\\Ama\\facultate\\ANUL2\\MPP\\archi-pro_frontend\\src\\api.ts": {"path":"C:\\Users\\Amalia\\Documents\\Ama\\facultate\\ANUL2\\MPP\\archi-pro_frontend\\src\\api.ts","statementMap":{"0":{"start":{"line":5,"column":0},"end":{"line":5,"column":7}},"1":{"start":{"line":16,"column":0},"end":{"line":16,"column":7}},"2":{"start":{"line":30,"column":0},"end":{"line":30,"column":7}},"3":{"start":{"line":39,"column":0},"end":{"line":39,"column":7}},"4":{"start":{"line":50,"column":0},"end":{"line":50,"column":7}},"5":{"start":{"line":64,"column":0},"end":{"line":64,"column":7}},"6":{"start":{"line":75,"column":0},"end":{"line":75,"column":7}},"7":{"start":{"line":86,"column":0},"end":{"line":86,"column":7}},"8":{"start":{"line":97,"column":0},"end":{"line":97,"column":7}},"9":{"start":{"line":108,"column":0},"end":{"line":108,"column":7}},"10":{"start":{"line":121,"column":0},"end":{"line":121,"column":7}},"11":{"start":{"line":135,"column":0},"end":{"line":135,"column":7}},"12":{"start":{"line":150,"column":0},"end":{"line":150,"column":7}},"13":{"start":{"line":162,"column":0},"end":{"line":162,"column":7}},"14":{"start":{"line":3,"column":13},"end":{"line":3,"column":52}},"15":{"start":{"line":6,"column":21},"end":{"line":9,"column":6}},"16":{"start":{"line":10,"column":4},"end":{"line":12,"column":5}},"17":{"start":{"line":11,"column":8},"end":{"line":11,"column":55}},"18":{"start":{"line":13,"column":4},"end":{"line":13,"column":33}},"19":{"start":{"line":17,"column":21},"end":{"line":23,"column":6}},"20":{"start":{"line":24,"column":4},"end":{"line":26,"column":5}},"21":{"start":{"line":25,"column":8},"end":{"line":25,"column":55}},"22":{"start":{"line":27,"column":4},"end":{"line":27,"column":33}},"23":{"start":{"line":31,"column":21},"end":{"line":33,"column":6}},"24":{"start":{"line":34,"column":4},"end":{"line":36,"column":5}},"25":{"start":{"line":35,"column":8},"end":{"line":35,"column":55}},"26":{"start":{"line":40,"column":21},"end":{"line":43,"column":6}},"27":{"start":{"line":44,"column":4},"end":{"line":46,"column":5}},"28":{"start":{"line":45,"column":8},"end":{"line":45,"column":55}},"29":{"start":{"line":47,"column":4},"end":{"line":47,"column":33}},"30":{"start":{"line":51,"column":21},"end":{"line":57,"column":6}},"31":{"start":{"line":58,"column":4},"end":{"line":60,"column":5}},"32":{"start":{"line":59,"column":8},"end":{"line":59,"column":55}},"33":{"start":{"line":61,"column":4},"end":{"line":61,"column":33}},"34":{"start":{"line":65,"column":21},"end":{"line":68,"column":6}},"35":{"start":{"line":69,"column":4},"end":{"line":71,"column":5}},"36":{"start":{"line":70,"column":8},"end":{"line":70,"column":55}},"37":{"start":{"line":72,"column":4},"end":{"line":72,"column":33}},"38":{"start":{"line":76,"column":21},"end":{"line":79,"column":6}},"39":{"start":{"line":80,"column":4},"end":{"line":82,"column":5}},"40":{"start":{"line":81,"column":8},"end":{"line":81,"column":55}},"41":{"start":{"line":83,"column":4},"end":{"line":83,"column":33}},"42":{"start":{"line":87,"column":21},"end":{"line":90,"column":6}},"43":{"start":{"line":91,"column":4},"end":{"line":93,"column":5}},"44":{"start":{"line":92,"column":8},"end":{"line":92,"column":55}},"45":{"start":{"line":94,"column":4},"end":{"line":94,"column":33}},"46":{"start":{"line":98,"column":21},"end":{"line":101,"column":6}},"47":{"start":{"line":102,"column":4},"end":{"line":104,"column":5}},"48":{"start":{"line":103,"column":8},"end":{"line":103,"column":55}},"49":{"start":{"line":105,"column":4},"end":{"line":105,"column":33}},"50":{"start":{"line":109,"column":4},"end":{"line":109,"column":45}},"51":{"start":{"line":110,"column":21},"end":{"line":113,"column":6}},"52":{"start":{"line":114,"column":4},"end":{"line":116,"column":5}},"53":{"start":{"line":115,"column":8},"end":{"line":115,"column":55}},"54":{"start":{"line":117,"column":4},"end":{"line":117,"column":33}},"55":{"start":{"line":125,"column":21},"end":{"line":128,"column":6}},"56":{"start":{"line":129,"column":4},"end":{"line":131,"column":5}},"57":{"start":{"line":130,"column":8},"end":{"line":130,"column":55}},"58":{"start":{"line":132,"column":4},"end":{"line":132,"column":33}},"59":{"start":{"line":136,"column":20},"end":{"line":142,"column":6}},"60":{"start":{"line":143,"column":4},"end":{"line":145,"column":5}},"61":{"start":{"line":144,"column":8},"end":{"line":144,"column":55}},"62":{"start":{"line":146,"column":4},"end":{"line":146,"column":33}},"63":{"start":{"line":151,"column":4},"end":{"line":151,"column":52}},"64":{"start":{"line":152,"column":21},"end":{"line":155,"column":6}},"65":{"start":{"line":156,"column":4},"end":{"line":158,"column":5}},"66":{"start":{"line":157,"column":8},"end":{"line":157,"column":55}},"67":{"start":{"line":159,"column":4},"end":{"line":159,"column":33}},"68":{"start":{"line":163,"column":4},"end":{"line":163,"column":52}},"69":{"start":{"line":164,"column":21},"end":{"line":167,"column":6}},"70":{"start":{"line":168,"column":4},"end":{"line":170,"column":5}},"71":{"start":{"line":169,"column":8},"end":{"line":169,"column":55}},"72":{"start":{"line":171,"column":4},"end":{"line":171,"column":33}}},"fnMap":{"0":{"name":"fetchProjects","decl":{"start":{"line":5,"column":22},"end":{"line":5,"column":35}},"loc":{"start":{"line":5,"column":48},"end":{"line":14,"column":1}}},"1":{"name":"saveProject","decl":{"start":{"line":16,"column":22},"end":{"line":16,"column":33}},"loc":{"start":{"line":16,"column":46},"end":{"line":28,"column":1}}},"2":{"name":"deleteProject","decl":{"start":{"line":30,"column":22},"end":{"line":30,"column":35}},"loc":{"start":{"line":30,"column":53},"end":{"line":37,"column":1}}},"3":{"name":"fetchProjectById","decl":{"start":{"line":39,"column":22},"end":{"line":39,"column":38}},"loc":{"start":{"line":39,"column":56},"end":{"line":48,"column":1}}},"4":{"name":"updateProject","decl":{"start":{"line":50,"column":22},"end":{"line":50,"column":35}},"loc":{"start":{"line":50,"column":71},"end":{"line":62,"column":1}}},"5":{"name":"getProjectsByCategory","decl":{"start":{"line":64,"column":22},"end":{"line":64,"column":43}},"loc":{"start":{"line":64,"column":43},"end":{"line":73,"column":1}}},"6":{"name":"getStageBottleneck","decl":{"start":{"line":75,"column":22},"end":{"line":75,"column":40}},"loc":{"start":{"line":75,"column":40},"end":{"line":84,"column":1}}},"7":{"name":"getStatusDistribution","decl":{"start":{"line":86,"column":22},"end":{"line":86,"column":43}},"loc":{"start":{"line":86,"column":43},"end":{"line":95,"column":1}}},"8":{"name":"getTopCompleted","decl":{"start":{"line":97,"column":22},"end":{"line":97,"column":37}},"loc":{"start":{"line":97,"column":37},"end":{"line":106,"column":1}}},"9":{"name":"getOverallStatistics","decl":{"start":{"line":108,"column":22},"end":{"line":108,"column":42}},"loc":{"start":{"line":108,"column":42},"end":{"line":118,"column":1}}},"10":{"name":"filterAndSearchProjects","decl":{"start":{"line":121,"column":22},"end":{"line":121,"column":45}},"loc":{"start":{"line":121,"column":96},"end":{"line":133,"column":1}}},"11":{"name":"syncQueuedActions","decl":{"start":{"line":135,"column":22},"end":{"line":135,"column":39}},"loc":{"start":{"line":135,"column":61},"end":{"line":147,"column":1}}},"12":{"name":"startFakeDataGeneration","decl":{"start":{"line":150,"column":22},"end":{"line":150,"column":45}},"loc":{"start":{"line":150,"column":45},"end":{"line":160,"column":1}}},"13":{"name":"stopFakeDataGeneration","decl":{"start":{"line":162,"column":22},"end":{"line":162,"column":44}},"loc":{"start":{"line":162,"column":44},"end":{"line":172,"column":1}}}},"branchMap":{"0":{"loc":{"start":{"line":10,"column":4},"end":{"line":12,"column":5}},"type":"if","locations":[{"start":{"line":10,"column":4},"end":{"line":12,"column":5}},{"start":{},"end":{}}]},"1":{"loc":{"start":{"line":24,"column":4},"end":{"line":26,"column":5}},"type":"if","locations":[{"start":{"line":24,"column":4},"end":{"line":26,"column":5}},{"start":{},"end":{}}]},"2":{"loc":{"start":{"line":34,"column":4},"end":{"line":36,"column":5}},"type":"if","locations":[{"start":{"line":34,"column":4},"end":{"line":36,"column":5}},{"start":{},"end":{}}]},"3":{"loc":{"start":{"line":44,"column":4},"end":{"line":46,"column":5}},"type":"if","locations":[{"start":{"line":44,"column":4},"end":{"line":46,"column":5}},{"start":{},"end":{}}]},"4":{"loc":{"start":{"line":58,"column":4},"end":{"line":60,"column":5}},"type":"if","locations":[{"start":{"line":58,"column":4},"end":{"line":60,"column":5}},{"start":{},"end":{}}]},"5":{"loc":{"start":{"line":69,"column":4},"end":{"line":71,"column":5}},"type":"if","locations":[{"start":{"line":69,"column":4},"end":{"line":71,"column":5}},{"start":{},"end":{}}]},"6":{"loc":{"start":{"line":80,"column":4},"end":{"line":82,"column":5}},"type":"if","locations":[{"start":{"line":80,"column":4},"end":{"line":82,"column":5}},{"start":{},"end":{}}]},"7":{"loc":{"start":{"line":91,"column":4},"end":{"line":93,"column":5}},"type":"if","locations":[{"start":{"line":91,"column":4},"end":{"line":93,"column":5}},{"start":{},"end":{}}]},"8":{"loc":{"start":{"line":102,"column":4},"end":{"line":104,"column":5}},"type":"if","locations":[{"start":{"line":102,"column":4},"end":{"line":104,"column":5}},{"start":{},"end":{}}]},"9":{"loc":{"start":{"line":114,"column":4},"end":{"line":116,"column":5}},"type":"if","locations":[{"start":{"line":114,"column":4},"end":{"line":116,"column":5}},{"start":{},"end":{}}]},"10":{"loc":{"start":{"line":125,"column":93},"end":{"line":125,"column":104}},"type":"binary-expr","locations":[{"start":{"line":125,"column":93},"end":{"line":125,"column":98}},{"start":{"line":125,"column":102},"end":{"line":125,"column":104}}]},"11":{"loc":{"start":{"line":125,"column":137},"end":{"line":125,"column":151}},"type":"binary-expr","locations":[{"start":{"line":125,"column":137},"end":{"line":125,"column":145}},{"start":{"line":125,"column":149},"end":{"line":125,"column":151}}]},"12":{"loc":{"start":{"line":125,"column":182},"end":{"line":125,"column":194}},"type":"binary-expr","locations":[{"start":{"line":125,"column":182},"end":{"line":125,"column":188}},{"start":{"line":125,"column":192},"end":{"line":125,"column":194}}]},"13":{"loc":{"start":{"line":129,"column":4},"end":{"line":131,"column":5}},"type":"if","locations":[{"start":{"line":129,"column":4},"end":{"line":131,"column":5}},{"start":{},"end":{}}]},"14":{"loc":{"start":{"line":143,"column":4},"end":{"line":145,"column":5}},"type":"if","locations":[{"start":{"line":143,"column":4},"end":{"line":145,"column":5}},{"start":{},"end":{}}]},"15":{"loc":{"start":{"line":156,"column":4},"end":{"line":158,"column":5}},"type":"if","locations":[{"start":{"line":156,"column":4},"end":{"line":158,"column":5}},{"start":{},"end":{}}]},"16":{"loc":{"start":{"line":168,"column":4},"end":{"line":170,"column":5}},"type":"if","locations":[{"start":{"line":168,"column":4},"end":{"line":170,"column":5}},{"start":{},"end":{}}]}},"s":{"0":6,"1":6,"2":6,"3":6,"4":6,"5":6,"6":6,"7":6,"8":6,"9":6,"10":6,"11":6,"12":6,"13":6,"14":6,"15":5,"16":0,"17":0,"18":0,"19":2,"20":0,"21":0,"22":0,"23":0,"24":0,"25":0,"26":15,"27":0,"28":0,"29":0,"30":0,"31":0,"32":0,"33":0,"34":0,"35":0,"36":0,"37":0,"38":0,"39":0,"40":0,"41":0,"42":0,"43":0,"44":0,"45":0,"46":0,"47":0,"48":0,"49":0,"50":0,"51":0,"52":0,"53":0,"54":0,"55":5,"56":0,"57":0,"58":0,"59":0,"60":0,"61":0,"62":0,"63":0,"64":0,"65":0,"66":0,"67":0,"68":0,"69":0,"70":0,"71":0,"72":0},"f":{"0":5,"1":2,"2":0,"3":15,"4":0,"5":0,"6":0,"7":0,"8":0,"9":0,"10":5,"11":0,"12":0,"13":0},"b":{"0":[0,0],"1":[0,0],"2":[0,0],"3":[0,0],"4":[0,0],"5":[0,0],"6":[0,0],"7":[0,0],"8":[0,0],"9":[0,0],"10":[0,0],"11":[0,0],"12":[0,0],"13":[0,0],"14":[0,0],"15":[0,0],"16":[0,0]}}
,"C:\\Users\\Amalia\\Documents\\Ama\\facultate\\ANUL2\\MPP\\archi-pro_frontend\\src\\animations\\FloorPlan.tsx": {"path":"C:\\Users\\Amalia\\Documents\\Ama\\facultate\\ANUL2\\MPP\\archi-pro_frontend\\src\\animations\\FloorPlan.tsx","statementMap":{"0":{"start":{"line":5,"column":0},"end":{"line":5,"column":16}},"1":{"start":{"line":210,"column":0},"end":{"line":210,"column":16}},"2":{"start":{"line":3,"column":0},"end":{"line":3,"column":39}},"3":{"start":{"line":4,"column":0},"end":{"line":4,"column":33}},"4":{"start":{"line":6,"column":2},"end":{"line":207,"column":4}},"5":{"start":{"line":211,"column":38},"end":{"line":211,"column":52}},"6":{"start":{"line":212,"column":24},"end":{"line":212,"column":28}},"7":{"start":{"line":213,"column":4},"end":{"line":246,"column":6}},"8":{"start":{"line":238,"column":10},"end":{"line":240,"column":34}},"9":{"start":{"line":239,"column":12},"end":{"line":239,"column":32}}},"fnMap":{"0":{"name":"FloorPlanDraw","decl":{"start":{"line":5,"column":16},"end":{"line":5,"column":29}},"loc":{"start":{"line":5,"column":29},"end":{"line":208,"column":1}}},"1":{"name":"FloorPlanOverlay","decl":{"start":{"line":210,"column":16},"end":{"line":210,"column":32}},"loc":{"start":{"line":210,"column":32},"end":{"line":247,"column":1}}},"2":{"name":"(anonymous_2)","decl":{"start":{"line":236,"column":29},"end":{"line":236,"column":32}},"loc":{"start":{"line":236,"column":34},"end":{"line":241,"column":9}}},"3":{"name":"(anonymous_3)","decl":{"start":{"line":238,"column":21},"end":{"line":238,"column":24}},"loc":{"start":{"line":238,"column":26},"end":{"line":240,"column":11}}}},"branchMap":{"0":{"loc":{"start":{"line":216,"column":32},"end":{"line":216,"column":49}},"type":"cond-expr","locations":[{"start":{"line":216,"column":44},"end":{"line":216,"column":45}},{"start":{"line":216,"column":48},"end":{"line":216,"column":49}}]},"1":{"loc":{"start":{"line":229,"column":23},"end":{"line":229,"column":50}},"type":"cond-expr","locations":[{"start":{"line":229,"column":35},"end":{"line":229,"column":41}},{"start":{"line":229,"column":44},"end":{"line":229,"column":50}}]}},"s":{"0":2,"1":2,"2":2,"3":2,"4":2,"5":2,"6":2,"7":2,"8":0,"9":0},"f":{"0":2,"1":2,"2":0,"3":0},"b":{"0":[2,0],"1":[2,0]}}
,"C:\\Users\\Amalia\\Documents\\Ama\\facultate\\ANUL2\\MPP\\archi-pro_frontend\\src\\animations\\RotatingCompass.tsx": {"path":"C:\\Users\\Amalia\\Documents\\Ama\\facultate\\ANUL2\\MPP\\archi-pro_frontend\\src\\animations\\RotatingCompass.tsx","statementMap":{"0":{"start":{"line":5,"column":0},"end":{"line":5,"column":16}},"1":{"start":{"line":3,"column":0},"end":{"line":3,"column":39}},"2":{"start":{"line":6,"column":2},"end":{"line":24,"column":4}}},"fnMap":{"0":{"name":"RotatingCompass","decl":{"start":{"line":5,"column":16},"end":{"line":5,"column":31}},"loc":{"start":{"line":5,"column":31},"end":{"line":25,"column":1}}}},"branchMap":{},"s":{"0":0,"1":0,"2":0},"f":{"0":0},"b":{}}
,"C:\\Users\\Amalia\\Documents\\Ama\\facultate\\ANUL2\\MPP\\archi-pro_frontend\\src\\components\\AddForm.tsx": {"path":"C:\\Users\\Amalia\\Documents\\Ama\\facultate\\ANUL2\\MPP\\archi-pro_frontend\\src\\components\\AddForm.tsx","statementMap":{"0":{"start":{"line":1,"column":0},"end":{"line":1,"column":23}},"1":{"start":{"line":2,"column":0},"end":{"line":2,"column":47}},"2":{"start":{"line":3,"column":0},"end":{"line":3,"column":38}},"3":{"start":{"line":4,"column":0},"end":{"line":4,"column":37}},"4":{"start":{"line":7,"column":0},"end":{"line":7,"column":74}},"5":{"start":{"line":11,"column":21},"end":{"line":11,"column":34}},"6":{"start":{"line":13,"column":21},"end":{"line":13,"column":39}},"7":{"start":{"line":15,"column":44},"end":{"line":15,"column":56}},"8":{"start":{"line":16,"column":50},"end":{"line":16,"column":62}},"9":{"start":{"line":17,"column":38},"end":{"line":17,"column":50}},"10":{"start":{"line":18,"column":34},"end":{"line":18,"column":46}},"11":{"start":{"line":19,"column":42},"end":{"line":19,"column":54}},"12":{"start":{"line":21,"column":32},"end":{"line":27,"column":6}},"13":{"start":{"line":29,"column":25},"end":{"line":65,"column":5}},"14":{"start":{"line":30,"column":20},"end":{"line":30,"column":24}},"15":{"start":{"line":31,"column":26},"end":{"line":37,"column":10}},"16":{"start":{"line":38,"column":8},"end":{"line":41,"column":9}},"17":{"start":{"line":39,"column":12},"end":{"line":39,"column":66}},"18":{"start":{"line":40,"column":12},"end":{"line":40,"column":26}},"19":{"start":{"line":42,"column":8},"end":{"line":45,"column":9}},"20":{"start":{"line":43,"column":12},"end":{"line":43,"column":64}},"21":{"start":{"line":44,"column":12},"end":{"line":44,"column":26}},"22":{"start":{"line":46,"column":8},"end":{"line":49,"column":9}},"23":{"start":{"line":47,"column":12},"end":{"line":47,"column":60}},"24":{"start":{"line":48,"column":12},"end":{"line":48,"column":26}},"25":{"start":{"line":50,"column":8},"end":{"line":53,"column":9}},"26":{"start":{"line":51,"column":12},"end":{"line":51,"column":56}},"27":{"start":{"line":52,"column":12},"end":{"line":52,"column":26}},"28":{"start":{"line":54,"column":8},"end":{"line":57,"column":9}},"29":{"start":{"line":55,"column":12},"end":{"line":55,"column":69}},"30":{"start":{"line":56,"column":12},"end":{"line":56,"column":26}},"31":{"start":{"line":58,"column":8},"end":{"line":61,"column":9}},"32":{"start":{"line":59,"column":12},"end":{"line":59,"column":63}},"33":{"start":{"line":60,"column":12},"end":{"line":60,"column":26}},"34":{"start":{"line":63,"column":8},"end":{"line":63,"column":29}},"35":{"start":{"line":64,"column":8},"end":{"line":64,"column":21}},"36":{"start":{"line":67,"column":29},"end":{"line":99,"column":5}},"37":{"start":{"line":68,"column":8},"end":{"line":68,"column":34}},"38":{"start":{"line":68,"column":15},"end":{"line":68,"column":34}},"39":{"start":{"line":69,"column":8},"end":{"line":71,"column":9}},"40":{"start":{"line":70,"column":12},"end":{"line":70,"column":19}},"41":{"start":{"line":73,"column":23},"end":{"line":80,"column":10}},"42":{"start":{"line":82,"column":8},"end":{"line":91,"column":9}},"43":{"start":{"line":83,"column":39},"end":{"line":86,"column":14}},"44":{"start":{"line":88,"column":8},"end":{"line":88,"column":31}},"45":{"start":{"line":89,"column":8},"end":{"line":89,"column":30}},"46":{"start":{"line":90,"column":8},"end":{"line":90,"column":15}},"47":{"start":{"line":92,"column":8},"end":{"line":97,"column":9}},"48":{"start":{"line":93,"column":27},"end":{"line":93,"column":47}},"49":{"start":{"line":94,"column":12},"end":{"line":94,"column":33}},"50":{"start":{"line":96,"column":12},"end":{"line":96,"column":58}},"51":{"start":{"line":98,"column":8},"end":{"line":98,"column":30}},"52":{"start":{"line":101,"column":25},"end":{"line":103,"column":5}},"53":{"start":{"line":102,"column":8},"end":{"line":102,"column":30}},"54":{"start":{"line":105,"column":4},"end":{"line":163,"column":6}},"55":{"start":{"line":113,"column":37},"end":{"line":113,"column":68}},"56":{"start":{"line":122,"column":37},"end":{"line":122,"column":71}},"57":{"start":{"line":131,"column":37},"end":{"line":131,"column":65}},"58":{"start":{"line":140,"column":37},"end":{"line":140,"column":63}},"59":{"start":{"line":149,"column":37},"end":{"line":149,"column":67}},"60":{"start":{"line":166,"column":0},"end":{"line":166,"column":23}}},"fnMap":{"0":{"name":"AddForm","decl":{"start":{"line":10,"column":9},"end":{"line":10,"column":16}},"loc":{"start":{"line":10,"column":75},"end":{"line":164,"column":1}}},"1":{"name":"(anonymous_1)","decl":{"start":{"line":29,"column":25},"end":{"line":29,"column":28}},"loc":{"start":{"line":29,"column":30},"end":{"line":65,"column":5}}},"2":{"name":"(anonymous_2)","decl":{"start":{"line":67,"column":29},"end":{"line":67,"column":30}},"loc":{"start":{"line":67,"column":53},"end":{"line":99,"column":5}}},"3":{"name":"(anonymous_3)","decl":{"start":{"line":101,"column":25},"end":{"line":101,"column":28}},"loc":{"start":{"line":101,"column":30},"end":{"line":103,"column":5}}},"4":{"name":"(anonymous_4)","decl":{"start":{"line":113,"column":30},"end":{"line":113,"column":31}},"loc":{"start":{"line":113,"column":37},"end":{"line":113,"column":68}}},"5":{"name":"(anonymous_5)","decl":{"start":{"line":122,"column":30},"end":{"line":122,"column":31}},"loc":{"start":{"line":122,"column":37},"end":{"line":122,"column":71}}},"6":{"name":"(anonymous_6)","decl":{"start":{"line":131,"column":30},"end":{"line":131,"column":31}},"loc":{"start":{"line":131,"column":37},"end":{"line":131,"column":65}}},"7":{"name":"(anonymous_7)","decl":{"start":{"line":140,"column":30},"end":{"line":140,"column":31}},"loc":{"start":{"line":140,"column":37},"end":{"line":140,"column":63}}},"8":{"name":"(anonymous_8)","decl":{"start":{"line":149,"column":30},"end":{"line":149,"column":31}},"loc":{"start":{"line":149,"column":37},"end":{"line":149,"column":67}}}},"branchMap":{"0":{"loc":{"start":{"line":38,"column":8},"end":{"line":41,"column":9}},"type":"if","locations":[{"start":{"line":38,"column":8},"end":{"line":41,"column":9}},{"start":{},"end":{}}]},"1":{"loc":{"start":{"line":42,"column":8},"end":{"line":45,"column":9}},"type":"if","locations":[{"start":{"line":42,"column":8},"end":{"line":45,"column":9}},{"start":{},"end":{}}]},"2":{"loc":{"start":{"line":46,"column":8},"end":{"line":49,"column":9}},"type":"if","locations":[{"start":{"line":46,"column":8},"end":{"line":49,"column":9}},{"start":{},"end":{}}]},"3":{"loc":{"start":{"line":50,"column":8},"end":{"line":53,"column":9}},"type":"if","locations":[{"start":{"line":50,"column":8},"end":{"line":53,"column":9}},{"start":{},"end":{}}]},"4":{"loc":{"start":{"line":54,"column":8},"end":{"line":57,"column":9}},"type":"if","locations":[{"start":{"line":54,"column":8},"end":{"line":57,"column":9}},{"start":{},"end":{}}]},"5":{"loc":{"start":{"line":54,"column":12},"end":{"line":54,"column":75}},"type":"binary-expr","locations":[{"start":{"line":54,"column":12},"end":{"line":54,"column":21}},{"start":{"line":54,"column":25},"end":{"line":54,"column":32}},{"start":{"line":54,"column":36},"end":{"line":54,"column":75}}]},"6":{"loc":{"start":{"line":58,"column":8},"end":{"line":61,"column":9}},"type":"if","locations":[{"start":{"line":58,"column":8},"end":{"line":61,"column":9}},{"start":{},"end":{}}]},"7":{"loc":{"start":{"line":68,"column":8},"end":{"line":68,"column":34}},"type":"if","locations":[{"start":{"line":68,"column":8},"end":{"line":68,"column":34}},{"start":{},"end":{}}]},"8":{"loc":{"start":{"line":69,"column":8},"end":{"line":71,"column":9}},"type":"if","locations":[{"start":{"line":69,"column":8},"end":{"line":71,"column":9}},{"start":{},"end":{}}]},"9":{"loc":{"start":{"line":82,"column":8},"end":{"line":91,"column":9}},"type":"if","locations":[{"start":{"line":82,"column":8},"end":{"line":91,"column":9}},{"start":{},"end":{}}]},"10":{"loc":{"start":{"line":115,"column":17},"end":{"line":115,"column":100}},"type":"binary-expr","locations":[{"start":{"line":115,"column":17},"end":{"line":115,"column":36}},{"start":{"line":115,"column":40},"end":{"line":115,"column":100}}]},"11":{"loc":{"start":{"line":124,"column":17},"end":{"line":124,"column":106}},"type":"binary-expr","locations":[{"start":{"line":124,"column":17},"end":{"line":124,"column":39}},{"start":{"line":124,"column":43},"end":{"line":124,"column":106}}]},"12":{"loc":{"start":{"line":133,"column":17},"end":{"line":133,"column":94}},"type":"binary-expr","locations":[{"start":{"line":133,"column":17},"end":{"line":133,"column":33}},{"start":{"line":133,"column":37},"end":{"line":133,"column":94}}]},"13":{"loc":{"start":{"line":142,"column":17},"end":{"line":142,"column":90}},"type":"binary-expr","locations":[{"start":{"line":142,"column":17},"end":{"line":142,"column":31}},{"start":{"line":142,"column":35},"end":{"line":142,"column":90}}]},"14":{"loc":{"start":{"line":151,"column":17},"end":{"line":151,"column":98}},"type":"binary-expr","locations":[{"start":{"line":151,"column":17},"end":{"line":151,"column":35}},{"start":{"line":151,"column":39},"end":{"line":151,"column":98}}]}},"s":{"0":3,"1":3,"2":3,"3":3,"4":3,"5":201,"6":201,"7":201,"8":201,"9":201,"10":201,"11":201,"12":201,"13":201,"14":6,"15":6,"16":6,"17":3,"18":3,"19":6,"20":3,"21":3,"22":6,"23":2,"24":2,"25":6,"26":2,"27":2,"28":6,"29":1,"30":1,"31":6,"32":3,"33":3,"34":6,"35":6,"36":201,"37":6,"38":6,"39":6,"40":4,"41":2,"42":2,"43":0,"44":0,"45":0,"46":0,"47":2,"48":2,"49":2,"50":0,"51":2,"52":201,"53":2,"54":201,"55":39,"56":36,"57":4,"58":4,"59":99,"60":3},"f":{"0":201,"1":6,"2":6,"3":2,"4":39,"5":36,"6":4,"7":4,"8":99},"b":{"0":[3,3],"1":[3,3],"2":[2,4],"3":[2,4],"4":[1,5],"5":[6,4,4],"6":[3,3],"7":[6,0],"8":[4,2],"9":[0,2],"10":[201,4],"11":[201,4],"12":[201,2],"13":[201,3],"14":[201,4]}}
,"C:\\Users\\Amalia\\Documents\\Ama\\facultate\\ANUL2\\MPP\\archi-pro_frontend\\src\\components\\EditForm.tsx": {"path":"C:\\Users\\Amalia\\Documents\\Ama\\facultate\\ANUL2\\MPP\\archi-pro_frontend\\src\\components\\EditForm.tsx","statementMap":{"0":{"start":{"line":3,"column":4},"end":{"line":3,"column":31}},"1":{"start":{"line":3,"column":21},"end":{"line":3,"column":31}},"2":{"start":{"line":4,"column":14},"end":{"line":4,"column":34}},"3":{"start":{"line":5,"column":4},"end":{"line":5,"column":38}},"4":{"start":{"line":5,"column":28},"end":{"line":5,"column":38}},"5":{"start":{"line":6,"column":4},"end":{"line":6,"column":40}},"6":{"start":{"line":8,"column":0},"end":{"line":8,"column":44}},"7":{"start":{"line":9,"column":0},"end":{"line":9,"column":24}},"8":{"start":{"line":10,"column":0},"end":{"line":10,"column":47}},"9":{"start":{"line":12,"column":0},"end":{"line":12,"column":77}},"10":{"start":{"line":13,"column":0},"end":{"line":13,"column":39}},"11":{"start":{"line":15,"column":0},"end":{"line":15,"column":74}},"12":{"start":{"line":19,"column":21},"end":{"line":19,"column":34}},"13":{"start":{"line":21,"column":21},"end":{"line":21,"column":39}},"14":{"start":{"line":23,"column":44},"end":{"line":23,"column":73}},"15":{"start":{"line":24,"column":50},"end":{"line":24,"column":93}},"16":{"start":{"line":25,"column":38},"end":{"line":25,"column":71}},"17":{"start":{"line":26,"column":34},"end":{"line":26,"column":65}},"18":{"start":{"line":27,"column":42},"end":{"line":27,"column":77}},"19":{"start":{"line":29,"column":33},"end":{"line":35,"column":6}},"20":{"start":{"line":37,"column":25},"end":{"line":73,"column":5}},"21":{"start":{"line":38,"column":20},"end":{"line":38,"column":24}},"22":{"start":{"line":39,"column":26},"end":{"line":45,"column":10}},"23":{"start":{"line":46,"column":8},"end":{"line":49,"column":9}},"24":{"start":{"line":47,"column":12},"end":{"line":47,"column":66}},"25":{"start":{"line":48,"column":12},"end":{"line":48,"column":26}},"26":{"start":{"line":50,"column":8},"end":{"line":53,"column":9}},"27":{"start":{"line":51,"column":12},"end":{"line":51,"column":64}},"28":{"start":{"line":52,"column":12},"end":{"line":52,"column":26}},"29":{"start":{"line":54,"column":8},"end":{"line":57,"column":9}},"30":{"start":{"line":55,"column":12},"end":{"line":55,"column":60}},"31":{"start":{"line":56,"column":12},"end":{"line":56,"column":26}},"32":{"start":{"line":58,"column":8},"end":{"line":61,"column":9}},"33":{"start":{"line":59,"column":12},"end":{"line":59,"column":56}},"34":{"start":{"line":60,"column":12},"end":{"line":60,"column":26}},"35":{"start":{"line":62,"column":8},"end":{"line":65,"column":9}},"36":{"start":{"line":63,"column":12},"end":{"line":63,"column":69}},"37":{"start":{"line":64,"column":12},"end":{"line":64,"column":26}},"38":{"start":{"line":66,"column":8},"end":{"line":69,"column":9}},"39":{"start":{"line":67,"column":12},"end":{"line":67,"column":63}},"40":{"start":{"line":68,"column":12},"end":{"line":68,"column":26}},"41":{"start":{"line":71,"column":8},"end":{"line":71,"column":29}},"42":{"start":{"line":72,"column":8},"end":{"line":72,"column":21}},"43":{"start":{"line":75,"column":30},"end":{"line":98,"column":5}},"44":{"start":{"line":76,"column":8},"end":{"line":76,"column":34}},"45":{"start":{"line":76,"column":15},"end":{"line":76,"column":34}},"46":{"start":{"line":77,"column":8},"end":{"line":79,"column":9}},"47":{"start":{"line":78,"column":12},"end":{"line":78,"column":19}},"48":{"start":{"line":80,"column":31},"end":{"line":85,"column":10}},"49":{"start":{"line":87,"column":8},"end":{"line":95,"column":9}},"50":{"start":{"line":88,"column":39},"end":{"line":91,"column":null}},"51":{"start":{"line":92,"column":12},"end":{"line":92,"column":35}},"52":{"start":{"line":93,"column":12},"end":{"line":93,"column":87}},"53":{"start":{"line":94,"column":12},"end":{"line":94,"column":19}},"54":{"start":{"line":96,"column":8},"end":{"line":96,"column":null}},"55":{"start":{"line":97,"column":8},"end":{"line":97,"column":83}},"56":{"start":{"line":100,"column":25},"end":{"line":102,"column":5}},"57":{"start":{"line":101,"column":8},"end":{"line":101,"column":76}},"58":{"start":{"line":104,"column":4},"end":{"line":139,"column":6}},"59":{"start":{"line":108,"column":111},"end":{"line":108,"column":142}},"60":{"start":{"line":112,"column":63},"end":{"line":112,"column":116}},"61":{"start":{"line":123,"column":113},"end":{"line":123,"column":141}},"62":{"start":{"line":127,"column":111},"end":{"line":127,"column":137}},"63":{"start":{"line":130,"column":112},"end":{"line":130,"column":142}},"64":{"start":{"line":142,"column":0},"end":{"line":142,"column":24}}},"fnMap":{"0":{"name":"toDateInputValue","decl":{"start":{"line":2,"column":9},"end":{"line":2,"column":25}},"loc":{"start":{"line":2,"column":44},"end":{"line":7,"column":1}}},"1":{"name":"EditForm","decl":{"start":{"line":18,"column":9},"end":{"line":18,"column":17}},"loc":{"start":{"line":18,"column":123},"end":{"line":140,"column":1}}},"2":{"name":"(anonymous_2)","decl":{"start":{"line":37,"column":25},"end":{"line":37,"column":28}},"loc":{"start":{"line":37,"column":30},"end":{"line":73,"column":5}}},"3":{"name":"(anonymous_3)","decl":{"start":{"line":75,"column":30},"end":{"line":75,"column":31}},"loc":{"start":{"line":75,"column":54},"end":{"line":98,"column":5}}},"4":{"name":"(anonymous_4)","decl":{"start":{"line":100,"column":25},"end":{"line":100,"column":28}},"loc":{"start":{"line":100,"column":30},"end":{"line":102,"column":5}}},"5":{"name":"(anonymous_5)","decl":{"start":{"line":108,"column":104},"end":{"line":108,"column":105}},"loc":{"start":{"line":108,"column":111},"end":{"line":108,"column":142}}},"6":{"name":"(anonymous_6)","decl":{"start":{"line":112,"column":58},"end":{"line":112,"column":59}},"loc":{"start":{"line":112,"column":63},"end":{"line":112,"column":116}}},"7":{"name":"(anonymous_7)","decl":{"start":{"line":123,"column":106},"end":{"line":123,"column":107}},"loc":{"start":{"line":123,"column":113},"end":{"line":123,"column":141}}},"8":{"name":"(anonymous_8)","decl":{"start":{"line":127,"column":104},"end":{"line":127,"column":105}},"loc":{"start":{"line":127,"column":111},"end":{"line":127,"column":137}}},"9":{"name":"(anonymous_9)","decl":{"start":{"line":130,"column":105},"end":{"line":130,"column":106}},"loc":{"start":{"line":130,"column":112},"end":{"line":130,"column":142}}}},"branchMap":{"0":{"loc":{"start":{"line":3,"column":4},"end":{"line":3,"column":31}},"type":"if","locations":[{"start":{"line":3,"column":4},"end":{"line":3,"column":31}},{"start":{},"end":{}}]},"1":{"loc":{"start":{"line":5,"column":4},"end":{"line":5,"column":38}},"type":"if","locations":[{"start":{"line":5,"column":4},"end":{"line":5,"column":38}},{"start":{},"end":{}}]},"2":{"loc":{"start":{"line":23,"column":53},"end":{"line":23,"column":72}},"type":"binary-expr","locations":[{"start":{"line":23,"column":53},"end":{"line":23,"column":66}},{"start":{"line":23,"column":70},"end":{"line":23,"column":72}}]},"3":{"loc":{"start":{"line":25,"column":47},"end":{"line":25,"column":70}},"type":"binary-expr","locations":[{"start":{"line":25,"column":47},"end":{"line":25,"column":64}},{"start":{"line":25,"column":68},"end":{"line":25,"column":70}}]},"4":{"loc":{"start":{"line":26,"column":43},"end":{"line":26,"column":64}},"type":"binary-expr","locations":[{"start":{"line":26,"column":43},"end":{"line":26,"column":58}},{"start":{"line":26,"column":62},"end":{"line":26,"column":64}}]},"5":{"loc":{"start":{"line":27,"column":51},"end":{"line":27,"column":76}},"type":"binary-expr","locations":[{"start":{"line":27,"column":51},"end":{"line":27,"column":70}},{"start":{"line":27,"column":74},"end":{"line":27,"column":76}}]},"6":{"loc":{"start":{"line":46,"column":8},"end":{"line":49,"column":9}},"type":"if","locations":[{"start":{"line":46,"column":8},"end":{"line":49,"column":9}},{"start":{},"end":{}}]},"7":{"loc":{"start":{"line":50,"column":8},"end":{"line":53,"column":9}},"type":"if","locations":[{"start":{"line":50,"column":8},"end":{"line":53,"column":9}},{"start":{},"end":{}}]},"8":{"loc":{"start":{"line":54,"column":8},"end":{"line":57,"column":9}},"type":"if","locations":[{"start":{"line":54,"column":8},"end":{"line":57,"column":9}},{"start":{},"end":{}}]},"9":{"loc":{"start":{"line":58,"column":8},"end":{"line":61,"column":9}},"type":"if","locations":[{"start":{"line":58,"column":8},"end":{"line":61,"column":9}},{"start":{},"end":{}}]},"10":{"loc":{"start":{"line":62,"column":8},"end":{"line":65,"column":9}},"type":"if","locations":[{"start":{"line":62,"column":8},"end":{"line":65,"column":9}},{"start":{},"end":{}}]},"11":{"loc":{"start":{"line":62,"column":12},"end":{"line":62,"column":75}},"type":"binary-expr","locations":[{"start":{"line":62,"column":12},"end":{"line":62,"column":21}},{"start":{"line":62,"column":25},"end":{"line":62,"column":32}},{"start":{"line":62,"column":36},"end":{"line":62,"column":75}}]},"12":{"loc":{"start":{"line":66,"column":8},"end":{"line":69,"column":9}},"type":"if","locations":[{"start":{"line":66,"column":8},"end":{"line":69,"column":9}},{"start":{},"end":{}}]},"13":{"loc":{"start":{"line":76,"column":8},"end":{"line":76,"column":34}},"type":"if","locations":[{"start":{"line":76,"column":8},"end":{"line":76,"column":34}},{"start":{},"end":{}}]},"14":{"loc":{"start":{"line":77,"column":8},"end":{"line":79,"column":9}},"type":"if","locations":[{"start":{"line":77,"column":8},"end":{"line":79,"column":9}},{"start":{},"end":{}}]},"15":{"loc":{"start":{"line":87,"column":8},"end":{"line":95,"column":9}},"type":"if","locations":[{"start":{"line":87,"column":8},"end":{"line":95,"column":9}},{"start":{},"end":{}}]},"16":{"loc":{"start":{"line":109,"column":17},"end":{"line":109,"column":100}},"type":"binary-expr","locations":[{"start":{"line":109,"column":17},"end":{"line":109,"column":36}},{"start":{"line":109,"column":40},"end":{"line":109,"column":100}}]},"17":{"loc":{"start":{"line":120,"column":17},"end":{"line":120,"column":106}},"type":"binary-expr","locations":[{"start":{"line":120,"column":17},"end":{"line":120,"column":39}},{"start":{"line":120,"column":43},"end":{"line":120,"column":106}}]},"18":{"loc":{"start":{"line":124,"column":17},"end":{"line":124,"column":94}},"type":"binary-expr","locations":[{"start":{"line":124,"column":17},"end":{"line":124,"column":33}},{"start":{"line":124,"column":37},"end":{"line":124,"column":94}}]},"19":{"loc":{"start":{"line":128,"column":17},"end":{"line":128,"column":90}},"type":"binary-expr","locations":[{"start":{"line":128,"column":17},"end":{"line":128,"column":31}},{"start":{"line":128,"column":35},"end":{"line":128,"column":90}}]},"20":{"loc":{"start":{"line":131,"column":17},"end":{"line":131,"column":98}},"type":"binary-expr","locations":[{"start":{"line":131,"column":17},"end":{"line":131,"column":35}},{"start":{"line":131,"column":39},"end":{"line":131,"column":98}}]}},"s":{"0":0,"1":0,"2":0,"3":0,"4":0,"5":0,"6":3,"7":3,"8":3,"9":3,"10":3,"11":3,"12":0,"13":0,"14":0,"15":0,"16":0,"17":0,"18":0,"19":0,"20":0,"21":0,"22":0,"23":0,"24":0,"25":0,"26":0,"27":0,"28":0,"29":0,"30":0,"31":0,"32":0,"33":0,"34":0,"35":0,"36":0,"37":0,"38":0,"39":0,"40":0,"41":0,"42":0,"43":0,"44":0,"45":0,"46":0,"47":0,"48":0,"49":0,"50":0,"51":0,"52":0,"53":0,"54":0,"55":0,"56":0,"57":0,"58":0,"59":0,"60":0,"61":0,"62":0,"63":0,"64":3},"f":{"0":0,"1":0,"2":0,"3":0,"4":0,"5":0,"6":0,"7":0,"8":0,"9":0},"b":{"0":[0,0],"1":[0,0],"2":[0,0],"3":[0,0],"4":[0,0],"5":[0,0],"6":[0,0],"7":[0,0],"8":[0,0],"9":[0,0],"10":[0,0],"11":[0,0,0],"12":[0,0],"13":[0,0],"14":[0,0],"15":[0,0],"16":[0,0],"17":[0,0],"18":[0,0],"19":[0,0],"20":[0,0]}}
,"C:\\Users\\Amalia\\Documents\\Ama\\facultate\\ANUL2\\MPP\\archi-pro_frontend\\src\\components\\Features.tsx": {"path":"C:\\Users\\Amalia\\Documents\\Ama\\facultate\\ANUL2\\MPP\\archi-pro_frontend\\src\\components\\Features.tsx","statementMap":{"0":{"start":{"line":1,"column":0},"end":{"line":1,"column":23}},"1":{"start":{"line":2,"column":0},"end":{"line":2,"column":53}},"2":{"start":{"line":3,"column":0},"end":{"line":3,"column":55}},"3":{"start":{"line":5,"column":4},"end":{"line":40,"column":null}},"4":{"start":{"line":43,"column":0},"end":{"line":43,"column":24}}},"fnMap":{"0":{"name":"Features","decl":{"start":{"line":4,"column":9},"end":{"line":4,"column":17}},"loc":{"start":{"line":4,"column":17},"end":{"line":41,"column":1}}}},"branchMap":{},"s":{"0":2,"1":2,"2":2,"3":2,"4":2},"f":{"0":2},"b":{}}
,"C:\\Users\\Amalia\\Documents\\Ama\\facultate\\ANUL2\\MPP\\archi-pro_frontend\\src\\components\\Hero.tsx": {"path":"C:\\Users\\Amalia\\Documents\\Ama\\facultate\\ANUL2\\MPP\\archi-pro_frontend\\src\\components\\Hero.tsx","statementMap":{"0":{"start":{"line":2,"column":0},"end":{"line":2,"column":19}},"1":{"start":{"line":3,"column":0},"end":{"line":3,"column":47}},"2":{"start":{"line":5,"column":21},"end":{"line":5,"column":34}},"3":{"start":{"line":7,"column":26},"end":{"line":9,"column":5}},"4":{"start":{"line":8,"column":8},"end":{"line":8,"column":30}},"5":{"start":{"line":10,"column":4},"end":{"line":15,"column":null}},"6":{"start":{"line":18,"column":0},"end":{"line":18,"column":20}}},"fnMap":{"0":{"name":"Hero","decl":{"start":{"line":4,"column":9},"end":{"line":4,"column":13}},"loc":{"start":{"line":4,"column":13},"end":{"line":16,"column":1}}},"1":{"name":"(anonymous_1)","decl":{"start":{"line":7,"column":26},"end":{"line":7,"column":29}},"loc":{"start":{"line":7,"column":31},"end":{"line":9,"column":5}}}},"branchMap":{},"s":{"0":2,"1":2,"2":2,"3":2,"4":0,"5":2,"6":2},"f":{"0":2,"1":0},"b":{}}
,"C:\\Users\\Amalia\\Documents\\Ama\\facultate\\ANUL2\\MPP\\archi-pro_frontend\\src\\components\\LoginForm.tsx": {"path":"C:\\Users\\Amalia\\Documents\\Ama\\facultate\\ANUL2\\MPP\\archi-pro_frontend\\src\\components\\LoginForm.tsx","statementMap":{"0":{"start":{"line":1,"column":0},"end":{"line":1,"column":33}},"1":{"start":{"line":2,"column":0},"end":{"line":2,"column":47}},"2":{"start":{"line":3,"column":0},"end":{"line":3,"column":25}},"3":{"start":{"line":6,"column":21},"end":{"line":6,"column":34}},"4":{"start":{"line":7,"column":30},"end":{"line":7,"column":42}},"5":{"start":{"line":8,"column":36},"end":{"line":8,"column":48}},"6":{"start":{"line":9,"column":32},"end":{"line":12,"column":6}},"7":{"start":{"line":13,"column":25},"end":{"line":35,"column":5}},"8":{"start":{"line":14,"column":20},"end":{"line":14,"column":24}},"9":{"start":{"line":15,"column":26},"end":{"line":18,"column":10}},"10":{"start":{"line":19,"column":8},"end":{"line":25,"column":9}},"11":{"start":{"line":20,"column":12},"end":{"line":20,"column":51}},"12":{"start":{"line":21,"column":12},"end":{"line":21,"column":26}},"13":{"start":{"line":22,"column":15},"end":{"line":25,"column":9}},"14":{"start":{"line":23,"column":12},"end":{"line":23,"column":50}},"15":{"start":{"line":24,"column":12},"end":{"line":24,"column":26}},"16":{"start":{"line":26,"column":8},"end":{"line":32,"column":9}},"17":{"start":{"line":27,"column":12},"end":{"line":27,"column":57}},"18":{"start":{"line":28,"column":12},"end":{"line":28,"column":26}},"19":{"start":{"line":29,"column":15},"end":{"line":32,"column":9}},"20":{"start":{"line":30,"column":12},"end":{"line":30,"column":75}},"21":{"start":{"line":31,"column":12},"end":{"line":31,"column":26}},"22":{"start":{"line":33,"column":8},"end":{"line":33,"column":29}},"23":{"start":{"line":34,"column":8},"end":{"line":34,"column":21}},"24":{"start":{"line":37,"column":24},"end":{"line":45,"column":5}},"25":{"start":{"line":38,"column":8},"end":{"line":38,"column":34}},"26":{"start":{"line":38,"column":15},"end":{"line":38,"column":34}},"27":{"start":{"line":39,"column":8},"end":{"line":44,"column":9}},"28":{"start":{"line":41,"column":12},"end":{"line":41,"column":65}},"29":{"start":{"line":42,"column":12},"end":{"line":42,"column":41}},"30":{"start":{"line":43,"column":12},"end":{"line":43,"column":34}},"31":{"start":{"line":46,"column":4},"end":{"line":78,"column":6}},"32":{"start":{"line":50,"column":60},"end":{"line":50,"column":81}},"33":{"start":{"line":59,"column":41},"end":{"line":59,"column":65}},"34":{"start":{"line":71,"column":41},"end":{"line":71,"column":68}},"35":{"start":{"line":81,"column":0},"end":{"line":81,"column":25}}},"fnMap":{"0":{"name":"LoginForm","decl":{"start":{"line":5,"column":9},"end":{"line":5,"column":18}},"loc":{"start":{"line":5,"column":97},"end":{"line":79,"column":1}}},"1":{"name":"(anonymous_1)","decl":{"start":{"line":13,"column":25},"end":{"line":13,"column":28}},"loc":{"start":{"line":13,"column":30},"end":{"line":35,"column":5}}},"2":{"name":"(anonymous_2)","decl":{"start":{"line":37,"column":24},"end":{"line":37,"column":25}},"loc":{"start":{"line":37,"column":48},"end":{"line":45,"column":5}}},"3":{"name":"(anonymous_3)","decl":{"start":{"line":50,"column":54},"end":{"line":50,"column":57}},"loc":{"start":{"line":50,"column":60},"end":{"line":50,"column":81}}},"4":{"name":"(anonymous_4)","decl":{"start":{"line":59,"column":34},"end":{"line":59,"column":35}},"loc":{"start":{"line":59,"column":41},"end":{"line":59,"column":65}}},"5":{"name":"(anonymous_5)","decl":{"start":{"line":71,"column":34},"end":{"line":71,"column":35}},"loc":{"start":{"line":71,"column":41},"end":{"line":71,"column":68}}}},"branchMap":{"0":{"loc":{"start":{"line":19,"column":8},"end":{"line":25,"column":9}},"type":"if","locations":[{"start":{"line":19,"column":8},"end":{"line":25,"column":9}},{"start":{"line":22,"column":15},"end":{"line":25,"column":9}}]},"1":{"loc":{"start":{"line":22,"column":15},"end":{"line":25,"column":9}},"type":"if","locations":[{"start":{"line":22,"column":15},"end":{"line":25,"column":9}},{"start":{},"end":{}}]},"2":{"loc":{"start":{"line":26,"column":8},"end":{"line":32,"column":9}},"type":"if","locations":[{"start":{"line":26,"column":8},"end":{"line":32,"column":9}},{"start":{"line":29,"column":15},"end":{"line":32,"column":9}}]},"3":{"loc":{"start":{"line":29,"column":15},"end":{"line":32,"column":9}},"type":"if","locations":[{"start":{"line":29,"column":15},"end":{"line":32,"column":9}},{"start":{},"end":{}}]},"4":{"loc":{"start":{"line":38,"column":8},"end":{"line":38,"column":34}},"type":"if","locations":[{"start":{"line":38,"column":8},"end":{"line":38,"column":34}},{"start":{},"end":{}}]},"5":{"loc":{"start":{"line":39,"column":8},"end":{"line":44,"column":9}},"type":"if","locations":[{"start":{"line":39,"column":8},"end":{"line":44,"column":9}},{"start":{},"end":{}}]},"6":{"loc":{"start":{"line":61,"column":21},"end":{"line":61,"column":82}},"type":"binary-expr","locations":[{"start":{"line":61,"column":21},"end":{"line":61,"column":33}},{"start":{"line":61,"column":37},"end":{"line":61,"column":82}}]},"7":{"loc":{"start":{"line":73,"column":21},"end":{"line":73,"column":88}},"type":"binary-expr","locations":[{"start":{"line":73,"column":21},"end":{"line":73,"column":36}},{"start":{"line":73,"column":40},"end":{"line":73,"column":88}}]}},"s":{"0":1,"1":1,"2":1,"3":0,"4":0,"5":0,"6":0,"7":0,"8":0,"9":0,"10":0,"11":0,"12":0,"13":0,"14":0,"15":0,"16":0,"17":0,"18":0,"19":0,"20":0,"21":0,"22":0,"23":0,"24":0,"25":0,"26":0,"27":0,"28":0,"29":0,"30":0,"31":0,"32":0,"33":0,"34":0,"35":1},"f":{"0":0,"1":0,"2":0,"3":0,"4":0,"5":0},"b":{"0":[0,0],"1":[0,0],"2":[0,0],"3":[0,0],"4":[0,0],"5":[0,0],"6":[0,0],"7":[0,0]}}
,"C:\\Users\\Amalia\\Documents\\Ama\\facultate\\ANUL2\\MPP\\archi-pro_frontend\\src\\components\\PaginatedProjectsTable.tsx": {"path":"C:\\Users\\Amalia\\Documents\\Ama\\facultate\\ANUL2\\MPP\\archi-pro_frontend\\src\\components\\PaginatedProjectsTable.tsx","statementMap":{"0":{"start":{"line":1,"column":0},"end":{"line":1,"column":57}},"1":{"start":{"line":3,"column":0},"end":{"line":3,"column":64}},"2":{"start":{"line":4,"column":0},"end":{"line":4,"column":38}},"3":{"start":{"line":5,"column":0},"end":{"line":5,"column":47}},"4":{"start":{"line":6,"column":0},"end":{"line":6,"column":50}},"5":{"start":{"line":7,"column":0},"end":{"line":7,"column":65}},"6":{"start":{"line":10,"column":24},"end":{"line":10,"column":25}},"7":{"start":{"line":11,"column":26},"end":{"line":11,"column":49}},"8":{"start":{"line":12,"column":40},"end":{"line":12,"column":51}},"9":{"start":{"line":13,"column":32},"end":{"line":13,"column":47}},"10":{"start":{"line":14,"column":38},"end":{"line":14,"column":50}},"11":{"start":{"line":15,"column":46},"end":{"line":15,"column":112}},"12":{"start":{"line":15,"column":61},"end":{"line":15,"column":111}},"13":{"start":{"line":16,"column":42},"end":{"line":16,"column":104}},"14":{"start":{"line":16,"column":57},"end":{"line":16,"column":103}},"15":{"start":{"line":18,"column":19},"end":{"line":18,"column":32}},"16":{"start":{"line":20,"column":2},"end":{"line":26,"column":8}},"17":{"start":{"line":23,"column":14},"end":{"line":23,"column":126}},"18":{"start":{"line":23,"column":85},"end":{"line":23,"column":126}},"19":{"start":{"line":24,"column":14},"end":{"line":24,"column":116}},"20":{"start":{"line":24,"column":79},"end":{"line":24,"column":116}},"21":{"start":{"line":27,"column":22},"end":{"line":29,"column":5}},"22":{"start":{"line":28,"column":8},"end":{"line":28,"column":67}},"23":{"start":{"line":31,"column":26},"end":{"line":41,"column":37}},"24":{"start":{"line":32,"column":4},"end":{"line":32,"column":21}},"25":{"start":{"line":33,"column":4},"end":{"line":40,"column":5}},"26":{"start":{"line":34,"column":21},"end":{"line":34,"column":53}},"27":{"start":{"line":35,"column":6},"end":{"line":35,"column":22}},"28":{"start":{"line":37,"column":6},"end":{"line":37,"column":55}},"29":{"start":{"line":39,"column":6},"end":{"line":39,"column":24}},"30":{"start":{"line":43,"column":2},"end":{"line":45,"column":24}},"31":{"start":{"line":44,"column":4},"end":{"line":44,"column":22}},"32":{"start":{"line":47,"column":22},"end":{"line":47,"column":24}},"33":{"start":{"line":48,"column":17},"end":{"line":48,"column":28}},"34":{"start":{"line":49,"column":2},"end":{"line":51,"column":3}},"35":{"start":{"line":50,"column":4},"end":{"line":50,"column":31}},"36":{"start":{"line":52,"column":2},"end":{"line":54,"column":3}},"37":{"start":{"line":52,"column":15},"end":{"line":52,"column":30}},"38":{"start":{"line":53,"column":4},"end":{"line":53,"column":36}},"39":{"start":{"line":53,"column":16},"end":{"line":53,"column":36}},"40":{"start":{"line":56,"column":19},"end":{"line":58,"column":3}},"41":{"start":{"line":57,"column":4},"end":{"line":57,"column":25}},"42":{"start":{"line":59,"column":23},"end":{"line":61,"column":3}},"43":{"start":{"line":60,"column":4},"end":{"line":60,"column":57}},"44":{"start":{"line":60,"column":25},"end":{"line":60,"column":57}},"45":{"start":{"line":62,"column":19},"end":{"line":66,"column":3}},"46":{"start":{"line":63,"column":4},"end":{"line":65,"column":5}},"47":{"start":{"line":64,"column":6},"end":{"line":64,"column":38}},"48":{"start":{"line":68,"column":26},"end":{"line":78,"column":5}},"49":{"start":{"line":69,"column":50},"end":{"line":76,"column":10}},"50":{"start":{"line":77,"column":8},"end":{"line":77,"column":33}},"51":{"start":{"line":80,"column":30},"end":{"line":93,"column":5}},"52":{"start":{"line":81,"column":52},"end":{"line":91,"column":10}},"53":{"start":{"line":92,"column":8},"end":{"line":92,"column":37}},"54":{"start":{"line":95,"column":4},"end":{"line":109,"column":50}},"55":{"start":{"line":96,"column":36},"end":{"line":107,"column":9}},"56":{"start":{"line":97,"column":12},"end":{"line":106,"column":13}},"57":{"start":{"line":98,"column":37},"end":{"line":98,"column":66}},"58":{"start":{"line":99,"column":39},"end":{"line":99,"column":72}},"59":{"start":{"line":100,"column":16},"end":{"line":103,"column":17}},"60":{"start":{"line":101,"column":45},"end":{"line":101,"column":115}},"61":{"start":{"line":102,"column":20},"end":{"line":102,"column":46}},"62":{"start":{"line":105,"column":16},"end":{"line":105,"column":66}},"63":{"start":{"line":108,"column":8},"end":{"line":108,"column":30}},"64":{"start":{"line":111,"column":2},"end":{"line":192,"column":4}},"65":{"start":{"line":119,"column":45},"end":{"line":119,"column":74}},"66":{"start":{"line":124,"column":143},"end":{"line":124,"column":176}},"67":{"start":{"line":131,"column":137},"end":{"line":131,"column":168}},"68":{"start":{"line":152,"column":12},"end":{"line":154,"column":null}},"69":{"start":{"line":156,"column":29},"end":{"line":156,"column":43}},"70":{"start":{"line":172,"column":12},"end":{"line":173,"column":null}},"71":{"start":{"line":175,"column":29},"end":{"line":175,"column":43}},"72":{"start":{"line":195,"column":0},"end":{"line":195,"column":38}}},"fnMap":{"0":{"name":"PaginatedProjectsTable","decl":{"start":{"line":9,"column":9},"end":{"line":9,"column":31}},"loc":{"start":{"line":9,"column":82},"end":{"line":193,"column":1}}},"1":{"name":"(anonymous_1)","decl":{"start":{"line":15,"column":55},"end":{"line":15,"column":58}},"loc":{"start":{"line":15,"column":61},"end":{"line":15,"column":111}}},"2":{"name":"(anonymous_2)","decl":{"start":{"line":16,"column":51},"end":{"line":16,"column":54}},"loc":{"start":{"line":16,"column":57},"end":{"line":16,"column":103}}},"3":{"name":"(anonymous_3)","decl":{"start":{"line":22,"column":10},"end":{"line":22,"column":16}},"loc":{"start":{"line":22,"column":19},"end":{"line":25,"column":11}}},"4":{"name":"(anonymous_4)","decl":{"start":{"line":27,"column":22},"end":{"line":27,"column":23}},"loc":{"start":{"line":27,"column":43},"end":{"line":29,"column":5}}},"5":{"name":"(anonymous_5)","decl":{"start":{"line":31,"column":38},"end":{"line":31,"column":43}},"loc":{"start":{"line":31,"column":49},"end":{"line":41,"column":3}}},"6":{"name":"(anonymous_6)","decl":{"start":{"line":43,"column":12},"end":{"line":43,"column":15}},"loc":{"start":{"line":43,"column":17},"end":{"line":45,"column":3}}},"7":{"name":"(anonymous_7)","decl":{"start":{"line":56,"column":19},"end":{"line":56,"column":20}},"loc":{"start":{"line":56,"column":36},"end":{"line":58,"column":3}}},"8":{"name":"(anonymous_8)","decl":{"start":{"line":59,"column":23},"end":{"line":59,"column":26}},"loc":{"start":{"line":59,"column":28},"end":{"line":61,"column":3}}},"9":{"name":"(anonymous_9)","decl":{"start":{"line":62,"column":19},"end":{"line":62,"column":22}},"loc":{"start":{"line":62,"column":24},"end":{"line":66,"column":3}}},"10":{"name":"(anonymous_10)","decl":{"start":{"line":68,"column":26},"end":{"line":68,"column":27}},"loc":{"start":{"line":68,"column":65},"end":{"line":78,"column":5}}},"11":{"name":"(anonymous_11)","decl":{"start":{"line":80,"column":30},"end":{"line":80,"column":31}},"loc":{"start":{"line":80,"column":71},"end":{"line":93,"column":5}}},"12":{"name":"(anonymous_12)","decl":{"start":{"line":95,"column":14},"end":{"line":95,"column":17}},"loc":{"start":{"line":95,"column":19},"end":{"line":109,"column":5}}},"13":{"name":"(anonymous_13)","decl":{"start":{"line":96,"column":36},"end":{"line":96,"column":41}},"loc":{"start":{"line":96,"column":47},"end":{"line":107,"column":9}}},"14":{"name":"(anonymous_14)","decl":{"start":{"line":119,"column":38},"end":{"line":119,"column":39}},"loc":{"start":{"line":119,"column":45},"end":{"line":119,"column":74}}},"15":{"name":"(anonymous_15)","decl":{"start":{"line":124,"column":136},"end":{"line":124,"column":137}},"loc":{"start":{"line":124,"column":143},"end":{"line":124,"column":176}}},"16":{"name":"(anonymous_16)","decl":{"start":{"line":131,"column":130},"end":{"line":131,"column":131}},"loc":{"start":{"line":131,"column":137},"end":{"line":131,"column":168}}},"17":{"name":"(anonymous_17)","decl":{"start":{"line":151,"column":19},"end":{"line":151,"column":20}},"loc":{"start":{"line":152,"column":12},"end":{"line":154,"column":null}}},"18":{"name":"(anonymous_18)","decl":{"start":{"line":156,"column":23},"end":{"line":156,"column":26}},"loc":{"start":{"line":156,"column":29},"end":{"line":156,"column":43}}},"19":{"name":"(anonymous_19)","decl":{"start":{"line":171,"column":27},"end":{"line":171,"column":28}},"loc":{"start":{"line":172,"column":12},"end":{"line":173,"column":null}}},"20":{"name":"(anonymous_20)","decl":{"start":{"line":175,"column":23},"end":{"line":175,"column":26}},"loc":{"start":{"line":175,"column":29},"end":{"line":175,"column":43}}}},"branchMap":{"0":{"loc":{"start":{"line":23,"column":14},"end":{"line":23,"column":126}},"type":"if","locations":[{"start":{"line":23,"column":14},"end":{"line":23,"column":126}},{"start":{},"end":{}}]},"1":{"loc":{"start":{"line":23,"column":18},"end":{"line":23,"column":83}},"type":"binary-expr","locations":[{"start":{"line":23,"column":18},"end":{"line":23,"column":39}},{"start":{"line":23,"column":43},"end":{"line":23,"column":83}}]},"2":{"loc":{"start":{"line":24,"column":14},"end":{"line":24,"column":116}},"type":"if","locations":[{"start":{"line":24,"column":14},"end":{"line":24,"column":116}},{"start":{},"end":{}}]},"3":{"loc":{"start":{"line":24,"column":18},"end":{"line":24,"column":77}},"type":"binary-expr","locations":[{"start":{"line":24,"column":18},"end":{"line":24,"column":37}},{"start":{"line":24,"column":41},"end":{"line":24,"column":77}}]},"4":{"loc":{"start":{"line":49,"column":2},"end":{"line":51,"column":3}},"type":"if","locations":[{"start":{"line":49,"column":2},"end":{"line":51,"column":3}},{"start":{},"end":{}}]},"5":{"loc":{"start":{"line":53,"column":4},"end":{"line":53,"column":36}},"type":"if","locations":[{"start":{"line":53,"column":4},"end":{"line":53,"column":36}},{"start":{},"end":{}}]},"6":{"loc":{"start":{"line":60,"column":4},"end":{"line":60,"column":57}},"type":"if","locations":[{"start":{"line":60,"column":4},"end":{"line":60,"column":57}},{"start":{},"end":{}}]},"7":{"loc":{"start":{"line":63,"column":4},"end":{"line":65,"column":5}},"type":"if","locations":[{"start":{"line":63,"column":4},"end":{"line":65,"column":5}},{"start":{},"end":{}}]},"8":{"loc":{"start":{"line":100,"column":16},"end":{"line":103,"column":17}},"type":"if","locations":[{"start":{"line":100,"column":16},"end":{"line":103,"column":17}},{"start":{},"end":{}}]},"9":{"loc":{"start":{"line":100,"column":20},"end":{"line":100,"column":99}},"type":"binary-expr","locations":[{"start":{"line":100,"column":20},"end":{"line":100,"column":46}},{"start":{"line":100,"column":50},"end":{"line":100,"column":78}},{"start":{"line":100,"column":82},"end":{"line":100,"column":99}}]},"10":{"loc":{"start":{"line":148,"column":9},"end":{"line":158,"column":null}},"type":"cond-expr","locations":[{"start":{"line":149,"column":10},"end":{"line":149,"column":31}},{"start":{"line":151,"column":10},"end":{"line":158,"column":12}}]},"11":{"loc":{"start":{"line":174,"column":46},"end":{"line":174,"column":85}},"type":"cond-expr","locations":[{"start":{"line":174,"column":69},"end":{"line":174,"column":80}},{"start":{"line":174,"column":83},"end":{"line":174,"column":85}}]}},"s":{"0":3,"1":3,"2":3,"3":3,"4":3,"5":3,"6":14,"7":14,"8":14,"9":14,"10":14,"11":14,"12":5,"13":14,"14":5,"15":14,"16":14,"17":5,"18":0,"19":5,"20":0,"21":14,"22":0,"23":14,"24":5,"25":5,"26":5,"27":0,"28":5,"29":5,"30":14,"31":5,"32":14,"33":14,"34":14,"35":0,"36":14,"37":14,"38":28,"39":14,"40":14,"41":0,"42":14,"43":0,"44":0,"45":14,"46":0,"47":0,"48":14,"49":5,"50":5,"51":14,"52":5,"53":5,"54":14,"55":5,"56":5,"57":5,"58":5,"59":5,"60":5,"61":0,"62":5,"63":5,"64":14,"65":0,"66":0,"67":0,"68":0,"69":0,"70":14,"71":0,"72":3},"f":{"0":14,"1":5,"2":5,"3":5,"4":0,"5":5,"6":5,"7":0,"8":0,"9":0,"10":5,"11":5,"12":5,"13":5,"14":0,"15":0,"16":0,"17":0,"18":0,"19":14,"20":0},"b":{"0":[0,5],"1":[5,5],"2":[0,5],"3":[5,5],"4":[0,14],"5":[14,14],"6":[0,0],"7":[0,0],"8":[5,0],"9":[5,0,0],"10":[5,9],"11":[14,0]}}
,"C:\\Users\\Amalia\\Documents\\Ama\\facultate\\ANUL2\\MPP\\archi-pro_frontend\\src\\components\\ProjectContext.tsx": {"path":"C:\\Users\\Amalia\\Documents\\Ama\\facultate\\ANUL2\\MPP\\archi-pro_frontend\\src\\components\\ProjectContext.tsx","statementMap":{"0":{"start":{"line":1,"column":0},"end":{"line":1,"column":71}},"1":{"start":{"line":2,"column":0},"end":{"line":2,"column":45}},"2":{"start":{"line":3,"column":0},"end":{"line":3,"column":38}},"3":{"start":{"line":4,"column":0},"end":{"line":4,"column":39}},"4":{"start":{"line":6,"column":23},"end":{"line":6,"column":47}},"5":{"start":{"line":7,"column":15},"end":{"line":9,"column":2}},"6":{"start":{"line":11,"column":32},"end":{"line":39,"column":1}},"7":{"start":{"line":12,"column":36},"end":{"line":12,"column":48}},"8":{"start":{"line":13,"column":4},"end":{"line":33,"column":11}},"9":{"start":{"line":14,"column":8},"end":{"line":25,"column":9}},"10":{"start":{"line":15,"column":12},"end":{"line":17,"column":15}},"11":{"start":{"line":16,"column":16},"end":{"line":16,"column":65}},"12":{"start":{"line":18,"column":12},"end":{"line":22,"column":15}},"13":{"start":{"line":19,"column":16},"end":{"line":19,"column":72}},"14":{"start":{"line":20,"column":40},"end":{"line":20,"column":62}},"15":{"start":{"line":21,"column":16},"end":{"line":21,"column":45}},"16":{"start":{"line":24,"column":12},"end":{"line":24,"column":65}},"17":{"start":{"line":26,"column":8},"end":{"line":32,"column":null}},"18":{"start":{"line":27,"column":12},"end":{"line":31,"column":13}},"19":{"start":{"line":28,"column":16},"end":{"line":28,"column":44}},"20":{"start":{"line":29,"column":16},"end":{"line":29,"column":44}},"21":{"start":{"line":30,"column":16},"end":{"line":30,"column":36}},"22":{"start":{"line":34,"column":4},"end":{"line":38,"column":null}},"23":{"start":{"line":11,"column":13},"end":{"line":11,"column":32}}},"fnMap":{"0":{"name":"(anonymous_0)","decl":{"start":{"line":11,"column":32},"end":{"line":11,"column":33}},"loc":{"start":{"line":11,"column":80},"end":{"line":39,"column":1}}},"1":{"name":"(anonymous_1)","decl":{"start":{"line":13,"column":14},"end":{"line":13,"column":17}},"loc":{"start":{"line":13,"column":19},"end":{"line":33,"column":5}}},"2":{"name":"(anonymous_2)","decl":{"start":{"line":15,"column":39},"end":{"line":15,"column":40}},"loc":{"start":{"line":15,"column":47},"end":{"line":17,"column":13}}},"3":{"name":"(anonymous_3)","decl":{"start":{"line":18,"column":39},"end":{"line":18,"column":44}},"loc":{"start":{"line":18,"column":50},"end":{"line":22,"column":13}}},"4":{"name":"(anonymous_4)","decl":{"start":{"line":26,"column":15},"end":{"line":26,"column":18}},"loc":{"start":{"line":26,"column":20},"end":{"line":32,"column":9}}}},"branchMap":{"0":{"loc":{"start":{"line":27,"column":12},"end":{"line":31,"column":13}},"type":"if","locations":[{"start":{"line":27,"column":12},"end":{"line":31,"column":13}},{"start":{},"end":{}}]}},"s":{"0":0,"1":0,"2":0,"3":0,"4":0,"5":0,"6":0,"7":0,"8":0,"9":0,"10":0,"11":0,"12":0,"13":0,"14":0,"15":0,"16":0,"17":0,"18":0,"19":0,"20":0,"21":0,"22":0,"23":0},"f":{"0":0,"1":0,"2":0,"3":0,"4":0},"b":{"0":[0,0]}}
,"C:\\Users\\Amalia\\Documents\\Ama\\facultate\\ANUL2\\MPP\\archi-pro_frontend\\src\\components\\ProjectRow.tsx": {"path":"C:\\Users\\Amalia\\Documents\\Ama\\facultate\\ANUL2\\MPP\\archi-pro_frontend\\src\\components\\ProjectRow.tsx","statementMap":{"0":{"start":{"line":2,"column":0},"end":{"line":2,"column":25}},"1":{"start":{"line":10,"column":20},"end":{"line":14,"column":10}},"2":{"start":{"line":11,"column":23},"end":{"line":11,"column":42}},"3":{"start":{"line":12,"column":8},"end":{"line":12,"column":51}},"4":{"start":{"line":12,"column":20},"end":{"line":12,"column":51}},"5":{"start":{"line":13,"column":8},"end":{"line":13,"column":19}},"6":{"start":{"line":15,"column":4},"end":{"line":15,"column":40}},"7":{"start":{"line":17,"column":14},"end":{"line":17,"column":46}},"8":{"start":{"line":21,"column":4},"end":{"line":35,"column":null}},"9":{"start":{"line":38,"column":0},"end":{"line":38,"column":26}}},"fnMap":{"0":{"name":"getCookieValue","decl":{"start":{"line":9,"column":9},"end":{"line":9,"column":23}},"loc":{"start":{"line":9,"column":57},"end":{"line":16,"column":1}}},"1":{"name":"(anonymous_1)","decl":{"start":{"line":10,"column":54},"end":{"line":10,"column":55}},"loc":{"start":{"line":10,"column":89},"end":{"line":14,"column":5}}},"2":{"name":"ProjectRow","decl":{"start":{"line":19,"column":9},"end":{"line":19,"column":19}},"loc":{"start":{"line":19,"column":57},"end":{"line":36,"column":1}}}},"branchMap":{"0":{"loc":{"start":{"line":12,"column":8},"end":{"line":12,"column":51}},"type":"if","locations":[{"start":{"line":12,"column":8},"end":{"line":12,"column":51}},{"start":{},"end":{}}]},"1":{"loc":{"start":{"line":12,"column":12},"end":{"line":12,"column":18}},"type":"binary-expr","locations":[{"start":{"line":12,"column":12},"end":{"line":12,"column":13}},{"start":{"line":12,"column":17},"end":{"line":12,"column":18}}]},"2":{"loc":{"start":{"line":15,"column":11},"end":{"line":15,"column":39}},"type":"binary-expr","locations":[{"start":{"line":15,"column":11},"end":{"line":15,"column":23}},{"start":{"line":15,"column":27},"end":{"line":15,"column":39}}]}},"s":{"0":3,"1":3,"2":3,"3":3,"4":0,"5":3,"6":3,"7":3,"8":0,"9":3},"f":{"0":3,"1":3,"2":0},"b":{"0":[0,3],"1":[3,0],"2":[3,3]}}
,"C:\\Users\\Amalia\\Documents\\Ama\\facultate\\ANUL2\\MPP\\archi-pro_frontend\\src\\components\\ProjectTopContainer.tsx": {"path":"C:\\Users\\Amalia\\Documents\\Ama\\facultate\\ANUL2\\MPP\\archi-pro_frontend\\src\\components\\ProjectTopContainer.tsx","statementMap":{"0":{"start":{"line":2,"column":0},"end":{"line":2,"column":47}},"1":{"start":{"line":3,"column":0},"end":{"line":3,"column":35}},"2":{"start":{"line":4,"column":0},"end":{"line":4,"column":50}},"3":{"start":{"line":16,"column":21},"end":{"line":16,"column":34}},"4":{"start":{"line":18,"column":24},"end":{"line":20,"column":5}},"5":{"start":{"line":19,"column":8},"end":{"line":19,"column":26}},"6":{"start":{"line":22,"column":23},"end":{"line":24,"column":5}},"7":{"start":{"line":23,"column":8},"end":{"line":23,"column":40}},"8":{"start":{"line":26,"column":4},"end":{"line":65,"column":6}},"9":{"start":{"line":68,"column":0},"end":{"line":68,"column":35}}},"fnMap":{"0":{"name":"ProjectTopContainer","decl":{"start":{"line":9,"column":9},"end":{"line":9,"column":28}},"loc":{"start":{"line":15,"column":1},"end":{"line":66,"column":1}}},"1":{"name":"(anonymous_1)","decl":{"start":{"line":18,"column":24},"end":{"line":18,"column":27}},"loc":{"start":{"line":18,"column":29},"end":{"line":20,"column":5}}},"2":{"name":"(anonymous_2)","decl":{"start":{"line":22,"column":23},"end":{"line":22,"column":26}},"loc":{"start":{"line":22,"column":28},"end":{"line":24,"column":5}}}},"branchMap":{},"s":{"0":3,"1":3,"2":3,"3":0,"4":0,"5":0,"6":0,"7":0,"8":0,"9":3},"f":{"0":0,"1":0,"2":0},"b":{}}
,"C:\\Users\\Amalia\\Documents\\Ama\\facultate\\ANUL2\\MPP\\archi-pro_frontend\\src\\components\\RegisterForm.tsx": {"path":"C:\\Users\\Amalia\\Documents\\Ama\\facultate\\ANUL2\\MPP\\archi-pro_frontend\\src\\components\\RegisterForm.tsx","statementMap":{"0":{"start":{"line":1,"column":0},"end":{"line":1,"column":33}},"1":{"start":{"line":2,"column":0},"end":{"line":2,"column":47}},"2":{"start":{"line":3,"column":0},"end":{"line":3,"column":28}},"3":{"start":{"line":7,"column":21},"end":{"line":7,"column":34}},"4":{"start":{"line":9,"column":36},"end":{"line":9,"column":48}},"5":{"start":{"line":10,"column":30},"end":{"line":10,"column":42}},"6":{"start":{"line":11,"column":36},"end":{"line":11,"column":48}},"7":{"start":{"line":13,"column":32},"end":{"line":17,"column":6}},"8":{"start":{"line":19,"column":25},"end":{"line":46,"column":5}},"9":{"start":{"line":20,"column":20},"end":{"line":20,"column":24}},"10":{"start":{"line":21,"column":26},"end":{"line":25,"column":10}},"11":{"start":{"line":26,"column":8},"end":{"line":29,"column":9}},"12":{"start":{"line":27,"column":12},"end":{"line":27,"column":57}},"13":{"start":{"line":28,"column":12},"end":{"line":28,"column":26}},"14":{"start":{"line":30,"column":8},"end":{"line":36,"column":9}},"15":{"start":{"line":31,"column":12},"end":{"line":31,"column":51}},"16":{"start":{"line":32,"column":12},"end":{"line":32,"column":26}},"17":{"start":{"line":33,"column":15},"end":{"line":36,"column":9}},"18":{"start":{"line":34,"column":12},"end":{"line":34,"column":50}},"19":{"start":{"line":35,"column":12},"end":{"line":35,"column":26}},"20":{"start":{"line":37,"column":8},"end":{"line":43,"column":9}},"21":{"start":{"line":38,"column":12},"end":{"line":38,"column":57}},"22":{"start":{"line":39,"column":12},"end":{"line":39,"column":26}},"23":{"start":{"line":40,"column":15},"end":{"line":43,"column":9}},"24":{"start":{"line":41,"column":12},"end":{"line":41,"column":75}},"25":{"start":{"line":42,"column":12},"end":{"line":42,"column":26}},"26":{"start":{"line":44,"column":8},"end":{"line":44,"column":29}},"27":{"start":{"line":45,"column":8},"end":{"line":45,"column":21}},"28":{"start":{"line":48,"column":27},"end":{"line":62,"column":5}},"29":{"start":{"line":49,"column":8},"end":{"line":49,"column":34}},"30":{"start":{"line":49,"column":15},"end":{"line":49,"column":34}},"31":{"start":{"line":50,"column":8},"end":{"line":61,"column":9}},"32":{"start":{"line":52,"column":34},"end":{"line":57,"column":14}},"33":{"start":{"line":58,"column":12},"end":{"line":58,"column":36}},"34":{"start":{"line":59,"column":12},"end":{"line":59,"column":53}},"35":{"start":{"line":60,"column":12},"end":{"line":60,"column":34}},"36":{"start":{"line":64,"column":4},"end":{"line":102,"column":6}},"37":{"start":{"line":75,"column":41},"end":{"line":75,"column":68}},"38":{"start":{"line":83,"column":41},"end":{"line":83,"column":65}},"39":{"start":{"line":92,"column":41},"end":{"line":92,"column":68}},"40":{"start":{"line":99,"column":62},"end":{"line":99,"column":80}},"41":{"start":{"line":105,"column":0},"end":{"line":105,"column":28}}},"fnMap":{"0":{"name":"RegisterForm","decl":{"start":{"line":6,"column":9},"end":{"line":6,"column":21}},"loc":{"start":{"line":6,"column":80},"end":{"line":103,"column":1}}},"1":{"name":"(anonymous_1)","decl":{"start":{"line":19,"column":25},"end":{"line":19,"column":28}},"loc":{"start":{"line":19,"column":30},"end":{"line":46,"column":5}}},"2":{"name":"(anonymous_2)","decl":{"start":{"line":48,"column":27},"end":{"line":48,"column":28}},"loc":{"start":{"line":48,"column":51},"end":{"line":62,"column":5}}},"3":{"name":"(anonymous_3)","decl":{"start":{"line":75,"column":34},"end":{"line":75,"column":35}},"loc":{"start":{"line":75,"column":41},"end":{"line":75,"column":68}}},"4":{"name":"(anonymous_4)","decl":{"start":{"line":83,"column":34},"end":{"line":83,"column":35}},"loc":{"start":{"line":83,"column":41},"end":{"line":83,"column":65}}},"5":{"name":"(anonymous_5)","decl":{"start":{"line":92,"column":34},"end":{"line":92,"column":35}},"loc":{"start":{"line":92,"column":41},"end":{"line":92,"column":68}}},"6":{"name":"(anonymous_6)","decl":{"start":{"line":99,"column":56},"end":{"line":99,"column":59}},"loc":{"start":{"line":99,"column":62},"end":{"line":99,"column":80}}}},"branchMap":{"0":{"loc":{"start":{"line":26,"column":8},"end":{"line":29,"column":9}},"type":"if","locations":[{"start":{"line":26,"column":8},"end":{"line":29,"column":9}},{"start":{},"end":{}}]},"1":{"loc":{"start":{"line":30,"column":8},"end":{"line":36,"column":9}},"type":"if","locations":[{"start":{"line":30,"column":8},"end":{"line":36,"column":9}},{"start":{"line":33,"column":15},"end":{"line":36,"column":9}}]},"2":{"loc":{"start":{"line":33,"column":15},"end":{"line":36,"column":9}},"type":"if","locations":[{"start":{"line":33,"column":15},"end":{"line":36,"column":9}},{"start":{},"end":{}}]},"3":{"loc":{"start":{"line":37,"column":8},"end":{"line":43,"column":9}},"type":"if","locations":[{"start":{"line":37,"column":8},"end":{"line":43,"column":9}},{"start":{"line":40,"column":15},"end":{"line":43,"column":9}}]},"4":{"loc":{"start":{"line":40,"column":15},"end":{"line":43,"column":9}},"type":"if","locations":[{"start":{"line":40,"column":15},"end":{"line":43,"column":9}},{"start":{},"end":{}}]},"5":{"loc":{"start":{"line":49,"column":8},"end":{"line":49,"column":34}},"type":"if","locations":[{"start":{"line":49,"column":8},"end":{"line":49,"column":34}},{"start":{},"end":{}}]},"6":{"loc":{"start":{"line":50,"column":8},"end":{"line":61,"column":9}},"type":"if","locations":[{"start":{"line":50,"column":8},"end":{"line":61,"column":9}},{"start":{},"end":{}}]},"7":{"loc":{"start":{"line":77,"column":21},"end":{"line":77,"column":88}},"type":"binary-expr","locations":[{"start":{"line":77,"column":21},"end":{"line":77,"column":36}},{"start":{"line":77,"column":40},"end":{"line":77,"column":88}}]},"8":{"loc":{"start":{"line":85,"column":21},"end":{"line":85,"column":82}},"type":"binary-expr","locations":[{"start":{"line":85,"column":21},"end":{"line":85,"column":33}},{"start":{"line":85,"column":37},"end":{"line":85,"column":82}}]},"9":{"loc":{"start":{"line":94,"column":21},"end":{"line":94,"column":88}},"type":"binary-expr","locations":[{"start":{"line":94,"column":21},"end":{"line":94,"column":36}},{"start":{"line":94,"column":40},"end":{"line":94,"column":88}}]}},"s":{"0":1,"1":1,"2":1,"3":0,"4":0,"5":0,"6":0,"7":0,"8":0,"9":0,"10":0,"11":0,"12":0,"13":0,"14":0,"15":0,"16":0,"17":0,"18":0,"19":0,"20":0,"21":0,"22":0,"23":0,"24":0,"25":0,"26":0,"27":0,"28":0,"29":0,"30":0,"31":0,"32":0,"33":0,"34":0,"35":0,"36":0,"37":0,"38":0,"39":0,"40":0,"41":1},"f":{"0":0,"1":0,"2":0,"3":0,"4":0,"5":0,"6":0},"b":{"0":[0,0],"1":[0,0],"2":[0,0],"3":[0,0],"4":[0,0],"5":[0,0],"6":[0,0],"7":[0,0],"8":[0,0],"9":[0,0]}}
,"C:\\Users\\Amalia\\Documents\\Ama\\facultate\\ANUL2\\MPP\\archi-pro_frontend\\src\\components\\SideBar.tsx": {"path":"C:\\Users\\Amalia\\Documents\\Ama\\facultate\\ANUL2\\MPP\\archi-pro_frontend\\src\\components\\SideBar.tsx","statementMap":{"0":{"start":{"line":1,"column":0},"end":{"line":1,"column":22}},"1":{"start":{"line":2,"column":0},"end":{"line":2,"column":33}},"2":{"start":{"line":3,"column":0},"end":{"line":3,"column":47}},"3":{"start":{"line":4,"column":0},"end":{"line":4,"column":48}},"4":{"start":{"line":10,"column":15},"end":{"line":10,"column":84}},"5":{"start":{"line":13,"column":42},"end":{"line":13,"column":56}},"6":{"start":{"line":14,"column":21},"end":{"line":14,"column":34}},"7":{"start":{"line":16,"column":26},"end":{"line":18,"column":5}},"8":{"start":{"line":17,"column":8},"end":{"line":17,"column":40}},"9":{"start":{"line":17,"column":33},"end":{"line":17,"column":38}},"10":{"start":{"line":20,"column":29},"end":{"line":33,"column":5}},"11":{"start":{"line":21,"column":8},"end":{"line":21,"column":31}},"12":{"start":{"line":21,"column":24},"end":{"line":21,"column":31}},"13":{"start":{"line":23,"column":8},"end":{"line":31,"column":9}},"14":{"start":{"line":24,"column":12},"end":{"line":24,"column":46}},"15":{"start":{"line":25,"column":15},"end":{"line":31,"column":9}},"16":{"start":{"line":26,"column":12},"end":{"line":26,"column":60}},"17":{"start":{"line":27,"column":15},"end":{"line":31,"column":9}},"18":{"start":{"line":28,"column":12},"end":{"line":28,"column":55}},"19":{"start":{"line":29,"column":15},"end":{"line":31,"column":9}},"20":{"start":{"line":30,"column":12},"end":{"line":30,"column":53}},"21":{"start":{"line":35,"column":4},"end":{"line":49,"column":6}},"22":{"start":{"line":41,"column":20},"end":{"line":41,"column":36}},"23":{"start":{"line":41,"column":51},"end":{"line":41,"column":74}},"24":{"start":{"line":42,"column":52},"end":{"line":42,"column":70}},"25":{"start":{"line":51,"column":0},"end":{"line":51,"column":23}}},"fnMap":{"0":{"name":"SideBar","decl":{"start":{"line":12,"column":9},"end":{"line":12,"column":16}},"loc":{"start":{"line":12,"column":44},"end":{"line":50,"column":1}}},"1":{"name":"(anonymous_1)","decl":{"start":{"line":16,"column":26},"end":{"line":16,"column":29}},"loc":{"start":{"line":16,"column":31},"end":{"line":18,"column":5}}},"2":{"name":"(anonymous_2)","decl":{"start":
[...]
,"C:\\Users\\Amalia\\Documents\\Ama\\facultate\\ANUL2\\MPP\\archi-pro_frontend\\src\\pages\\StatisticsPage.tsx": {"path":"C:\\Users\\Amalia\\Documents\\Ama\\facultate\\ANUL2\\MPP\\archi-pro_frontend\\src\\pages\\StatisticsPage.tsx","statementMap":{"0":{"start":{"line":1,"column":0},"end":{"line":1,"column":79}},"1":{"start":{"line":2,"column":0},"end":{"line":2,"column":73}},"2":{"start":{"line":3,"column":0},"end":{"line":3,"column":69}},"3":{"start":{"line":4,"column":0},"end":{"line":4,"column":79}},"4":{"start":{"line":5,"column":0},"end":{"line":5,"column":59}},"5":{"start":{"line":6,"column":0},"end":{"line":6,"column":30}},"6":{"start":{"line":9,"column":4},"end":{"line":23,"column":6}},"7":{"start":{"line":26,"column":0},"end":{"line":26,"column":30}}},"fnMap":{"0":{"name":"StatisticsPage","decl":{"start":{"line":8,"column":9},"end":{"line":8,"column":23}},"loc":{"start":{"line":8,"column":74},"end":{"line":24,"column":1}}}},"branchMap":{},"s":{"0":3,"1":3,"2":3,"3":3,"4":3,"5":3,"6":0,"7":3},"f":{"0":0},"b":{}}
,"C:\\Users\\Amalia\\Documents\\Ama\\facultate\\ANUL2\\MPP\\archi-pro_frontend\\src\\tests\\crud.spec.ts": {"path":"C:\\Users\\Amalia\\Documents\\Ama\\facultate\\ANUL2\\MPP\\archi-pro_frontend\\src\\tests\\crud.spec.ts","statementMap":{"0":{"start":{"line":2,"column":0},"end":{"line":2,"column":48}},"1":{"start":{"line":4,"column":16},"end":{"line":4,"column":39}},"2":{"start":{"line":6,"column":0},"end":{"line":66,"column":3}},"3":{"start":{"line":7,"column":2},"end":{"line":17,"column":5}},"4":{"start":{"line":8,"column":4},"end":{"line":8,"column":45}},"5":{"start":{"line":9,"column":4},"end":{"line":9,"column":84}},"6":{"start":{"line":10,"column":4},"end":{"line":10,"column":73}},"7":{"start":{"line":11,"column":4},"end":{"line":11,"column":84}},"8":{"start":{"line":12,"column":4},"end":{"line":12,"column":84}},"9":{"start":{"line":13,"column":4},"end":{"line":13,"column":90}},"10":{"start":{"line":14,"column":4},"end":{"line":14,"column":44}},"11":{"start":{"line":15,"column":4},"end":{"line":15,"column":56}},"12":{"start":{"line":16,"column":4},"end":{"line":16,"column":82}},"13":{"start":{"line":19,"column":2},"end":{"line":47,"column":5}},"14":{"start":{"line":20,"column":4},"end":{"line":20,"column":27}},"15":{"start":{"line":21,"column":4},"end":{"line":21,"column":78}},"16":{"start":{"line":24,"column":4},"end":{"line":24,"column":74}},"17":{"start":{"line":26,"column":23},"end":{"line":26,"column":64}},"18":{"start":{"line":27,"column":15},"end":{"line":27,"column":63}},"19":{"start":{"line":30,"column":4},"end":{"line":30,"column":80}},"20":{"start":{"line":33,"column":23},"end":{"line":33,"column":83}},"21":{"start":{"line":34,"column":4},"end":{"line":34,"column":49}},"22":{"start":{"line":37,"column":4},"end":{"line":37,"column":29}},"23":{"start":{"line":38,"column":4},"end":{"line":38,"column":49}},"24":{"start":{"line":41,"column":23},"end":{"line":41,"column":65}},"25":{"start":{"line":42,"column":4},"end":{"line":42,"column":48}},"26":{"start":{"line":43,"column":4},"end":{"line":43,"column":29}},"27":{"start":{"line":46,"column":4},"end":{"line":46,"column":66}},"28":{"start":{"line":49,"column":2},"end":{"line":64,"column":5}},"29":{"start":{"line":50,"column":4},"end":{"line":50,"column":43}},"30":{"start":{"line":51,"column":22},"end":{"line":51,"column":63}},"31":{"start":{"line":52,"column":25},"end":{"line":52,"column":87}},"32":{"start":{"line":53,"column":15},"end":{"line":53,"column":63}},"33":{"start":{"line":55,"column":4},"end":{"line":55,"column":60}},"34":{"start":{"line":56,"column":4},"end":{"line":56,"column":57}},"35":{"start":{"line":58,"column":4},"end":{"line":58,"column":50}},"36":{"start":{"line":59,"column":4},"end":{"line":59,"column":56}},"37":{"start":{"line":61,"column":23},"end":{"line":61,"column":64}},"38":{"start":{"line":62,"column":16},"end":{"line":62,"column":65}},"39":{"start":{"line":63,"column":4},"end":{"line":63,"column":29}}},"fnMap":{"0":{"name":"(anonymous_0)","decl":{"start":{"line":6,"column":38},"end":{"line":6,"column":41}},"loc":{"start":{"line":6,"column":43},"end":{"line":66,"column":1}}},"1":{"name":"(anonymous_1)","decl":{"start":{"line":7,"column":22},"end":{"line":7,"column":27}},"loc":{"start":{"line":7,"column":41},"end":{"line":17,"column":3}}},"2":{"name":"(anonymous_2)","decl":{"start":{"line":19,"column":23},"end":{"line":19,"column":28}},"loc":{"start":{"line":19,"column":42},"end":{"line":47,"column":3}}},"3":{"name":"(anonymous_3)","decl":{"start":{"line":49,"column":25},"end":{"line":49,"column":30}},"loc":{"start":{"line":49,"column":44},"end":{"line":64,"column":3}}}},"branchMap":{},"s":{"0":0,"1":0,"2":0,"3":0,"4":0,"5":0,"6":0,"7":0,"8":0,"9":0,"10":0,"11":0,"12":0,"13":0,"14":0,"15":0,"16":0,"17":0,"18":0,"19":0,"20":0,"21":0,"22":0,"23":0,"24":0,"25":0,"26":0,"27":0,"28":0,"29":0,"30":0,"31":0,"32":0,"33":0,"34":0,"35":0,"36":0,"37":0,"38":0,"39":0},"f":{"0":0,"1":0,"2":0,"3":0},"b":{}}
,"C:\\Users\\Amalia\\Documents\\Ama\\facultate\\ANUL2\\MPP\\archi-pro_frontend\\src\\utils\\cookies.ts": {"path":"C:\\Users\\Amalia\\Documents\\Ama\\facultate\\ANUL2\\MPP\\archi-pro_frontend\\src\\utils\\cookies.ts","statementMap":{"0":{"start":{"line":1,"column":0},"end":{"line":1,"column":16}},"1":{"start":{"line":2,"column":20},"end":{"line":6,"column":10}},"2":{"start":{"line":3,"column":23},"end":{"line":3,"column":42}},"3":{"start":{"line":4,"column":8},"end":{"line":4,"column":51}},"4":{"start":{"line":4,"column":20},"end":{"line":4,"column":51}},"5":{"start":{"line":5,"column":8},"end":{"line":5,"column":19}},"6":{"start":{"line":7,"column":4},"end":{"line":7,"column":40}}},"fnMap":{"0":{"name":"getCookieValue","decl":{"start":{"line":1,"column":16},"end":{"line":1,"column":30}},"loc":{"start":{"line":1,"column":64},"end":{"line":8,"column":1}}},"1":{"name":"(anonymous_1)","decl":{"start":{"line":2,"column":54},"end":{"line":2,"column":55}},"loc":{"start":{"line":2,"column":89},"end":{"line":6,"column":5}}}},"branchMap":{"0":{"loc":{"start":{"line":4,"column":8},"end":{"line":4,"column":51}},"type":"if","locations":[{"start":{"line":4,"column":8},"end":{"line":4,"column":51}},{"start":{},"end":{}}]},"1":{"loc":{"start":{"line":4,"column":12},"end":{"line":4,"column":18}},"type":"binary-expr","locations":[{"start":{"line":4,"column":12},"end":{"line":4,"column":13}},{"start":{"line":4,"column":17},"end":{"line":4,"column":18}}]},"2":{"loc":{"start":{"line":7,"column":11},"end":{"line":7,"column":39}},"type":"binary-expr","locations":[{"start":{"line":7,"column":11},"end":{"line":7,"column":23}},{"start":{"line":7,"column":27},"end":{"line":7,"column":39}}]}},"s":{"0":3,"1":16,"2":42,"3":42,"4":39,"5":42,"6":16},"f":{"0":16,"1":42},"b":{"0":[39,3],"1":[42,39],"2":[16,3]}}
,"C:\\Users\\Amalia\\Documents\\Ama\\facultate\\ANUL2\\MPP\\archi-pro_frontend\\src\\utils\\generateProject.ts": {"path":"C:\\Users\\Amalia\\Documents\\Ama\\facultate\\ANUL2\\MPP\\archi-pro_frontend\\src\\utils\\generateProject.ts","statementMap":{"0":{"start":{"line":4,"column":29},"end":{"line":17,"column":null}},"1":{"start":{"line":18,"column":4},"end":{"line":18,"column":19}},"2":{"start":{"line":22,"column":25},"end":{"line":29,"column":29}},"3":{"start":{"line":30,"column":24},"end":{"line":30,"column":71}},"4":{"start":{"line":31,"column":4},"end":{"line":31,"column":37}},"5":{"start":{"line":35,"column":28},"end":{"line":35,"column":63}},"6":{"start":{"line":36,"column":24},"end":{"line":36,"column":74}},"7":{"start":{"line":37,"column":4},"end":{"line":37,"column":40}},"8":{"start":{"line":41,"column":30},"end":{"line":41,"column":124}},"9":{"start":{"line":42,"column":24},"end":{"line":42,"column":76}},"10":{"start":{"line":43,"column":4},"end":{"line":43,"column":42}},"11":{"start":{"line":47,"column":4},"end":{"line":47,"column":43}},"12":{"start":{"line":51,"column":26},"end":{"line":51,"column":99}},"13":{"start":{"line":52,"column":24},"end":{"line":52,"column":72}},"14":{"start":{"line":53,"column":4},"end":{"line":53,"column":38}},"15":{"start":{"line":57,"column":18},"end":{"line":57,"column":38}},"16":{"start":{"line":58,"column":16},"end":{"line":58,"column":38}},"17":{"start":{"line":59,"column":4},"end":{"line":59,"column":110}},"18":{"start":{"line":63,"column":18},"end":{"line":63,"column":38}},"19":{"start":{"line":64,"column":16},"end":{"line":64,"column":38}},"20":{"start":{"line":65,"column":4},"end":{"line":65,"column":110}},"21":{"start":{"line":69,"column":4},"end":{"line":69,"column":43}},"22":{"start":{"line":73,"column":25},"end":{"line":77,"column":67}},"23":{"start":{"line":78,"column":24},"end":{"line":78,"column":71}},"24":{"start":{"line":79,"column":4},"end":{"line":79,"column":37}},"25":{"start":{"line":82,"column":0},"end":{"line":82,"column":31}}},"fnMap":{"0":{"name":"GenerateProject","decl":{"start":{"line":3,"column":9},"end":{"line":3,"column":24}},"loc":{"start":{"line":3,"column":24},"end":{"line":19,"column":1}}},"1":{"name":"chooseRandomProjectName","decl":{"start":{"line":21,"column":9},"end":{"line":21,"column":32}},"loc":{"start":{"line":21,"column":32},"end":{"line":32,"column":1}}},"2":{"name":"chooseRandomProjectStatus","decl":{"start":{"line":34,"column":9},"end":{"line":34,"column":34}},"loc":{"start":{"line":34,"column":34},"end":{"line":38,"column":1}}},"3":{"name":"chooseRandomProjectCategory","decl":{"start":{"line":40,"column":9},"end":{"line":40,"column":36}},"loc":{"start":{"line":40,"column":36},"end":{"line":44,"column":1}}},"4":{"name":"chooseRandomProjectProgress","decl":{"start":{"line":46,"column":9},"end":{"line":46,"column":36}},"loc":{"start":{"line":46,"column":36},"end":{"line":48,"column":1}}},"5":{"name":"chooseRandomProjectStage","decl":{"start":{"line":50,"column":9},"end":{"line":50,"column":33}},"loc":{"start":{"line":50,"column":33},"end":{"line":54,"column":1}}},"6":{"name":"chooseRandomProjectStartDate","decl":{"start":{"line":56,"column":9},"end":{"line":56,"column":37}},"loc":{"start":{"line":56,"column":37},"end":{"line":60,"column":1}}},"7":{"name":"chooseRandomProjectDueDate","decl":{"start":{"line":62,"column":9},"end":{"line":62,"column":35}},"loc":{"start":{"line":62,"column":35},"end":{"line":66,"column":1}}},"8":{"name":"chooseRandomWorkingHours","decl":{"start":{"line":68,"column":9},"end":{"line":68,"column":33}},"loc":{"start":{"line":68,"column":33},"end":{"line":70,"column":1}}},"9":{"name":"chooseRandomProjectDescription","decl":{"start":{"line":72,"column":9},"end":{"line":72,"column":39}},"loc":{"start":{"line":72,"column":39},"end":{"line":80,"column":1}}}},"branchMap":{},"s":{"0":0,"1":0,"2":0,"3":0,"4":0,"5":0,"6":0,"7":0,"8":0,"9":0,"10":0,"11":0,"12":0,"13":0,"14":0,"15":0,"16":0,"17":0,"18":0,"19":0,"20":0,"21":0,"22":0,"23":0,"24":0,"25":0},"f":{"0":0,"1":0,"2":0,"3":0,"4":0,"5":0,"6":0,"7":0,"8":0,"9":0},"b":{}}
,"C:\\Users\\Amalia\\Documents\\Ama\\facultate\\ANUL2\\MPP\\archi-pro_frontend\\src\\utils\\timeTracking.ts": {"path":"C:\\Users\\Amalia\\Documents\\Ama\\facultate\\ANUL2\\MPP\\archi-pro_frontend\\src\\utils\\timeTracking.ts","statementMap":{"0":{"start":{"line":16,"column":0},"end":{"line":16,"column":16}},"1":{"start":{"line":28,"column":0},"end":{"line":28,"column":16}},"2":{"start":{"line":37,"column":0},"end":{"line":37,"column":16}},"3":{"start":{"line":70,"column":0},"end":{"line":70,"column":16}},"4":{"start":{"line":89,"column":0},"end":{"line":89,"column":16}},"5":{"start":{"line":97,"column":0},"end":{"line":97,"column":16}},"6":{"start":{"line":109,"column":0},"end":{"line":109,"column":16}},"7":{"start":{"line":6,"column":26},"end":{"line":6,"column":47}},"8":{"start":{"line":7,"column":26},"end":{"line":7,"column":44}},"9":{"start":{"line":17,"column":15},"end":{"line":17,"column":54}},"10":{"start":{"line":18,"column":2},"end":{"line":18,"column":22}},"11":{"start":{"line":18,"column":13},"end":{"line":18,"column":22}},"12":{"start":{"line":20,"column":37},"end":{"line":20,"column":53}},"13":{"start":{"line":21,"column":2},"end":{"line":21,"column":34}},"14":{"start":{"line":30,"column":2},"end":{"line":30,"column":95}},"15":{"start":{"line":38,"column":21},"end":{"line":38,"column":56}},"16":{"start":{"line":39,"column":20},"end":{"line":39,"column":54}},"17":{"start":{"line":41,"column":2},"end":{"line":41,"column":25}},"18":{"start":{"line":41,"column":18},"end":{"line":41,"column":25}},"19":{"start":{"line":43,"column":18},"end":{"line":43,"column":38}},"20":{"start":{"line":44,"column":22},"end":{"line":44,"column":55}},"21":{"start":{"line":45,"column":27},"end":{"line":45,"column":57}},"22":{"start":{"line":47,"column":2},"end":{"line":49,"column":3}},"23":{"start":{"line":48,"column":4},"end":{"line":48,"column":50}},"24":{"start":{"line":52,"column":2},"end":{"line":52,"column":40}},"25":{"start":{"line":59,"column":15},"end":{"line":59,"column":54}},"26":{"start":{"line":60,"column":37},"end":{"line":60,"column":65}},"27":{"start":{"line":62,"column":2},"end":{"line":62,"column":61}},"28":{"start":{"line":63,"column":2},"end":{"line":63,"column":68}},"29":{"start":{"line":71,"column":2},"end":{"line":71,"column":33}},"30":{"start":{"line":71,"column":21},"end":{"line":71,"column":33}},"31":{"start":{"line":73,"column":16},"end":{"line":73,"column":42}},"32":{"start":{"line":74,"column":18},"end":{"line":74,"column":51}},"33":{"start":{"line":75,"column":15},"end":{"line":75,"column":27}},"34":{"start":{"line":77,"column":26},"end":{"line":77,"column":28}},"35":{"start":{"line":79,"column":2},"end":{"line":79,"column":41}},"36":{"start":{"line":79,"column":17},"end":{"line":79,"column":41}},"37":{"start":{"line":80,"column":2},"end":{"line":80,"column":45}},"38":{"start":{"line":80,"column":19},"end":{"line":80,"column":45}},"39":{"start":{"line":81,"column":2},"end":{"line":81,"column":39}},"40":{"start":{"line":81,"column":16},"end":{"line":81,"column":39}},"41":{"start":{"line":83,"column":2},"end":{"line":83,"column":25}},"42":{"start":{"line":90,"column":15},"end":{"line":90,"column":54}},"43":{"start":{"line":91,"column":2},"end":{"line":91,"column":38}},"44":{"start":{"line":98,"column":15},"end":{"line":98,"column":54}},"45":{"start":{"line":99,"column":2},"end":{"line":99,"column":20}},"46":{"start":{"line":99,"column":13},"end":{"line":99,"column":20}},"47":{"start":{"line":101,"column":37},"end":{"line":101,"column":53}},"48":{"start":{"line":102,"column":2},"end":{"line":102,"column":29}},"49":{"start":{"line":103,"column":2},"end":{"line":103,"column":68}},"50":{"start":{"line":110,"column":2},"end":{"line":110,"column":45}}},"fnMap":{"0":{"name":"getProjectTimeSpent","decl":{"start":{"line":16,"column":16},"end":{"line":16,"column":35}},"loc":{"start":{"line":16,"column":53},"end":{"line":22,"column":1}}},"1":{"name":"startTimeTracking","decl":{"start":{"line":28,"column":16},"end":{"line":28,"column":33}},"loc":{"start":{"line":28,"column":51},"end":{"line":31,"column":1}}},"2":{"name":"stopTimeTracking","decl":{"start":{"line":37,"column":16},"end":{"line":37,"column":32}},"loc":{"start":{"line":37,"column":50},"end":{"line":53,"column":1}}},"3":{"name":"addTimeToProject","decl":{"start":{"line":58,"column":9},"end":{"line":58,"column":25}},"loc":{"start":{"line":58,"column":60},"end":{"line":64,"column":1}}},"4":{"name":"formatTimeSpent","decl":{"start":{"line":70,"column":16},"end":{"line":70,"column":31}},"loc":{"start":{"line":70,"column":47},"end":{"line":84,"column":1}}},"5":{"name":"getAllTimeTrackingData","decl":{"start":{"line":89,"column":16},"end":{"line":89,"column":38}},"loc":{"start":{"line":89,"column":38},"end":{"line":92,"column":1}}},"6":{"name":"resetProjectTime","decl":{"start":{"line":97,"column":16},"end":{"line":97,"column":32}},"loc":{"start":{"line":97,"column":50},"end":{"line":104,"column":1}}},"7":{"name":"resetAllTimeTracking","decl":{"start":{"line":109,"column":16},"end":{"line":109,"column":36}},"loc":{"start":{"line":109,"column":36},"end":{"line":111,"column":1}}}},"branchMap":{"0":{"loc":{"start":{"line":18,"column":2},"end":{"line":18,"column":22}},"type":"if","locations":[{"start":{"line":18,"column":2},"end":{"line":18,"column":22}},{"start":{},"end":{}}]},"1":{"loc":{"start":{"line":21,"column":9},"end":{"line":21,"column":33}},"type":"binary-expr","locations":[{"start":{"line":21,"column":9},"end":{"line":21,"column":28}},{"start":{"line":21,"column":32},"end":{"line":21,"column":33}}]},"2":{"loc":{"start":{"line":41,"column":2},"end":{"line":41,"column":25}},"type":"if","locations":[{"start":{"line":41,"column":2},"end":{"line":41,"column":25}},{"start":{},"end":{}}]},"3":{"loc":{"start":{"line":47,"column":2},"end":{"line":49,"column":3}},"type":"if","locations":[{"start":{"line":47,"column":2},"end":{"line":49,"column":3}},{"start":{},"end":{}}]},"4":{"loc":{"start":{"line":60,"column":37},"end":{"line":60,"column":65}},"type":"cond-expr","locations":[{"start":{"line":60,"column":44},"end":{"line":60,"column":60}},{"start":{"line":60,"column":63},"end":{"line":60,"column":65}}]},"5":{"loc":{"start":{"line":62,"column":25},"end":{"line":62,"column":49}},"type":"binary-expr","locations":[{"start":{"line":62,"column":25},"end":{"line":62,"column":44}},{"start":{"line":62,"column":48},"end":{"line":62,"column":49}}]},"6":{"loc":{"start":{"line":71,"column":2},"end":{"line":71,"column":33}},"type":"if","locations":[{"start":{"line":71,"column":2},"end":{"line":71,"column":33}},{"start":{},"end":{}}]},"7":{"loc":{"start":{"line":79,"column":2},"end":{"line":79,"column":41}},"type":"if","locations":[{"start":{"line":79,"column":2},"end":{"line":79,"column":41}},{"start":{},"end":{}}]},"8":{"loc":{"start":{"line":80,"column":2},"end":{"line":80,"column":45}},"type":"if","locations":[{"start":{"line":80,"column":2},"end":{"line":80,"column":45}},{"start":{},"end":{}}]},"9":{"loc":{"start":{"line":81,"column":2},"end":{"line":81,"column":39}},"type":"if","locations":[{"start":{"line":81,"column":2},"end":{"line":81,"column":39}},{"start":{},"end":{}}]},"10":{"loc":{"start":{"line":91,"column":9},"end":{"line":91,"column":37}},"type":"cond-expr","locations":[{"start":{"line":91,"column":16},"end":{"line":91,"column":32}},{"start":{"line":91,"column":35},"end":{"line":91,"column":37}}]},"11":{"loc":{"start":{"line":99,"column":2},"end":{"line":99,"column":20}},"type":"if","locations":[{"start":{"line":99,"column":2},"end":{"line":99,"column":20}},{"start":{},"end":{}}]}},"s":{"0":3,"1":3,"2":3,"3":3,"4":3,"5":3,"6":3,"7":3,"8":3,"9":0,"10":0,"11":0,"12":0,"13":0,"14":5,"15":5,"16":5,"17":5,"18":0,"19":5,"20":5,"21":5,"22":5,"23":0,"24":5,"25":0,"26":0,"27":0,"28":0,"29":0,"30":0,"31":0,"32":0,"33":0,"34":0,"35":0,"36":0,"37":0,"38":0,"39":0,"40":0,"41":0,"42":0,"43":0,"44":0,"45":0,"46":0,"47":0,"48":0,"49":0,"50":0},"f":{"0":0,"1":5,"2":5,"3":0,"4":0,"5":0,"6":0,"7":0},"b":{"0":[0,0],"1":[0,0],"2":[0,5],"3":[0,5],"4":[0,0],"5":[0,0],"6":[0,0],"7":[0,0],"8":[0,0],"9":[0,0],"10":[0,0],"11":[0,0]}}
}
