TN:
SF:src\App.tsx
FN:21,App
FN:24,(anonymous_1)
FN:102,(anonymous_2)
FN:103,(anonymous_3)
FN:106,(anonymous_4)
FN:107,(anonymous_5)
FN:107,(anonymous_6)
FN:110,(anonymous_7)
FN:111,(anonymous_8)
FN:112,(anonymous_9)
FN:118,(anonymous_10)
FN:122,(anonymous_11)
FN:123,(anonymous_12)
FNF:13
FNH:2
FNDA:1,App
FNDA:1,(anonymous_1)
FNDA:0,(anonymous_2)
FNDA:0,(anonymous_3)
FNDA:0,(anonymous_4)
FNDA:0,(anonymous_5)
FNDA:0,(anonymous_6)
FNDA:0,(anonymous_7)
FNDA:0,(anonymous_8)
FNDA:0,(anonymous_9)
FNDA:0,(anonymous_10)
FNDA:0,(anonymous_11)
FNDA:0,(anonymous_12)
DA:1,1
DA:2,1
DA:3,1
DA:4,1
DA:5,1
DA:7,1
DA:8,1
DA:9,1
DA:10,1
DA:11,1
DA:14,1
DA:15,1
DA:16,1
DA:17,1
DA:18,1
DA:19,1
DA:22,1
DA:24,1
DA:25,1
DA:26,1
DA:27,1
DA:28,1
DA:29,0
DA:30,0
DA:34,1
DA:35,1
DA:102,1
DA:103,0
DA:106,1
DA:107,0
DA:110,1
DA:111,0
DA:112,0
DA:113,0
DA:118,1
DA:119,0
DA:122,1
DA:123,0
DA:124,0
DA:127,1
DA:144,1
LF:41
LH:31
BRDA:25,0,0,1
BRDA:25,0,1,0
BRDA:27,1,0,1
BRDA:27,1,1,1
BRDA:28,2,0,0
BRDA:28,2,1,1
BRDA:113,3,0,0
BRDA:113,3,1,0
BRDA:123,4,0,0
BRDA:123,4,1,0
BRDA:124,5,0,0
BRDA:124,5,1,0
BRF:12
BRH:4
end_of_record
TN:
SF:src\api.ts
FN:5,fetchProjects
FN:16,saveProject
FN:30,deleteProject
FN:39,fetchProjectById
FN:50,updateProject
FN:64,getProjectsByCategory
FN:75,getStageBottleneck
FN:86,getStatusDistribution
FN:97,getTopCompleted
FN:108,getOverallStatistics
FN:121,filterAndSearchProjects
FN:135,syncQueuedActions
FN:150,startFakeDataGeneration
FN:162,stopFakeDataGeneration
FNF:14
FNH:4
FNDA:5,fetchProjects
FNDA:2,saveProject
FNDA:0,deleteProject
FNDA:15,fetchProjectById
FNDA:0,updateProject
FNDA:0,getProjectsByCategory
FNDA:0,getStageBottleneck
FNDA:0,getStatusDistribution
FNDA:0,getTopCompleted
FNDA:0,getOverallStatistics
FNDA:5,filterAndSearchProjects
FNDA:0,syncQueuedActions
FNDA:0,startFakeDataGeneration
FNDA:0,stopFakeDataGeneration
DA:3,6
DA:5,6
DA:6,5
DA:10,0
DA:11,0
DA:13,0
DA:16,6
DA:17,2
DA:24,0
DA:25,0
DA:27,0
DA:30,6
DA:31,0
DA:34,0
DA:35,0
DA:39,6
DA:40,15
DA:44,0
DA:45,0
DA:47,0
DA:50,6
DA:51,0
DA:58,0
DA:59,0
DA:61,0
DA:64,6
DA:65,0
DA:69,0
DA:70,0
DA:72,0
DA:75,6
DA:76,0
DA:80,0
DA:81,0
DA:83,0
DA:86,6
DA:87,0
DA:91,0
DA:92,0
DA:94,0
DA:97,6
DA:98,0
DA:102,0
DA:103,0
DA:105,0
DA:108,6
DA:109,0
DA:110,0
DA:114,0
DA:115,0
DA:117,0
DA:121,6
DA:125,5
DA:129,0
DA:130,0
DA:132,0
DA:135,6
DA:136,0
DA:143,0
DA:144,0
DA:146,0
DA:150,6
DA:151,0
DA:152,0
DA:156,0
DA:157,0
DA:159,0
DA:162,6
DA:163,0
DA:164,0
DA:168,0
DA:169,0
DA:171,0
LF:73
LH:19
BRDA:10,0,0,0
BRDA:10,0,1,0
BRDA:24,1,0,0
BRDA:24,1,1,0
BRDA:34,2,0,0
BRDA:34,2,1,0
BRDA:44,3,0,0
BRDA:44,3,1,0
BRDA:58,4,0,0
BRDA:58,4,1,0
BRDA:69,5,0,0
BRDA:69,5,1,0
BRDA:80,6,0,0
BRDA:80,6,1,0
BRDA:91,7,0,0
BRDA:91,7,1,0
BRDA:102,8,0,0
BRDA:102,8,1,0
BRDA:114,9,0,0
BRDA:114,9,1,0
BRDA:125,10,0,0
BRDA:125,10,1,0
BRDA:125,11,0,0
BRDA:125,11,1,0
BRDA:125,12,0,0
BRDA:125,12,1,0
BRDA:129,13,0,0
BRDA:129,13,1,0
BRDA:143,14,0,0
BRDA:143,14,1,0
BRDA:156,15,0,0
BRDA:156,15,1,0
BRDA:168,16,0,0
BRDA:168,16,1,0
BRF:34
BRH:0
end_of_record
TN:
SF:src\animations\FloorPlan.tsx
FN:5,FloorPlanDraw
FN:210,FloorPlanOverlay
FN:236,(anonymous_2)
FN:238,(anonymous_3)
FNF:4
FNH:2
FNDA:2,FloorPlanDraw
FNDA:2,FloorPlanOverlay
FNDA:0,(anonymous_2)
FNDA:0,(anonymous_3)
DA:3,2
DA:4,2
DA:5,2
DA:6,2
DA:210,2
DA:211,2
DA:212,2
DA:213,2
DA:238,0
DA:239,0
LF:10
LH:8
BRDA:216,0,0,2
BRDA:216,0,1,0
BRDA:229,1,0,2
BRDA:229,1,1,0
BRF:4
BRH:2
end_of_record
TN:
SF:src\animations\RotatingCompass.tsx
FN:5,RotatingCompass
FNF:1
FNH:0
FNDA:0,RotatingCompass
DA:3,0
DA:5,0
DA:6,0
LF:3
LH:0
BRF:0
BRH:0
end_of_record
TN:
SF:src\components\AddForm.tsx
FN:10,AddForm
FN:29,(anonymous_1)
FN:67,(anonymous_2)
FN:101,(anonymous_3)
FN:113,(anonymous_4)
FN:122,(anonymous_5)
FN:131,(anonymous_6)
FN:140,(anonymous_7)
FN:149,(anonymous_8)
FNF:9
FNH:9
FNDA:201,AddForm
FNDA:6,(anonymous_1)
FNDA:6,(anonymous_2)
FNDA:2,(anonymous_3)
FNDA:39,(anonymous_4)
FNDA:36,(anonymous_5)
FNDA:4,(anonymous_6)
FNDA:4,(anonymous_7)
FNDA:99,(anonymous_8)
DA:1,3
DA:2,3
DA:3,3
DA:4,3
DA:7,3
DA:11,201
DA:13,201
DA:15,201
DA:16,201
DA:17,201
DA:18,201
DA:19,201
DA:21,201
DA:29,201
DA:30,6
DA:31,6
DA:38,6
DA:39,3
DA:40,3
DA:42,6
DA:43,3
DA:44,3
DA:46,6
DA:47,2
DA:48,2
DA:50,6
DA:51,2
DA:52,2
DA:54,6
DA:55,1
DA:56,1
DA:58,6
DA:59,3
DA:60,3
DA:63,6
DA:64,6
DA:67,201
DA:68,6
DA:69,6
DA:70,4
DA:73,2
DA:82,2
DA:83,0
DA:88,0
DA:89,0
DA:90,0
DA:92,2
DA:93,2
DA:94,2
DA:96,0
DA:98,2
DA:101,201
DA:102,2
DA:105,201
DA:113,39
DA:122,36
DA:131,4
DA:140,4
DA:149,99
DA:166,3
LF:60
LH:55
BRDA:38,0,0,3
BRDA:38,0,1,3
BRDA:42,1,0,3
BRDA:42,1,1,3
BRDA:46,2,0,2
BRDA:46,2,1,4
BRDA:50,3,0,2
BRDA:50,3,1,4
BRDA:54,4,0,1
BRDA:54,4,1,5
BRDA:54,5,0,6
BRDA:54,5,1,4
BRDA:54,5,2,4
BRDA:58,6,0,3
BRDA:58,6,1,3
BRDA:68,7,0,6
BRDA:68,7,1,0
BRDA:69,8,0,4
BRDA:69,8,1,2
BRDA:82,9,0,0
BRDA:82,9,1,2
BRDA:115,10,0,201
BRDA:115,10,1,4
BRDA:124,11,0,201
BRDA:124,11,1,4
BRDA:133,12,0,201
BRDA:133,12,1,2
BRDA:142,13,0,201
BRDA:142,13,1,3
BRDA:151,14,0,201
BRDA:151,14,1,4
BRF:31
BRH:29
end_of_record
TN:
SF:src\components\EditForm.tsx
FN:2,toDateInputValue
FN:18,EditForm
FN:37,(anonymous_2)
FN:75,(anonymous_3)
FN:100,(anonymous_4)
FN:108,(anonymous_5)
FN:112,(anonymous_6)
FN:123,(anonymous_7)
FN:127,(anonymous_8)
FN:130,(anonymous_9)
FNF:10
FNH:0
FNDA:0,toDateInputValue
FNDA:0,EditForm
FNDA:0,(anonymous_2)
FNDA:0,(anonymous_3)
FNDA:0,(anonymous_4)
FNDA:0,(anonymous_5)
FNDA:0,(anonymous_6)
FNDA:0,(anonymous_7)
FNDA:0,(anonymous_8)
FNDA:0,(anonymous_9)
DA:3,0
DA:4,0
DA:5,0
DA:6,0
DA:8,3
DA:9,3
DA:10,3
DA:12,3
DA:13,3
DA:15,3
DA:19,0
DA:21,0
DA:23,0
DA:24,0
DA:25,0
DA:26,0
DA:27,0
DA:29,0
DA:37,0
DA:38,0
DA:39,0
DA:46,0
DA:47,0
DA:48,0
DA:50,0
DA:51,0
DA:52,0
DA:54,0
DA:55,0
DA:56,0
DA:58,0
DA:59,0
DA:60,0
DA:62,0
DA:63,0
DA:64,0
DA:66,0
DA:67,0
DA:68,0
DA:71,0
DA:72,0
DA:75,0
DA:76,0
DA:77,0
DA:78,0
DA:80,0
DA:87,0
DA:88,0
DA:92,0
DA:93,0
DA:94,0
DA:96,0
DA:97,0
DA:100,0
DA:101,0
DA:104,0
DA:108,0
DA:112,0
DA:123,0
DA:127,0
DA:130,0
DA:142,3
LF:62
LH:7
BRDA:3,0,0,0
BRDA:3,0,1,0
BRDA:5,1,0,0
BRDA:5,1,1,0
BRDA:23,2,0,0
BRDA:23,2,1,0
BRDA:25,3,0,0
BRDA:25,3,1,0
BRDA:26,4,0,0
BRDA:26,4,1,0
BRDA:27,5,0,0
BRDA:27,5,1,0
BRDA:46,6,0,0
BRDA:46,6,1,0
BRDA:50,7,0,0
BRDA:50,7,1,0
BRDA:54,8,0,0
BRDA:54,8,1,0
BRDA:58,9,0,0
BRDA:58,9,1,0
BRDA:62,10,0,0
BRDA:62,10,1,0
BRDA:62,11,0,0
BRDA:62,11,1,0
BRDA:62,11,2,0
BRDA:66,12,0,0
BRDA:66,12,1,0
BRDA:76,13,0,0
BRDA:76,13,1,0
BRDA:77,14,0,0
BRDA:77,14,1,0
BRDA:87,15,0,0
BRDA:87,15,1,0
BRDA:109,16,0,0
BRDA:109,16,1,0
BRDA:120,17,0,0
BRDA:120,17,1,0
BRDA:124,18,0,0
BRDA:124,18,1,0
BRDA:128,19,0,0
BRDA:128,19,1,0
BRDA:131,20,0,0
BRDA:131,20,1,0
BRF:43
BRH:0
end_of_record
TN:
SF:src\components\Features.tsx
FN:4,Features
FNF:1
FNH:1
FNDA:2,Features
DA:1,2
DA:2,2
DA:3,2
DA:5,2
DA:43,2
LF:5
LH:5
BRF:0
BRH:0
end_of_record
TN:
SF:src\components\Hero.tsx
FN:4,Hero
FN:7,(anonymous_1)
FNF:2
FNH:1
FNDA:2,Hero
FNDA:0,(anonymous_1)
DA:2,2
DA:3,2
DA:5,2
DA:7,2
DA:8,0
DA:10,2
DA:18,2
LF:7
LH:6
BRF:0
BRH:0
end_of_record
TN:
SF:src\components\LoginForm.tsx
FN:5,LoginForm
FN:13,(anonymous_1)
FN:37,(anonymous_2)
FN:50,(anonymous_3)
FN:59,(anonymous_4)
FN:71,(anonymous_5)
FNF:6
FNH:0
FNDA:0,LoginForm
FNDA:0,(anonymous_1)
FNDA:0,(anonymous_2)
FNDA:0,(anonymous_3)
FNDA:0,(anonymous_4)
FNDA:0,(anonymous_5)
DA:1,1
DA:2,1
DA:3,1
DA:6,0
DA:7,0
DA:8,0
DA:9,0
DA:13,0
DA:14,0
DA:15,0
DA:19,0
DA:20,0
DA:21,0
DA:22,0
DA:23,0
DA:24,0
DA:26,0
DA:27,0
DA:28,0
DA:29,0
DA:30,0
DA:31,0
DA:33,0
DA:34,0
DA:37,0
DA:38,0
DA:39,0
DA:41,0
DA:42,0
DA:43,0
DA:46,0
DA:50,0
DA:59,0
DA:71,0
DA:81,1
LF:35
LH:4
BRDA:19,0,0,0
BRDA:19,0,1,0
BRDA:22,1,0,0
BRDA:22,1,1,0
BRDA:26,2,0,0
BRDA:26,2,1,0
BRDA:29,3,0,0
BRDA:29,3,1,0
BRDA:38,4,0,0
BRDA:38,4,1,0
BRDA:39,5,0,0
BRDA:39,5,1,0
BRDA:61,6,0,0
BRDA:61,6,1,0
BRDA:73,7,0,0
BRDA:73,7,1,0
BRF:16
BRH:0
end_of_record
TN:
SF:src\components\PaginatedProjectsTable.tsx
FN:9,PaginatedProjectsTable
FN:15,(anonymous_1)
FN:16,(anonymous_2)
FN:22,(anonymous_3)
FN:27,(anonymous_4)
FN:31,(anonymous_5)
FN:43,(anonymous_6)
FN:56,(anonymous_7)
FN:59,(anonymous_8)
FN:62,(anonymous_9)
FN:68,(anonymous_10)
FN:80,(anonymous_11)
FN:95,(anonymous_12)
FN:96,(anonymous_13)
FN:119,(anonymous_14)
FN:124,(anonymous_15)
FN:131,(anonymous_16)
FN:151,(anonymous_17)
FN:156,(anonymous_18)
FN:171,(anonymous_19)
FN:175,(anonymous_20)
FNF:21
FNH:11
FNDA:14,PaginatedProjectsTable
FNDA:5,(anonymous_1)
FNDA:5,(anonymous_2)
FNDA:5,(anonymous_3)
FNDA:0,(anonymous_4)
FNDA:5,(anonymous_5)
FNDA:5,(anonymous_6)
FNDA:0,(anonymous_7)
FNDA:0,(anonymous_8)
FNDA:0,(anonymous_9)
FNDA:5,(anonymous_10)
FNDA:5,(anonymous_11)
FNDA:5,(anonymous_12)
FNDA:5,(anonymous_13)
FNDA:0,(anonymous_14)
FNDA:0,(anonymous_15)
FNDA:0,(anonymous_16)
FNDA:0,(anonymous_17)
FNDA:0,(anonymous_18)
FNDA:14,(anonymous_19)
FNDA:0,(anonymous_20)
DA:1,3
DA:3,3
DA:4,3
DA:5,3
DA:6,3
DA:7,3
DA:10,14
DA:11,14
DA:12,14
DA:13,14
DA:14,14
DA:15,14
DA:16,14
DA:18,14
DA:20,14
DA:23,5
DA:24,5
DA:27,14
DA:28,0
DA:31,14
DA:32,5
DA:33,5
DA:34,5
DA:35,0
DA:37,5
DA:39,5
DA:43,14
DA:44,5
DA:47,14
DA:48,14
DA:49,14
DA:50,0
DA:52,14
DA:53,28
DA:56,14
DA:57,0
DA:59,14
DA:60,0
DA:62,14
DA:63,0
DA:64,0
DA:68,14
DA:69,5
DA:77,5
DA:80,14
DA:81,5
DA:92,5
DA:95,14
DA:96,5
DA:97,5
DA:98,5
DA:99,5
DA:100,5
DA:101,5
DA:102,0
DA:105,5
DA:108,5
DA:111,14
DA:119,0
DA:124,0
DA:131,0
DA:152,0
DA:156,0
DA:172,14
DA:175,0
DA:195,3
LF:66
LH:52
BRDA:23,0,0,0
BRDA:23,0,1,5
BRDA:23,1,0,5
BRDA:23,1,1,5
BRDA:24,2,0,0
BRDA:24,2,1,5
BRDA:24,3,0,5
BRDA:24,3,1,5
BRDA:49,4,0,0
BRDA:49,4,1,14
BRDA:53,5,0,14
BRDA:53,5,1,14
BRDA:60,6,0,0
BRDA:60,6,1,0
BRDA:63,7,0,0
BRDA:63,7,1,0
BRDA:100,8,0,5
BRDA:100,8,1,0
BRDA:100,9,0,5
BRDA:100,9,1,0
BRDA:100,9,2,0
BRDA:148,10,0,5
BRDA:148,10,1,9
BRDA:174,11,0,14
BRDA:174,11,1,0
BRF:25
BRH:14
end_of_record
TN:
SF:src\components\ProjectContext.tsx
FN:11,(anonymous_0)
FN:13,(anonymous_1)
FN:15,(anonymous_2)
FN:18,(anonymous_3)
FN:26,(anonymous_4)
FNF:5
FNH:0
FNDA:0,(anonymous_0)
FNDA:0,(anonymous_1)
FNDA:0,(anonymous_2)
FNDA:0,(anonymous_3)
FNDA:0,(anonymous_4)
DA:1,0
DA:2,0
DA:3,0
DA:4,0
DA:6,0
DA:7,0
DA:11,0
DA:12,0
DA:13,0
DA:14,0
DA:15,0
DA:16,0
DA:18,0
DA:19,0
DA:20,0
DA:21,0
DA:24,0
DA:26,0
DA:27,0
DA:28,0
DA:29,0
DA:30,0
DA:34,0
LF:23
LH:0
BRDA:27,0,0,0
BRDA:27,0,1,0
BRF:2
BRH:0
end_of_record
TN:
SF:src\components\ProjectRow.tsx
FN:9,getCookieValue
FN:10,(anonymous_1)
FN:19,ProjectRow
FNF:3
FNH:2
FNDA:3,getCookieValue
FNDA:3,(anonymous_1)
FNDA:0,ProjectRow
DA:2,3
DA:10,3
DA:11,3
DA:12,3
DA:13,3
DA:15,3
DA:17,3
DA:21,0
DA:38,3
LF:9
LH:8
BRDA:12,0,0,0
BRDA:12,0,1,3
BRDA:12,1,0,3
BRDA:12,1,1,0
BRDA:15,2,0,3
BRDA:15,2,1,3
BRF:6
BRH:4
end_of_record
TN:
SF:src\components\ProjectTopContainer.tsx
FN:9,ProjectTopContainer
FN:18,(anonymous_1)
FN:22,(anonymous_2)
FNF:3
FNH:0
FNDA:0,ProjectTopContainer
FNDA:0,(anonymous_1)
FNDA:0,(anonymous_2)
DA:2,3
DA:3,3
DA:4,3
DA:16,0
DA:18,0
DA:19,0
DA:22,0
DA:23,0
DA:26,0
DA:68,3
LF:10
LH:4
BRF:0
BRH:0
end_of_record
TN:
SF:src\components\RegisterForm.tsx
FN:6,RegisterForm
FN:19,(anonymous_1)
FN:48,(anonymous_2)
FN:75,(anonymous_3)
FN:83,(anonymous_4)
FN:92,(anonymous_5)
FN:99,(anonymous_6)
FNF:7
FNH:0
FNDA:0,RegisterForm
FNDA:0,(anonymous_1)
FNDA:0,(anonymous_2)
FNDA:0,(anonymous_3)
FNDA:0,(anonymous_4)
FNDA:0,(anonymous_5)
FNDA:0,(anonymous_6)
DA:1,1
DA:2,1
DA:3,1
DA:7,0
DA:9,0
DA:10,0
DA:11,0
DA:13,0
DA:19,0
DA:20,0
DA:21,0
DA:26,0
DA:27,0
DA:28,0
DA:30,0
DA:31,0
DA:32,0
DA:33,0
DA:34,0
DA:35,0
DA:37,0
DA:38,0
DA:39,0
DA:40,0
DA:41,0
DA:42,0
DA:44,0
DA:45,0
DA:48,0
DA:49,0
DA:50,0
DA:52,0
DA:58,0
DA:59,0
DA:60,0
DA:64,0
DA:75,0
DA:83,0
DA:92,0
DA:99,0
DA:105,1
LF:41
LH:4
BRDA:26,0,0,0
BRDA:26,0,1,0
BRDA:30,1,0,0
BRDA:30,1,1,0
BRDA:33,2,0,0
BRDA:33,2,1,0
BRDA:37,3,0,0
BRDA:37,3,1,0
BRDA:40,4,0,0
BRDA:40,4,1,0
BRDA:49,5,0,0
BRDA:49,5,1,0
BRDA:50,6,0,0
BRDA:50,6,1,0
BRDA:77,7,0,0
BRDA:77,7,1,0
BRDA:85,8,0,0
BRDA:85,8,1,0
BRDA:94,9,0,0
BRDA:94,9,1,0
BRF:20
BRH:0
end_of_record
TN:
SF:src\components\SideBar.tsx
FN:12,SideBar
FN:16,(anonymous_1)
FN:17,(anonymous_2)
FN:20,(anonymous_3)
FN:40,(anonymous_4)
FN:41,(anonymous_5)
FN:42,(anonymous_6)
FNF:7
FNH:4
FNDA:7,SideBar
FNDA:2,(anonymous_1)
FNDA:2,(anonymous_2)
FNDA:0,(anonymous_3)
FNDA:30,(anonymous_4)
FNDA:0,(anonymous_5)
FNDA:0,(anonymous_6)
DA:1,3
DA:2,3
DA:3,3
DA:4,3
DA:10,3
DA:13,7
DA:14,7
DA:16,7
DA:17,2
DA:20,7
DA:21,0
DA:23,0
DA:24,0
DA:25,0
DA:26,0
DA:27,0
DA:28,0
DA:29,0
DA:30,0
DA:35,7
DA:41,30
DA:42,0
DA:51,3
LF:23
LH:13
BRDA:21,0,0,0
BRDA:21,0,1,0
BRDA:23,1,0,0
BRDA:23,1,1,0
BRDA:25,2,0,0
BRDA:25,2,1,0
BRDA:27,3,0,0
BRDA:27,3,1,0
BRDA:29,4,0,0
BRDA:29,4,1,0
BRDA:36,5,0,6
BRDA:36,5,1,1
BRDA:38,6,0,7
BRDA:38,6,1,6
BRF:14
BRH:4
end_of_record
TN:
SF:src\components\SideBarStages.tsx
FN:13,SideBarStages
FN:17,(anonymous_1)
FN:18,(anonymous_2)
FN:21,(anonymous_3)
FN:38,(anonymous_4)
FN:42,(anonymous_5)
FNF:6
FNH:0
FNDA:0,SideBarStages
FNDA:0,(anonymous_1)
FNDA:0,(anonymous_2)
FNDA:0,(anonymous_3)
FNDA:0,(anonymous_4)
FNDA:0,(anonymous_5)
DA:1,0
DA:2,0
DA:3,0
DA:4,0
DA:14,0
DA:15,0
DA:17,0
DA:18,0
DA:21,0
DA:22,0
DA:23,0
DA:24,0
DA:28,0
DA:39,0
DA:42,0
DA:53,0
LF:16
LH:0
BRDA:23,0,0,0
BRDA:23,0,1,0
BRDA:29,1,0,0
BRDA:29,1,1,0
BRDA:36,2,0,0
BRDA:36,2,1,0
BRDA:41,3,0,0
BRDA:41,3,1,0
BRF:8
BRH:0
end_of_record
TN:
SF:src\components\ThemeSwitcher.tsx
FN:1,ThemeSwitcher
FN:2,(anonymous_1)
FNF:2
FNH:2
FNDA:7,ThemeSwitcher
FNDA:2,(anonymous_1)
DA:2,7
DA:3,2
DA:6,7
DA:13,3
LF:4
LH:4
BRDA:3,0,0,1
BRDA:3,0,1,1
BRF:2
BRH:2
end_of_record
TN:
SF:src\components\charts\ProjectsTypeBar.tsx
FN:5,categoryData
FN:8,(anonymous_1)
FN:14,(anonymous_2)
FN:17,(anonymous_3)
FN:18,(anonymous_4)
FN:19,(anonymous_5)
FN:49,(anonymous_6)
FNF:7
FNH:0
FNDA:0,categoryData
FNDA:0,(anonymous_1)
FNDA:0,(anonymous_2)
FNDA:0,(anonymous_3)
FNDA:0,(anonymous_4)
FNDA:0,(anonymous_5)
FNDA:0,(anonymous_6)
DA:1,3
DA:2,3
DA:3,3
DA:6,0
DA:8,0
DA:14,3
DA:15,0
DA:17,0
DA:18,0
DA:19,0
DA:20,0
DA:21,0
DA:22,0
DA:23,0
DA:24,0
DA:25,0
DA:26,0
DA:27,0
DA:29,0
DA:31,0
DA:35,0
DA:50,0
DA:60,3
LF:23
LH:5
BRDA:21,0,0,0
BRDA:21,0,1,0
BRDA:22,1,0,0
BRDA:22,1,1,0
BRDA:23,2,0,0
BRDA:23,2,1,0
BRDA:24,3,0,0
BRDA:24,3,1,0
BRDA:25,4,0,0
BRDA:25,4,1,0
BRDA:26,5,0,0
BRDA:26,5,1,0
BRDA:27,6,0,0
BRDA:27,6,1,0
BRF:14
BRH:0
end_of_record
TN:
SF:src\components\charts\StageBottleneckBar.tsx
FN:5,bottleneckData
FN:8,(anonymous_1)
FN:15,(anonymous_2)
FN:18,(anonymous_3)
FN:19,(anonymous_4)
FN:20,(anonymous_5)
FN:50,(anonymous_6)
FNF:7
FNH:0
FNDA:0,bottleneckData
FNDA:0,(anonymous_1)
FNDA:0,(anonymous_2)
FNDA:0,(anonymous_3)
FNDA:0,(anonymous_4)
FNDA:0,(anonymous_5)
FNDA:0,(anonymous_6)
DA:1,3
DA:2,3
DA:3,3
DA:6,0
DA:8,0
DA:15,3
DA:16,0
DA:18,0
DA:19,0
DA:20,0
DA:21,0
DA:22,0
DA:23,0
DA:24,0
DA:25,0
DA:26,0
DA:27,0
DA:29,0
DA:33,0
DA:51,0
DA:61,3
LF:21
LH:5
BRDA:22,0,0,0
BRDA:22,0,1,0
BRDA:23,1,0,0
BRDA:23,1,1,0
BRDA:24,2,0,0
BRDA:24,2,1,0
BRDA:25,3,0,0
BRDA:25,3,1,0
BRDA:26,4,0,0
BRDA:26,4,1,0
BRF:10
BRH:0
end_of_record
TN:
SF:src\components\charts\StatusDistributionPie.tsx
FN:6,computeStatusDistribution
FN:9,(anonymous_1)
FN:18,(anonymous_2)
FN:21,(anonymous_3)
FN:22,(anonymous_4)
FN:26,(anonymous_5)
FN:43,(anonymous_6)
FN:48,(anonymous_7)
FNF:8
FNH:0
FNDA:0,computeStatusDistribution
FNDA:0,(anonymous_1)
FNDA:0,(anonymous_2)
FNDA:0,(anonymous_3)
FNDA:0,(anonymous_4)
FNDA:0,(anonymous_5)
FNDA:0,(anonymous_6)
FNDA:0,(anonymous_7)
DA:2,3
DA:3,3
DA:4,3
DA:7,0
DA:9,0
DA:10,0
DA:11,0
DA:12,0
DA:13,0
DA:14,0
DA:18,3
DA:19,0
DA:21,0
DA:22,0
DA:23,0
DA:26,0
DA:27,0
DA:44,0
DA:48,0
DA:58,3
LF:20
LH:5
BRDA:11,0,0,0
BRDA:11,0,1,0
BRDA:12,1,0,0
BRDA:12,1,1,0
BRDA:13,2,0,0
BRDA:13,2,1,0
BRF:6
BRH:0
end_of_record
TN:
SF:src\components\charts\TopCompletionProjects.tsx
FN:5,getTopCompletedProjects
FN:11,TopCompletionProjects
FN:14,(anonymous_2)
FN:15,(anonymous_3)
FN:37,(anonymous_4)
FNF:5
FNH:0
FNDA:0,getTopCompletedProjects
FNDA:0,TopCompletionProjects
FNDA:0,(anonymous_2)
FNDA:0,(anonymous_3)
FNDA:0,(anonymous_4)
DA:2,3
DA:3,3
DA:6,0
DA:7,0
DA:12,0
DA:14,0
DA:15,0
DA:16,0
DA:20,0
DA:38,0
DA:54,3
LF:11
LH:3
BRDA:35,0,0,0
BRDA:35,0,1,0
BRF:2
BRH:0
end_of_record
TN:
SF:src\components\charts\TopRowCards.tsx
FN:5,statistics
FN:15,TopRowCards
FN:19,(anonymous_2)
FNF:3
FNH:0
FNDA:0,statistics
FNDA:0,TopRowCards
FNDA:0,(anonymous_2)
DA:1,3
DA:2,3
DA:3,3
DA:6,0
DA:7,0
DA:8,0
DA:9,0
DA:10,0
DA:12,0
DA:16,0
DA:17,0
DA:19,0
DA:20,0
DA:23,0
DA:53,3
LF:15
LH:4
BRF:0
BRH:0
end_of_record
TN:
SF:src\hooks\useNetworkStatus.ts
FN:3,(anonymous_0)
FN:6,(anonymous_1)
FN:7,(anonymous_2)
FN:8,(anonymous_3)
FN:13,(anonymous_4)
FN:21,(anonymous_5)
FN:27,getQueuedActions
FN:31,clearQueuedActions
FNF:8
FNH:3
FNDA:207,(anonymous_0)
FNDA:15,(anonymous_1)
FNDA:0,(anonymous_2)
FNDA:0,(anonymous_3)
FNDA:15,(anonymous_4)
FNDA:0,(anonymous_5)
FNDA:0,getQueuedActions
FNDA:0,clearQueuedActions
DA:1,5
DA:3,5
DA:4,207
DA:6,207
DA:7,15
DA:8,15
DA:10,15
DA:11,15
DA:13,15
DA:14,15
DA:15,15
DA:18,207
DA:21,5
DA:22,0
DA:23,0
DA:24,0
DA:27,5
DA:28,0
DA:31,5
DA:32,0
LF:20
LH:15
BRDA:22,0,0,0
BRDA:22,0,1,0
BRDA:28,1,0,0
BRDA:28,1,1,0
BRF:4
BRH:0
end_of_record
TN:
SF:src\hooks\useProjectTimeTracking.ts
FN:13,useProjectTimeTracking
FN:14,(anonymous_1)
FN:21,(anonymous_2)
FNF:3
FNH:3
FNDA:5,useProjectTimeTracking
FNDA:5,(anonymous_1)
FNDA:5,(anonymous_2)
DA:6,3
DA:7,3
DA:13,3
DA:14,5
DA:15,5
DA:18,5
DA:21,5
DA:22,5
LF:8
LH:8
BRDA:15,0,0,0
BRDA:15,0,1,5
BRF:2
BRH:1
end_of_record
TN:
SF:src\hooks\useUserPreferences.ts
FN:4,useUserPreferences
FN:6,(anonymous_1)
FN:7,(anonymous_2)
FN:13,(anonymous_3)
FN:14,(anonymous_4)
FNF:5
FNH:5
FNDA:21,useUserPreferences
FNDA:21,(anonymous_1)
FNDA:35,(anonymous_2)
FNDA:10,(anonymous_3)
FNDA:29,(anonymous_4)
DA:2,3
DA:4,3
DA:6,21
DA:7,21
DA:8,35
DA:13,21
DA:14,10
DA:15,29
DA:16,29
DA:17,29
DA:19,10
LF:11
LH:11
BRDA:16,0,0,29
BRDA:16,0,1,0
BRDA:16,1,0,29
BRDA:16,1,1,29
BRF:4
BRH:3
end_of_record
TN:
SF:src\models\Project.tsx
FNF:0
FNH:0
DA:1,3
DA:11,3
DA:22,3
LF:3
LH:3
BRF:0
BRH:0
end_of_record
TN:
SF:src\pages\AddProject.tsx
FN:4,AddProject
FNF:1
FNH:1
FNDA:3,AddProject
DA:1,2
DA:2,2
DA:5,3
DA:12,2
LF:4
LH:4
BRF:0
BRH:0
end_of_record
TN:
SF:src\pages\DesignPage.tsx
FN:10,DesignPage
FN:23,(anonymous_1)
FN:24,(anonymous_2)
FN:57,(anonymous_3)
FN:60,(anonymous_4)
FN:89,(anonymous_5)
FN:92,(anonymous_6)
FN:108,(anonymous_7)
FN:111,(anonymous_8)
FN:112,(anonymous_9)
FN:127,(anonymous_10)
FN:141,(anonymous_11)
FN:152,(anonymous_12)
FN:158,(anonymous_13)
FN:162,(anonymous_14)
FN:187,(anonymous_15)
FN:197,(anonymous_16)
FN:222,(anonymous_17)
FN:232,(anonymous_18)
FNF:19
FNH:0
FNDA:0,DesignPage
FNDA:0,(anonymous_1)
FNDA:0,(anonymous_2)
FNDA:0,(anonymous_3)
FNDA:0,(anonymous_4)
FNDA:0,(anonymous_5)
FNDA:0,(anonymous_6)
FNDA:0,(anonymous_7)
FNDA:0,(anonymous_8)
FNDA:0,(anonymous_9)
FNDA:0,(anonymous_10)
FNDA:0,(anonymous_11)
FNDA:0,(anonymous_12)
FNDA:0,(anonymous_13)
FNDA:0,(anonymous_14)
FNDA:0,(anonymous_15)
FNDA:0,(anonymous_16)
FNDA:0,(anonymous_17)
FNDA:0,(anonymous_18)
DA:1,1
DA:2,1
DA:4,1
DA:5,1
DA:6,1
DA:17,0
DA:18,0
DA:19,0
DA:21,0
DA:23,0
DA:24,0
DA:25,0
DA:26,0
DA:27,0
DA:28,0
DA:30,0
DA:34,0
DA:37,0
DA:38,0
DA:41,0
DA:57,0
DA:58,0
DA:59,0
DA:60,0
DA:61,0
DA:69,0
DA:74,0
DA:84,0
DA:89,0
DA:90,0
DA:92,0
DA:95,0
DA:105,0
DA:108,0
DA:109,0
DA:111,0
DA:112,0
DA:114,0
DA:124,0
DA:127,0
DA:128,0
DA:138,0
DA:141,0
DA:142,0
DA:145,0
DA:147,0
DA:152,0
DA:159,0
DA:162,0
DA:188,0
DA:197,0
DA:222,0
DA:232,0
DA:245,1
LF:54
LH:6
BRDA:25,0,0,0
BRDA:25,0,1,0
BRDA:37,1,0,0
BRDA:37,1,1,0
BRDA:41,2,0,0
BRDA:41,2,1,0
BRDA:59,3,0,0
BRDA:59,3,1,0
BRDA:71,4,0,0
BRDA:71,4,1,0
BRDA:92,5,0,0
BRDA:92,5,1,0
BRDA:145,6,0,0
BRDA:145,6,1,0
BRDA:161,7,0,0
BRDA:161,7,1,0
BRDA:186,8,0,0
BRDA:186,8,1,0
BRDA:186,9,0,0
BRDA:186,9,1,0
BRDA:221,10,0,0
BRDA:221,10,1,0
BRDA:231,11,0,0
BRDA:231,11,1,0
BRF:24
BRH:0
end_of_record
TN:
SF:src\pages\EditPage.tsx
FN:7,EditPage
FN:11,(anonymous_1)
FN:12,(anonymous_2)
FNF:3
FNH:3
FNDA:10,EditPage
FNDA:10,(anonymous_1)
FNDA:10,(anonymous_2)
DA:2,3
DA:3,3
DA:4,3
DA:5,3
DA:6,3
DA:8,10
DA:9,10
DA:11,10
DA:12,10
DA:13,10
DA:14,10
DA:15,10
DA:16,0
DA:18,10
DA:22,10
DA:25,10
DA:33,3
LF:17
LH:16
BRDA:13,0,0,10
BRDA:13,0,1,0
BRDA:28,1,0,10
BRDA:28,1,1,0
BRF:4
BRH:2
end_of_record
TN:
SF:src\pages\Home.tsx
FN:5,Home
FNF:1
FNH:1
FNDA:2,Home
DA:1,2
DA:2,2
DA:3,2
DA:6,2
DA:15,2
LF:5
LH:5
BRF:0
BRH:0
end_of_record
TN:
SF:src\pages\LoginPage.tsx
FN:4,LoginPage
FNF:1
FNH:0
FNDA:0,LoginPage
DA:1,1
DA:2,1
DA:3,1
DA:5,0
DA:12,1
LF:5
LH:4
BRF:0
BRH:0
end_of_record
TN:
SF:src\pages\Overview.tsx
FN:20,Overview
FN:25,(anonymous_1)
FN:51,(anonymous_2)
FN:105,(anonymous_3)
FN:109,(anonymous_4)
FN:111,(anonymous_5)
FN:114,(anonymous_6)
FN:116,(anonymous_7)
FN:121,(anonymous_8)
FN:127,(anonymous_9)
FN:164,(anonymous_10)
FN:171,(anonymous_11)
FNF:12
FNH:6
FNDA:7,Overview
FNDA:5,(anonymous_1)
FNDA:5,(anonymous_2)
FNDA:1,(anonymous_3)
FNDA:5,(anonymous_4)
FNDA:0,(anonymous_5)
FNDA:0,(anonymous_6)
FNDA:0,(anonymous_7)
FNDA:5,(anonymous_8)
FNDA:0,(anonymous_9)
FNDA:0,(anonymous_10)
FNDA:0,(anonymous_11)
DA:1,3
DA:2,3
DA:3,3
DA:5,3
DA:6,3
DA:7,3
DA:8,3
DA:10,3
DA:11,3
DA:12,3
DA:13,3
DA:14,3
DA:16,3
DA:22,7
DA:25,7
DA:26,7
DA:31,7
DA:34,7
DA:49,7
DA:52,5
DA:105,7
DA:106,1
DA:109,7
DA:110,5
DA:111,5
DA:112,0
DA:114,5
DA:115,0
DA:116,0
DA:119,0
DA:121,5
DA:122,5
DA:123,5
DA:127,7
DA:128,0
DA:129,0
DA:130,0
DA:132,0
DA:133,0
DA:137,7
DA:164,0
DA:171,0
DA:194,3
LF:43
LH:32
BRDA:52,0,0,0
BRDA:52,0,1,5
BRDA:52,1,0,5
BRDA:52,1,1,5
BRDA:128,2,0,0
BRDA:128,2,1,0
BRDA:139,3,0,6
BRDA:139,3,1,1
BRDA:163,4,0,7
BRDA:163,4,1,0
BRDA:170,5,0,0
BRDA:170,5,1,7
BRDA:179,6,0,7
BRDA:179,6,1,0
BRF:14
BRH:8
end_of_record
TN:
SF:src\pages\ProjectPage.tsx
FN:19,ProjectPage
FN:28,(anonymous_1)
FN:29,(anonymous_2)
FN:47,(anonymous_3)
FN:48,(anonymous_4)
FN:53,(anonymous_5)
FN:68,(anonymous_6)
FN:69,(anonymous_7)
FN:75,(anonymous_8)
FN:90,(anonymous_9)
FNF:10
FNH:7
FNDA:5,ProjectPage
FNDA:5,(anonymous_1)
FNDA:5,(anonymous_2)
FNDA:5,(anonymous_3)
FNDA:5,(anonymous_4)
FNDA:0,(anonymous_5)
FNDA:5,(anonymous_6)
FNDA:0,(anonymous_7)
FNDA:5,(anonymous_8)
FNDA:0,(anonymous_9)
DA:1,3
DA:2,3
DA:4,3
DA:5,3
DA:6,3
DA:7,3
DA:8,3
DA:9,3
DA:10,3
DA:11,3
DA:12,3
DA:20,5
DA:21,5
DA:23,5
DA:25,5
DA:26,5
DA:28,5
DA:29,5
DA:30,5
DA:31,5
DA:32,5
DA:33,0
DA:36,5
DA:40,5
DA:44,5
DA:47,5
DA:48,5
DA:49,5
DA:50,0
DA:53,0
DA:54,0
DA:55,0
DA:56,0
DA:58,0
DA:68,5
DA:69,5
DA:70,0
DA:71,0
DA:75,5
DA:78,5
DA:79,5
DA:90,0
DA:91,0
DA:92,0
DA:96,0
DA:97,0
DA:99,0
DA:100,0
DA:103,0
DA:138,3
LF:50
LH:33
BRDA:30,0,0,5
BRDA:30,0,1,0
BRDA:49,1,0,0
BRDA:49,1,1,5
BRDA:49,2,0,5
BRDA:49,2,1,5
BRDA:54,3,0,0
BRDA:54,3,1,0
BRDA:60,4,0,0
BRDA:60,4,1,0
BRDA:70,5,0,0
BRDA:70,5,1,0
BRDA:78,6,0,5
BRDA:78,6,1,0
BRDA:91,7,0,0
BRDA:91,7,1,0
BRF:16
BRH:5
end_of_record
TN:
SF:src\pages\ProjectVisualizationPage.tsx
FN:9,SiteAnalysisPage
FN:21,(anonymous_1)
FN:22,(anonymous_2)
FN:48,(anonymous_3)
FN:62,(anonymous_4)
FN:65,(anonymous_5)
FN:67,(anonymous_6)
FN:87,(anonymous_7)
FN:88,(anonymous_8)
FN:107,(anonymous_9)
FN:119,(anonymous_10)
FN:126,(anonymous_11)
FN:133,(anonymous_12)
FN:140,(anonymous_13)
FN:149,(anonymous_14)
FN:173,(anonymous_15)
FN:178,(anonymous_16)
FNF:17
FNH:0
FNDA:0,SiteAnalysisPage
FNDA:0,(anonymous_1)
FNDA:0,(anonymous_2)
FNDA:0,(anonymous_3)
FNDA:0,(anonymous_4)
FNDA:0,(anonymous_5)
FNDA:0,(anonymous_6)
FNDA:0,(anonymous_7)
FNDA:0,(anonymous_8)
FNDA:0,(anonymous_9)
FNDA:0,(anonymous_10)
FNDA:0,(anonymous_11)
FNDA:0,(anonymous_12)
FNDA:0,(anonymous_13)
FNDA:0,(anonymous_14)
FNDA:0,(anonymous_15)
FNDA:0,(anonymous_16)
DA:1,1
DA:3,1
DA:4,1
DA:5,1
DA:6,1
DA:16,0
DA:17,0
DA:19,0
DA:21,0
DA:22,0
DA:23,0
DA:24,0
DA:25,0
DA:26,0
DA:28,0
DA:32,0
DA:35,0
DA:36,0
DA:39,0
DA:48,0
DA:49,0
DA:59,0
DA:62,0
DA:63,0
DA:64,0
DA:65,0
DA:66,0
DA:67,0
DA:68,0
DA:69,0
DA:70,0
DA:80,0
DA:82,0
DA:87,0
DA:88,0
DA:89,0
DA:99,0
DA:102,0
DA:107,0
DA:119,0
DA:126,0
DA:133,0
DA:140,0
DA:149,0
DA:174,0
DA:178,0
DA:195,1
LF:47
LH:6
BRDA:23,0,0,0
BRDA:23,0,1,0
BRDA:35,1,0,0
BRDA:35,1,1,0
BRDA:39,2,0,0
BRDA:39,2,1,0
BRDA:64,3,0,0
BRDA:64,3,1,0
BRDA:69,4,0,0
BRDA:69,4,1,0
BRDA:88,5,0,0
BRDA:88,5,1,0
BRDA:118,6,0,0
BRDA:118,6,1,0
BRDA:125,7,0,0
BRDA:125,7,1,0
BRDA:132,8,0,0
BRDA:132,8,1,0
BRDA:139,9,0,0
BRDA:139,9,1,0
BRDA:148,10,0,0
BRDA:148,10,1,0
BRDA:172,11,0,0
BRDA:172,11,1,0
BRDA:172,12,0,0
BRDA:172,12,1,0
BRF:26
BRH:0
end_of_record
TN:
SF:src\pages\RegisterPage.tsx
FN:5,RegisterPage
FNF:1
FNH:0
FNDA:0,RegisterPage
DA:1,1
DA:2,1
DA:6,0
DA:13,1
LF:4
LH:3
BRF:0
BRH:0
end_of_record
TN:
SF:src\pages\ResearchPage.tsx
FN:8,ResearchPage
FN:21,(anonymous_1)
FN:22,(anonymous_2)
FN:42,(anonymous_3)
FN:45,(anonymous_4)
FN:47,(anonymous_5)
FN:67,(anonymous_6)
FN:68,(anonymous_7)
FN:83,(anonymous_8)
FN:89,(anonymous_9)
FN:95,(anonymous_10)
FN:104,(anonymous_11)
FN:126,(anonymous_12)
FN:130,(anonymous_13)
FN:135,(anonymous_14)
FN:154,(anonymous_15)
FN:185,(anonymous_16)
FNF:17
FNH:0
FNDA:0,ResearchPage
FNDA:0,(anonymous_1)
FNDA:0,(anonymous_2)
FNDA:0,(anonymous_3)
FNDA:0,(anonymous_4)
FNDA:0,(anonymous_5)
FNDA:0,(anonymous_6)
FNDA:0,(anonymous_7)
FNDA:0,(anonymous_8)
FNDA:0,(anonymous_9)
FNDA:0,(anonymous_10)
FNDA:0,(anonymous_11)
FNDA:0,(anonymous_12)
FNDA:0,(anonymous_13)
FNDA:0,(anonymous_14)
FNDA:0,(anonymous_15)
FNDA:0,(anonymous_16)
DA:1,1
DA:2,1
DA:4,1
DA:5,1
DA:6,1
DA:15,0
DA:16,0
DA:17,0
DA:19,0
DA:21,0
DA:22,0
DA:23,0
DA:24,0
DA:25,0
DA:26,0
DA:28,0
DA:32,0
DA:34,0
DA:35,0
DA:38,0
DA:42,0
DA:43,0
DA:44,0
DA:45,0
DA:46,0
DA:47,0
DA:48,0
DA:49,0
DA:50,0
DA:60,0
DA:62,0
DA:67,0
DA:68,0
DA:69,0
DA:79,0
DA:80,0
DA:83,0
DA:84,0
DA:85,0
DA:89,0
DA:90,0
DA:91,0
DA:95,0
DA:96,0
DA:99,0
DA:104,0
DA:127,0
DA:130,0
DA:136,0
DA:137,0
DA:154,0
DA:185,0
DA:196,1
LF:53
LH:6
BRDA:23,0,0,0
BRDA:23,0,1,0
BRDA:34,1,0,0
BRDA:34,1,1,0
BRDA:38,2,0,0
BRDA:38,2,1,0
BRDA:44,3,0,0
BRDA:44,3,1,0
BRDA:49,4,0,0
BRDA:49,4,1,0
BRDA:68,5,0,0
BRDA:68,5,1,0
BRDA:84,6,0,0
BRDA:84,6,1,0
BRDA:84,7,0,0
BRDA:84,7,1,0
BRDA:90,8,0,0
BRDA:90,8,1,0
BRDA:90,9,0,0
BRDA:90,9,1,0
BRDA:90,10,0,0
BRDA:90,10,1,0
BRDA:125,11,0,0
BRDA:125,11,1,0
BRDA:125,12,0,0
BRDA:125,12,1,0
BRDA:152,13,0,0
BRDA:152,13,1,0
BRDA:152,13,2,0
BRF:29
BRH:0
end_of_record
TN:
SF:src\pages\ShadowPath.tsx
FN:12,Model
FN:16,(anonymous_1)
FN:34,ShadowPath
FN:39,(anonymous_3)
FN:40,(anonymous_4)
FN:60,(anonymous_5)
FN:62,(anonymous_6)
FN:69,(anonymous_7)
FN:84,(anonymous_8)
FN:88,(anonymous_9)
FN:104,(anonymous_10)
FN:119,(anonymous_11)
FNF:12
FNH:0
FNDA:0,Model
FNDA:0,(anonymous_1)
FNDA:0,ShadowPath
FNDA:0,(anonymous_3)
FNDA:0,(anonymous_4)
FNDA:0,(anonymous_5)
FNDA:0,(anonymous_6)
FNDA:0,(anonymous_7)
FNDA:0,(anonymous_8)
FNDA:0,(anonymous_9)
FNDA:0,(anonymous_10)
FNDA:0,(anonymous_11)
DA:1,1
DA:3,1
DA:5,1
DA:6,1
DA:7,1
DA:8,1
DA:9,1
DA:10,1
DA:13,0
DA:15,0
DA:16,0
DA:17,0
DA:18,0
DA:19,0
DA:23,0
DA:35,0
DA:37,0
DA:39,0
DA:40,0
DA:41,0
DA:42,0
DA:43,0
DA:44,0
DA:46,0
DA:50,0
DA:53,0
DA:54,0
DA:55,0
DA:56,0
DA:57,0
DA:58,0
DA:59,0
DA:60,0
DA:61,0
DA:62,0
DA:65,0
DA:66,0
DA:69,0
DA:70,0
DA:71,0
DA:72,0
DA:73,0
DA:74,0
DA:75,0
DA:76,0
DA:78,0
DA:79,0
DA:80,0
DA:84,0
DA:85,0
DA:88,0
DA:89,0
DA:90,0
DA:91,0
DA:92,0
DA:93,0
DA:95,0
DA:96,0
DA:97,0
DA:98,0
DA:99,0
DA:102,0
DA:104,0
DA:120,0
DA:121,0
DA:177,1
LF:66
LH:9
BRDA:13,0,0,0
BRDA:13,0,1,0
BRDA:17,1,0,0
BRDA:17,1,1,0
BRDA:41,2,0,0
BRDA:41,2,1,0
BRDA:65,3,0,0
BRDA:65,3,1,0
BRDA:71,4,0,0
BRDA:71,4,1,0
BRDA:72,5,0,0
BRDA:72,5,1,0
BRDA:114,6,0,0
BRDA:114,6,1,0
BRDA:120,7,0,0
BRDA:120,7,1,0
BRDA:144,8,0,0
BRDA:144,8,1,0
BRDA:167,9,0,0
BRDA:167,9,1,0
BRF:20
BRH:0
end_of_record
TN:
SF:src\pages\StatisticsPage.tsx
FN:8,StatisticsPage
FNF:1
FNH:0
FNDA:0,StatisticsPage
DA:1,3
DA:2,3
DA:3,3
DA:4,3
DA:5,3
DA:6,3
DA:9,0
DA:26,3
LF:8
LH:7
BRF:0
BRH:0
end_of_record
TN:
SF:src\tests\crud.spec.ts
FN:6,(anonymous_0)
FN:7,(anonymous_1)
FN:19,(anonymous_2)
FN:49,(anonymous_3)
FNF:4
FNH:0
FNDA:0,(anonymous_0)
FNDA:0,(anonymous_1)
FNDA:0,(anonymous_2)
FNDA:0,(anonymous_3)
DA:2,0
DA:4,0
DA:6,0
DA:7,0
DA:8,0
DA:9,0
DA:10,0
DA:11,0
DA:12,0
DA:13,0
DA:14,0
DA:15,0
DA:16,0
DA:19,0
DA:20,0
DA:21,0
DA:24,0
DA:26,0
DA:27,0
DA:30,0
DA:33,0
DA:34,0
DA:37,0
DA:38,0
DA:41,0
DA:42,0
DA:43,0
DA:46,0
DA:49,0
DA:50,0
DA:51,0
DA:52,0
DA:53,0
DA:55,0
DA:56,0
DA:58,0
DA:59,0
DA:61,0
DA:62,0
DA:63,0
LF:40
LH:0
BRF:0
BRH:0
end_of_record
TN:
SF:src\utils\cookies.ts
FN:1,getCookieValue
FN:2,(anonymous_1)
FNF:2
FNH:2
FNDA:16,getCookieValue
FNDA:42,(anonymous_1)
DA:1,3
DA:2,16
DA:3,42
DA:4,42
DA:5,42
DA:7,16
LF:6
LH:6
BRDA:4,0,0,39
BRDA:4,0,1,3
BRDA:4,1,0,42
BRDA:4,1,1,39
BRDA:7,2,0,16
BRDA:7,2,1,3
BRF:6
BRH:6
end_of_record
TN:
SF:src\utils\generateProject.ts
FN:3,GenerateProject
FN:21,chooseRandomProjectName
FN:34,chooseRandomProjectStatus
FN:40,chooseRandomProjectCategory
FN:46,chooseRandomProjectProgress
FN:50,chooseRandomProjectStage
FN:56,chooseRandomProjectStartDate
FN:62,chooseRandomProjectDueDate
FN:68,chooseRandomWorkingHours
FN:72,chooseRandomProjectDescription
FNF:10
FNH:0
FNDA:0,GenerateProject
FNDA:0,chooseRandomProjectName
FNDA:0,chooseRandomProjectStatus
FNDA:0,chooseRandomProjectCategory
FNDA:0,chooseRandomProjectProgress
FNDA:0,chooseRandomProjectStage
FNDA:0,chooseRandomProjectStartDate
FNDA:0,chooseRandomProjectDueDate
FNDA:0,chooseRandomWorkingHours
FNDA:0,chooseRandomProjectDescription
DA:4,0
DA:18,0
DA:22,0
DA:30,0
DA:31,0
DA:35,0
DA:36,0
DA:37,0
DA:41,0
DA:42,0
DA:43,0
DA:47,0
DA:51,0
DA:52,0
DA:53,0
DA:57,0
DA:58,0
DA:59,0
DA:63,0
DA:64,0
DA:65,0
DA:69,0
DA:73,0
DA:78,0
DA:79,0
DA:82,0
LF:26
LH:0
BRF:0
BRH:0
end_of_record
TN:
SF:src\utils\timeTracking.ts
FN:16,getProjectTimeSpent
FN:28,startTimeTracking
FN:37,stopTimeTracking
FN:58,addTimeToProject
FN:70,formatTimeSpent
FN:89,getAllTimeTrackingData
FN:97,resetProjectTime
FN:109,resetAllTimeTracking
FNF:8
FNH:2
FNDA:0,getProjectTimeSpent
FNDA:5,startTimeTracking
FNDA:5,stopTimeTracking
FNDA:0,addTimeToProject
FNDA:0,formatTimeSpent
FNDA:0,getAllTimeTrackingData
FNDA:0,resetProjectTime
FNDA:0,resetAllTimeTracking
DA:6,3
DA:7,3
DA:16,3
DA:17,0
DA:18,0
DA:20,0
DA:21,0
DA:28,3
DA:30,5
DA:37,3
DA:38,5
DA:39,5
DA:41,5
DA:43,5
DA:44,5
DA:45,5
DA:47,5
DA:48,0
DA:52,5
DA:59,0
DA:60,0
DA:62,0
DA:63,0
DA:70,3
DA:71,0
DA:73,0
DA:74,0
DA:75,0
DA:77,0
DA:79,0
DA:80,0
DA:81,0
DA:83,0
DA:89,3
DA:90,0
DA:91,0
DA:97,3
DA:98,0
DA:99,0
DA:101,0
DA:102,0
DA:103,0
DA:109,3
DA:110,0
LF:44
LH:18
BRDA:18,0,0,0
BRDA:18,0,1,0
BRDA:21,1,0,0
BRDA:21,1,1,0
BRDA:41,2,0,0
BRDA:41,2,1,5
BRDA:47,3,0,0
BRDA:47,3,1,5
BRDA:60,4,0,0
BRDA:60,4,1,0
BRDA:62,5,0,0
BRDA:62,5,1,0
BRDA:71,6,0,0
BRDA:71,6,1,0
BRDA:79,7,0,0
BRDA:79,7,1,0
BRDA:80,8,0,0
BRDA:80,8,1,0
BRDA:81,9,0,0
BRDA:81,9,1,0
BRDA:91,10,0,0
BRDA:91,10,1,0
BRDA:99,11,0,0
BRDA:99,11,1,0
BRF:24
BRH:2
end_of_record
