{"C:\\Users\\Amalia\\Documents\\Ama\\facultate\\ANUL2\\MPP\\ArchiPro_frontend\\src\\App.tsx": {"path":"C:\\Users\\Amalia\\Documents\\Ama\\facultate\\ANUL2\\MPP\\ArchiPro_frontend\\src\\App.tsx","statementMap":{"0":{"start":{"line":1,"column":0},"end":{"line":1,"column":48}},"1":{"start":{"line":2,"column":0},"end":{"line":2,"column":18}},"2":{"start":{"line":3,"column":0},"end":{"line":3,"column":35}},"3":{"start":{"line":4,"column":0},"end":{"line":4,"column":43}},"4":{"start":{"line":5,"column":0},"end":{"line":5,"column":47}},"5":{"start":{"line":7,"column":0},"end":{"line":7,"column":32}},"6":{"start":{"line":8,"column":0},"end":{"line":8,"column":49}},"7":{"start":{"line":9,"column":0},"end":{"line":9,"column":43}},"8":{"start":{"line":10,"column":0},"end":{"line":10,"column":51}},"9":{"start":{"line":11,"column":0},"end":{"line":11,"column":45}},"10":{"start":{"line":13,"column":0},"end":{"line":13,"column":55}},"11":{"start":{"line":14,"column":0},"end":{"line":14,"column":67}},"12":{"start":{"line":15,"column":0},"end":{"line":15,"column":51}},"13":{"start":{"line":16,"column":0},"end":{"line":16,"column":47}},"14":{"start":{"line":19,"column":28},"end":{"line":19,"column":48}},"15":{"start":{"line":20,"column":34},"end":{"line":82,"column":12}},"16":{"start":{"line":84,"column":21},"end":{"line":86,"column":3}},"17":{"start":{"line":85,"column":4},"end":{"line":85,"column":40}},"18":{"start":{"line":88,"column":24},"end":{"line":90,"column":3}},"19":{"start":{"line":89,"column":4},"end":{"line":89,"column":94}},"20":{"start":{"line":89,"column":34},"end":{"line":89,"column":92}},"21":{"start":{"line":89,"column":67},"end":{"line":89,"column":91}},"22":{"start":{"line":92,"column":24},"end":{"line":98,"column":3}},"23":{"start":{"line":93,"column":4},"end":{"line":97,"column":6}},"24":{"start":{"line":94,"column":6},"end":{"line":95,"column":null}},"25":{"start":{"line":95,"column":8},"end":{"line":95,"column":67}},"26":{"start":{"line":100,"column":23},"end":{"line":102,"column":3}},"27":{"start":{"line":101,"column":4},"end":{"line":101,"column":31}},"28":{"start":{"line":104,"column":20},"end":{"line":107,"column":3}},"29":{"start":{"line":105,"column":17},"end":{"line":105,"column":86}},"30":{"start":{"line":105,"column":35},"end":{"line":105,"column":85}},"31":{"start":{"line":106,"column":4},"end":{"line":106,"column":30}},"32":{"start":{"line":109,"column":2},"end":{"line":123,"column":null}},"33":{"start":{"line":126,"column":0},"end":{"line":126,"column":null}}},"fnMap":{"0":{"name":"App","decl":{"start":{"line":17,"column":9},"end":{"line":17,"column":12}},"loc":{"start":{"line":17,"column":12},"end":{"line":124,"column":1}}},"1":{"name":"(anonymous_1)","decl":{"start":{"line":84,"column":21},"end":{"line":84,"column":22}},"loc":{"start":{"line":84,"column":42},"end":{"line":86,"column":3}}},"2":{"name":"(anonymous_2)","decl":{"start":{"line":88,"column":24},"end":{"line":88,"column":25}},"loc":{"start":{"line":88,"column":46},"end":{"line":90,"column":3}}},"3":{"name":"(anonymous_3)","decl":{"start":{"line":89,"column":16},"end":{"line":89,"column":17}},"loc":{"start":{"line":89,"column":34},"end":{"line":89,"column":92}}},"4":{"name":"(anonymous_4)","decl":{"start":{"line":89,"column":54},"end":{"line":89,"column":55}},"loc":{"start":{"line":89,"column":67},"end":{"line":89,"column":91}}},"5":{"name":"(anonymous_5)","decl":{"start":{"line":92,"column":24},"end":{"line":92,"column":25}},"loc":{"start":{"line":92,"column":52},"end":{"line":98,"column":3}}},"6":{"name":"(anonymous_6)","decl":{"start":{"line":93,"column":16},"end":{"line":93,"column":17}},"loc":{"start":{"line":94,"column":6},"end":{"line":95,"column":null}}},"7":{"name":"(anonymous_7)","decl":{"start":{"line":94,"column":23},"end":{"line":94,"column":24}},"loc":{"start":{"line":95,"column":8},"end":{"line":95,"column":67}}},"8":{"name":"(anonymous_8)","decl":{"start":{"line":100,"column":23},"end":{"line":100,"column":24}},"loc":{"start":{"line":100,"column":38},"end":{"line":102,"column":3}}},"9":{"name":"(anonymous_9)","decl":{"start":{"line":104,"column":20},"end":{"line":104,"column":21}},"loc":{"start":{"line":104,"column":59},"end":{"line":107,"column":3}}},"10":{"name":"(anonymous_10)","decl":{"start":{"line":105,"column":28},"end":{"line":105,"column":29}},"loc":{"start":{"line":105,"column":35},"end":{"line":105,"column":85}}}},"branchMap":{"0":{"loc":{"start":{"line":95,"column":8},"end":{"line":95,"column":67}},"type":"cond-expr","locations":[{"start":{"line":95,"column":43},"end":{"line":95,"column":57}},{"start":{"line":95,"column":60},"end":{"line":95,"column":67}}]},"1":{"loc":{"start":{"line":105,"column":35},"end":{"line":105,"column":85}},"type":"binary-expr","locations":[{"start":{"line":105,"column":35},"end":{"line":105,"column":58}},{"start":{"line":105,"column":62},"end":{"line":105,"column":85}}]},"2":{"loc":{"start":{"line":106,"column":11},"end":{"line":106,"column":29}},"type":"cond-expr","locations":[{"start":{"line":106,"column":18},"end":{"line":106,"column":22}},{"start":{"line":106,"column":25},"end":{"line":106,"column":29}}]}},"s":{"0":1,"1":1,"2":1,"3":1,"4":1,"5":1,"6":1,"7":1,"8":1,"9":1,"10":1,"11":1,"12":1,"13":1,"14":1,"15":1,"16":1,"17":0,"18":1,"19":0,"20":0,"21":0,"22":1,"23":0,"24":0,"25":0,"26":1,"27":0,"28":1,"29":0,"30":0,"31":0,"32":1,"33":1},"f":{"0":1,"1":0,"2":0,"3":0,"4":0,"5":0,"6":0,"7":0,"8":0,"9":0,"10":0},"b":{"0":[0,0],"1":[0,0],"2":[0,0]}}
,"C:\\Users\\Amalia\\Documents\\Ama\\facultate\\ANUL2\\MPP\\ArchiPro_frontend\\src\\components\\AddForm.tsx": {"path":"C:\\Users\\Amalia\\Documents\\Ama\\facultate\\ANUL2\\MPP\\ArchiPro_frontend\\src\\components\\AddForm.tsx","statementMap":{"0":{"start":{"line":1,"column":0},"end":{"line":1,"column":23}},"1":{"start":{"line":2,"column":0},"end":{"line":2,"column":47}},"2":{"start":{"line":3,"column":0},"end":{"line":3,"column":33}},"3":{"start":{"line":6,"column":21},"end":{"line":6,"column":34}},"4":{"start":{"line":8,"column":44},"end":{"line":8,"column":56}},"5":{"start":{"line":9,"column":50},"end":{"line":9,"column":62}},"6":{"start":{"line":10,"column":38},"end":{"line":10,"column":50}},"7":{"start":{"line":11,"column":34},"end":{"line":11,"column":46}},"8":{"start":{"line":12,"column":42},"end":{"line":12,"column":54}},"9":{"start":{"line":14,"column":32},"end":{"line":20,"column":6}},"10":{"start":{"line":22,"column":25},"end":{"line":58,"column":5}},"11":{"start":{"line":23,"column":20},"end":{"line":23,"column":24}},"12":{"start":{"line":24,"column":26},"end":{"line":30,"column":10}},"13":{"start":{"line":31,"column":8},"end":{"line":34,"column":9}},"14":{"start":{"line":32,"column":12},"end":{"line":32,"column":66}},"15":{"start":{"line":33,"column":12},"end":{"line":33,"column":26}},"16":{"start":{"line":35,"column":8},"end":{"line":38,"column":9}},"17":{"start":{"line":36,"column":12},"end":{"line":36,"column":64}},"18":{"start":{"line":37,"column":12},"end":{"line":37,"column":26}},"19":{"start":{"line":39,"column":8},"end":{"line":42,"column":9}},"20":{"start":{"line":40,"column":12},"end":{"line":40,"column":60}},"21":{"start":{"line":41,"column":12},"end":{"line":41,"column":26}},"22":{"start":{"line":43,"column":8},"end":{"line":46,"column":9}},"23":{"start":{"line":44,"column":12},"end":{"line":44,"column":56}},"24":{"start":{"line":45,"column":12},"end":{"line":45,"column":26}},"25":{"start":{"line":47,"column":8},"end":{"line":50,"column":9}},"26":{"start":{"line":48,"column":12},"end":{"line":48,"column":69}},"27":{"start":{"line":49,"column":12},"end":{"line":49,"column":26}},"28":{"start":{"line":51,"column":8},"end":{"line":54,"column":9}},"29":{"start":{"line":52,"column":12},"end":{"line":52,"column":63}},"30":{"start":{"line":53,"column":12},"end":{"line":53,"column":26}},"31":{"start":{"line":56,"column":8},"end":{"line":56,"column":29}},"32":{"start":{"line":57,"column":8},"end":{"line":57,"column":21}},"33":{"start":{"line":60,"column":29},"end":{"line":79,"column":5}},"34":{"start":{"line":61,"column":8},"end":{"line":61,"column":34}},"35":{"start":{"line":61,"column":15},"end":{"line":61,"column":34}},"36":{"start":{"line":62,"column":8},"end":{"line":64,"column":9}},"37":{"start":{"line":63,"column":12},"end":{"line":63,"column":19}},"38":{"start":{"line":65,"column":24},"end":{"line":76,"column":10}},"39":{"start":{"line":77,"column":8},"end":{"line":77,"column":30}},"40":{"start":{"line":78,"column":8},"end":{"line":78,"column":30}},"41":{"start":{"line":81,"column":25},"end":{"line":83,"column":5}},"42":{"start":{"line":82,"column":8},"end":{"line":82,"column":30}},"43":{"start":{"line":85,"column":4},"end":{"line":143,"column":6}},"44":{"start":{"line":93,"column":37},"end":{"line":93,"column":68}},"45":{"start":{"line":102,"column":37},"end":{"line":102,"column":71}},"46":{"start":{"line":111,"column":37},"end":{"line":111,"column":65}},"47":{"start":{"line":120,"column":37},"end":{"line":120,"column":63}},"48":{"start":{"line":129,"column":37},"end":{"line":129,"column":67}},"49":{"start":{"line":146,"column":0},"end":{"line":146,"column":23}}},"fnMap":{"0":{"name":"AddForm","decl":{"start":{"line":5,"column":9},"end":{"line":5,"column":16}},"loc":{"start":{"line":5,"column":75},"end":{"line":144,"column":1}}},"1":{"name":"(anonymous_1)","decl":{"start":{"line":22,"column":25},"end":{"line":22,"column":28}},"loc":{"start":{"line":22,"column":30},"end":{"line":58,"column":5}}},"2":{"name":"(anonymous_2)","decl":{"start":{"line":60,"column":29},"end":{"line":60,"column":30}},"loc":{"start":{"line":60,"column":53},"end":{"line":79,"column":5}}},"3":{"name":"(anonymous_3)","decl":{"start":{"line":81,"column":25},"end":{"line":81,"column":28}},"loc":{"start":{"line":81,"column":30},"end":{"line":83,"column":5}}},"4":{"name":"(anonymous_4)","decl":{"start":{"line":93,"column":30},"end":{"line":93,"column":31}},"loc":{"start":{"line":93,"column":37},"end":{"line":93,"column":68}}},"5":{"name":"(anonymous_5)","decl":{"start":{"line":102,"column":30},"end":{"line":102,"column":31}},"loc":{"start":{"line":102,"column":37},"end":{"line":102,"column":71}}},"6":{"name":"(anonymous_6)","decl":{"start":{"line":111,"column":30},"end":{"line":111,"column":31}},"loc":{"start":{"line":111,"column":37},"end":{"line":111,"column":65}}},"7":{"name":"(anonymous_7)","decl":{"start":{"line":120,"column":30},"end":{"line":120,"column":31}},"loc":{"start":{"line":120,"column":37},"end":{"line":120,"column":63}}},"8":{"name":"(anonymous_8)","decl":{"start":{"line":129,"column":30},"end":{"line":129,"column":31}},"loc":{"start":{"line":129,"column":37},"end":{"line":129,"column":67}}}},"branchMap":{"0":{"loc":{"start":{"line":31,"column":8},"end":{"line":34,"column":9}},"type":"if","locations":[{"start":{"line":31,"column":8},"end":{"line":34,"column":9}},{"start":{},"end":{}}]},"1":{"loc":{"start":{"line":35,"column":8},"end":{"line":38,"column":9}},"type":"if","locations":[{"start":{"line":35,"column":8},"end":{"line":38,"column":9}},{"start":{},"end":{}}]},"2":{"loc":{"start":{"line":39,"column":8},"end":{"line":42,"column":9}},"type":"if","locations":[{"start":{"line":39,"column":8},"end":{"line":42,"column":9}},{"start":{},"end":{}}]},"3":{"loc":{"start":{"line":43,"column":8},"end":{"line":46,"column":9}},"type":"if","locations":[{"start":{"line":43,"column":8},"end":{"line":46,"column":9}},{"start":{},"end":{}}]},"4":{"loc":{"start":{"line":47,"column":8},"end":{"line":50,"column":9}},"type":"if","locations":[{"start":{"line":47,"column":8},"end":{"line":50,"column":9}},{"start":{},"end":{}}]},"5":{"loc":{"start":{"line":47,"column":12},"end":{"line":47,"column":75}},"type":"binary-expr","locations":[{"start":{"line":47,"column":12},"end":{"line":47,"column":21}},{"start":{"line":47,"column":25},"end":{"line":47,"column":32}},{"start":{"line":47,"column":36},"end":{"line":47,"column":75}}]},"6":{"loc":{"start":{"line":51,"column":8},"end":{"line":54,"column":9}},"type":"if","locations":[{"start":{"line":51,"column":8},"end":{"line":54,"column":9}},{"start":{},"end":{}}]},"7":{"loc":{"start":{"line":61,"column":8},"end":{"line":61,"column":34}},"type":"if","locations":[{"start":{"line":61,"column":8},"end":{"line":61,"column":34}},{"start":{},"end":{}}]},"8":{"loc":{"start":{"line":62,"column":8},"end":{"line":64,"column":9}},"type":"if","locations":[{"start":{"line":62,"column":8},"end":{"line":64,"column":9}},{"start":{},"end":{}}]},"9":{"loc":{"start":{"line":95,"column":17},"end":{"line":95,"column":100}},"type":"binary-expr","locations":[{"start":{"line":95,"column":17},"end":{"line":95,"column":36}},{"start":{"line":95,"column":40},"end":{"line":95,"column":100}}]},"10":{"loc":{"start":{"line":104,"column":17},"end":{"line":104,"column":106}},"type":"binary-expr","locations":[{"start":{"line":104,"column":17},"end":{"line":104,"column":39}},{"start":{"line":104,"column":43},"end":{"line":104,"column":106}}]},"11":{"loc":{"start":{"line":113,"column":17},"end":{"line":113,"column":94}},"type":"binary-expr","locations":[{"start":{"line":113,"column":17},"end":{"line":113,"column":33}},{"start":{"line":113,"column":37},"end":{"line":113,"column":94}}]},"12":{"loc":{"start":{"line":122,"column":17},"end":{"line":122,"column":90}},"type":"binary-expr","locations":[{"start":{"line":122,"column":17},"end":{"line":122,"column":31}},{"start":{"line":122,"column":35},"end":{"line":122,"column":90}}]},"13":{"loc":{"start":{"line":131,"column":17},"end":{"line":131,"column":98}},"type":"binary-expr","locations":[{"start":{"line":131,"column":17},"end":{"line":131,"column":35}},{"start":{"line":131,"column":39},"end":{"line":131,"column":98}}]}},"s":{"0":3,"1":3,"2":3,"3":201,"4":201,"5":201,"6":201,"7":201,"8":201,"9":201,"10":201,"11":6,"12":6,"13":6,"14":3,"15":3,"16":6,"17":3,"18":3,"19":6,"20":2,"21":2,"22":6,"23":2,"24":2,"25":6,"26":1,"27":1,"28":6,"29":3,"30":3,"31":6,"32":6,"33":201,"34":6,"35":6,"36":6,"37":4,"38":2,"39":2,"40":2,"41":201,"42":2,"43":201,"44":39,"45":36,"46":4,"47":4,"48":99,"49":3},"f":{"0":201,"1":6,"2":6,"3":2,"4":39,"5":36,"6":4,"7":4,"8":99},"b":{"0":[3,3],"1":[3,3],"2":[2,4],"3":[2,4],"4":[1,5],"5":[6,4,4],"6":[3,3],"7":[6,0],"8":[4,2],"9":[201,4],"10":[201,4],"11":[201,2],"12":[201,3],"13":[201,4]}}
,"C:\\Users\\Amalia\\Documents\\Ama\\facultate\\ANUL2\\MPP\\ArchiPro_frontend\\src\\components\\EditForm.tsx": {"path":"C:\\Users\\Amalia\\Documents\\Ama\\facultate\\ANUL2\\MPP\\ArchiPro_frontend\\src\\components\\EditForm.tsx","statementMap":{"0":{"start":{"line":1,"column":0},"end":{"line":1,"column":33}},"1":{"start":{"line":2,"column":0},"end":{"line":2,"column":24}},"2":{"start":{"line":3,"column":0},"end":{"line":3,"column":47}},"3":{"start":{"line":7,"column":21},"end":{"line":7,"column":34}},"4":{"start":{"line":9,"column":44},"end":{"line":9,"column":73}},"5":{"start":{"line":10,"column":50},"end":{"line":10,"column":83}},"6":{"start":{"line":11,"column":38},"end":{"line":11,"column":72}},"7":{"start":{"line":12,"column":34},"end":{"line":12,"column":66}},"8":{"start":{"line":13,"column":42},"end":{"line":13,"column":78}},"9":{"start":{"line":15,"column":33},"end":{"line":21,"column":6}},"10":{"start":{"line":23,"column":25},"end":{"line":59,"column":5}},"11":{"start":{"line":24,"column":20},"end":{"line":24,"column":24}},"12":{"start":{"line":25,"column":26},"end":{"line":31,"column":10}},"13":{"start":{"line":32,"column":8},"end":{"line":35,"column":9}},"14":{"start":{"line":33,"column":12},"end":{"line":33,"column":66}},"15":{"start":{"line":34,"column":12},"end":{"line":34,"column":26}},"16":{"start":{"line":36,"column":8},"end":{"line":39,"column":9}},"17":{"start":{"line":37,"column":12},"end":{"line":37,"column":64}},"18":{"start":{"line":38,"column":12},"end":{"line":38,"column":26}},"19":{"start":{"line":40,"column":8},"end":{"line":43,"column":9}},"20":{"start":{"line":41,"column":12},"end":{"line":41,"column":60}},"21":{"start":{"line":42,"column":12},"end":{"line":42,"column":26}},"22":{"start":{"line":44,"column":8},"end":{"line":47,"column":9}},"23":{"start":{"line":45,"column":12},"end":{"line":45,"column":56}},"24":{"start":{"line":46,"column":12},"end":{"line":46,"column":26}},"25":{"start":{"line":48,"column":8},"end":{"line":51,"column":9}},"26":{"start":{"line":49,"column":12},"end":{"line":49,"column":69}},"27":{"start":{"line":50,"column":12},"end":{"line":50,"column":26}},"28":{"start":{"line":52,"column":8},"end":{"line":55,"column":9}},"29":{"start":{"line":53,"column":12},"end":{"line":53,"column":63}},"30":{"start":{"line":54,"column":12},"end":{"line":54,"column":26}},"31":{"start":{"line":57,"column":8},"end":{"line":57,"column":29}},"32":{"start":{"line":58,"column":8},"end":{"line":58,"column":21}},"33":{"start":{"line":61,"column":30},"end":{"line":80,"column":5}},"34":{"start":{"line":62,"column":8},"end":{"line":62,"column":34}},"35":{"start":{"line":62,"column":15},"end":{"line":62,"column":34}},"36":{"start":{"line":63,"column":8},"end":{"line":65,"column":9}},"37":{"start":{"line":64,"column":12},"end":{"line":64,"column":19}},"38":{"start":{"line":66,"column":31},"end":{"line":77,"column":10}},"39":{"start":{"line":78,"column":8},"end":{"line":78,"column":40}},"40":{"start":{"line":79,"column":8},"end":{"line":79,"column":83}},"41":{"start":{"line":82,"column":25},"end":{"line":84,"column":5}},"42":{"start":{"line":83,"column":8},"end":{"line":83,"column":76}},"43":{"start":{"line":86,"column":4},"end":{"line":114,"column":6}},"44":{"start":{"line":90,"column":111},"end":{"line":90,"column":142}},"45":{"start":{"line":94,"column":102},"end":{"line":94,"column":136}},"46":{"start":{"line":98,"column":95},"end":{"line":98,"column":123}},"47":{"start":{"line":102,"column":93},"end":{"line":102,"column":119}},"48":{"start":{"line":105,"column":112},"end":{"line":105,"column":142}},"49":{"start":{"line":117,"column":0},"end":{"line":117,"column":24}}},"fnMap":{"0":{"name":"EditForm","decl":{"start":{"line":6,"column":9},"end":{"line":6,"column":17}},"loc":{"start":{"line":6,"column":120},"end":{"line":115,"column":1}}},"1":{"name":"(anonymous_1)","decl":{"start":{"line":23,"column":25},"end":{"line":23,"column":28}},"loc":{"start":{"line":23,"column":30},"end":{"line":59,"column":5}}},"2":{"name":"(anonymous_2)","decl":{"start":{"line":61,"column":30},"end":{"line":61,"column":31}},"loc":{"start":{"line":61,"column":54},"end":{"line":80,"column":5}}},"3":{"name":"(anonymous_3)","decl":{"start":{"line":82,"column":25},"end":{"line":82,"column":28}},"loc":{"start":{"line":82,"column":30},"end":{"line":84,"column":5}}},"4":{"name":"(anonymous_4)","decl":{"start":{"line":90,"column":104},"end":{"line":90,"column":105}},"loc":{"start":{"line":90,"column":111},"end":{"line":90,"column":142}}},"5":{"name":"(anonymous_5)","decl":{"start":{"line":94,"column":95},"end":{"line":94,"column":96}},"loc":{"start":{"line":94,"column":102},"end":{"line":94,"column":136}}},"6":{"name":"(anonymous_6)","decl":{"start":{"line":98,"column":88},"end":{"line":98,"column":89}},"loc":{"start":{"line":98,"column":95},"end":{"line":98,"column":123}}},"7":{"name":"(anonymous_7)","decl":{"start":{"line":102,"column":86},"end":{"line":102,"column":87}},"loc":{"start":{"line":102,"column":93},"end":{"line":102,"column":119}}},"8":{"name":"(anonymous_8)","decl":{"start":{"line":105,"column":105},"end":{"line":105,"column":106}},"loc":{"start":{"line":105,"column":112},"end":{"line":105,"column":142}}}},"branchMap":{"0":{"loc":{"start":{"line":32,"column":8},"end":{"line":35,"column":9}},"type":"if","locations":[{"start":{"line":32,"column":8},"end":{"line":35,"column":9}},{"start":{},"end":{}}]},"1":{"loc":{"start":{"line":36,"column":8},"end":{"line":39,"column":9}},"type":"if","locations":[{"start":{"line":36,"column":8},"end":{"line":39,"column":9}},{"start":{},"end":{}}]},"2":{"loc":{"start":{"line":40,"column":8},"end":{"line":43,"column":9}},"type":"if","locations":[{"start":{"line":40,"column":8},"end":{"line":43,"column":9}},{"start":{},"end":{}}]},"3":{"loc":{"start":{"line":44,"column":8},"end":{"line":47,"column":9}},"type":"if","locations":[{"start":{"line":44,"column":8},"end":{"line":47,"column":9}},{"start":{},"end":{}}]},"4":{"loc":{"start":{"line":48,"column":8},"end":{"line":51,"column":9}},"type":"if","locations":[{"start":{"line":48,"column":8},"end":{"line":51,"column":9}},{"start":{},"end":{}}]},"5":{"loc":{"start":{"line":48,"column":12},"end":{"line":48,"column":75}},"type":"binary-expr","locations":[{"start":{"line":48,"column":12},"end":{"line":48,"column":21}},{"start":{"line":48,"column":25},"end":{"line":48,"column":32}},{"start":{"line":48,"column":36},"end":{"line":48,"column":75}}]},"6":{"loc":{"start":{"line":52,"column":8},"end":{"line":55,"column":9}},"type":"if","locations":[{"start":{"line":52,"column":8},"end":{"line":55,"column":9}},{"start":{},"end":{}}]},"7":{"loc":{"start":{"line":62,"column":8},"end":{"line":62,"column":34}},"type":"if","locations":[{"start":{"line":62,"column":8},"end":{"line":62,"column":34}},{"start":{},"end":{}}]},"8":{"loc":{"start":{"line":63,"column":8},"end":{"line":65,"column":9}},"type":"if","locations":[{"start":{"line":63,"column":8},"end":{"line":65,"column":9}},{"start":{},"end":{}}]},"9":{"loc":{"start":{"line":91,"column":17},"end":{"line":91,"column":100}},"type":"binary-expr","locations":[{"start":{"line":91,"column":17},"end":{"line":91,"column":36}},{"start":{"line":91,"column":40},"end":{"line":91,"column":100}}]},"10":{"loc":{"start":{"line":95,"column":17},"end":{"line":95,"column":106}},"type":"binary-expr","locations":[{"start":{"line":95,"column":17},"end":{"line":95,"column":39}},{"start":{"line":95,"column":43},"end":{"line":95,"column":106}}]},"11":{"loc":{"start":{"line":99,"column":17},"end":{"line":99,"column":94}},"type":"binary-expr","locations":[{"start":{"line":99,"column":17},"end":{"line":99,"column":33}},{"start":{"line":99,"column":37},"end":{"line":99,"column":94}}]},"12":{"loc":{"start":{"line":103,"column":17},"end":{"line":103,"column":90}},"type":"binary-expr","locations":[{"start":{"line":103,"column":17},"end":{"line":103,"column":31}},{"start":{"line":103,"column":35},"end":{"line":103,"column":90}}]},"13":{"loc":{"start":{"line":106,"column":17},"end":{"line":106,"column":98}},"type":"binary-expr","locations":[{"start":{"line":106,"column":17},"end":{"line":106,"column":35}},{"start":{"line":106,"column":39},"end":{"line":106,"column":98}}]}},"s":{"0":3,"1":3,"2":3,"3":106,"4":106,"5":106,"6":106,"7":106,"8":106,"9":106,"10":106,"11":8,"12":8,"13":8,"14":2,"15":2,"16":8,"17":1,"18":1,"19":8,"20":1,"21":1,"22":8,"23":1,"24":1,"25":8,"26":1,"27":1,"28":8,"29":1,"30":1,"31":8,"32":8,"33":106,"34":8,"35":8,"36":8,"37":7,"38":1,"39":1,"40":1,"41":106,"42":1,"43":106,"44":29,"45":12,"46":5,"47":5,"48":37,"49":3},"f":{"0":106,"1":8,"2":8,"3":1,"4":29,"5":12,"6":5,"7":5,"8":37},"b":{"0":[2,6],"1":[1,7],"2":[1,7],"3":[1,7],"4":[1,7],"5":[8,7,6],"6":[1,7],"7":[8,0],"8":[7,1],"9":[106,2],"10":[106,1],"11":[106,1],"12":[106,2],"13":[106,1]}}
,"C:\\Users\\Amalia\\Documents\\Ama\\facultate\\ANUL2\\MPP\\ArchiPro_frontend\\src\\components\\Features.tsx": {"path":"C:\\Users\\Amalia\\Documents\\Ama\\facultate\\ANUL2\\MPP\\ArchiPro_frontend\\src\\components\\Features.tsx","statementMap":{"0":{"start":{"line":1,"column":0},"end":{"line":1,"column":23}},"1":{"start":{"line":2,"column":0},"end":{"line":2,"column":53}},"2":{"start":{"line":3,"column":0},"end":{"line":3,"column":55}},"3":{"start":{"line":5,"column":4},"end":{"line":40,"column":null}},"4":{"start":{"line":43,"column":0},"end":{"line":43,"column":24}}},"fnMap":{"0":{"name":"Features","decl":{"start":{"line":4,"column":9},"end":{"line":4,"column":17}},"loc":{"start":{"line":4,"column":17},"end":{"line":41,"column":1}}}},"branchMap":{},"s":{"0":2,"1":2,"2":2,"3":2,"4":2},"f":{"0":2},"b":{}}
,"C:\\Users\\Amalia\\Documents\\Ama\\facultate\\ANUL2\\MPP\\ArchiPro_frontend\\src\\components\\Hero.tsx": {"path":"C:\\Users\\Amalia\\Documents\\Ama\\facultate\\ANUL2\\MPP\\ArchiPro_frontend\\src\\components\\Hero.tsx","statementMap":{"0":{"start":{"line":2,"column":0},"end":{"line":2,"column":19}},"1":{"start":{"line":3,"column":0},"end":{"line":3,"column":47}},"2":{"start":{"line":5,"column":21},"end":{"line":5,"column":34}},"3":{"start":{"line":7,"column":26},"end":{"line":9,"column":5}},"4":{"start":{"line":8,"column":8},"end":{"line":8,"column":30}},"5":{"start":{"line":10,"column":4},"end":{"line":15,"column":null}},"6":{"start":{"line":18,"column":0},"end":{"line":18,"column":20}}},"fnMap":{"0":{"name":"Hero","decl":{"start":{"line":4,"column":9},"end":{"line":4,"column":13}},"loc":{"start":{"line":4,"column":13},"end":{"line":16,"column":1}}},"1":{"name":"(anonymous_1)","decl":{"start":{"line":7,"column":26},"end":{"line":7,"column":29}},"loc":{"start":{"line":7,"column":31},"end":{"line":9,"column":5}}}},"branchMap":{},"s":{"0":2,"1":2,"2":2,"3":2,"4":0,"5":2,"6":2},"f":{"0":2,"1":0},"b":{}}
,"C:\\Users\\Amalia\\Documents\\Ama\\facultate\\ANUL2\\MPP\\ArchiPro_frontend\\src\\components\\LoginForm.tsx": {"path":"C:\\Users\\Amalia\\Documents\\Ama\\facultate\\ANUL2\\MPP\\ArchiPro_frontend\\src\\components\\LoginForm.tsx","statementMap":{"0":{"start":{"line":1,"column":0},"end":{"line":1,"column":33}},"1":{"start":{"line":2,"column":0},"end":{"line":2,"column":47}},"2":{"start":{"line":3,"column":0},"end":{"line":3,"column":25}},"3":{"start":{"line":6,"column":21},"end":{"line":6,"column":34}},"4":{"start":{"line":7,"column":30},"end":{"line":7,"column":42}},"5":{"start":{"line":8,"column":36},"end":{"line":8,"column":48}},"6":{"start":{"line":9,"column":32},"end":{"line":12,"column":6}},"7":{"start":{"line":13,"column":25},"end":{"line":35,"column":5}},"8":{"start":{"line":14,"column":20},"end":{"line":14,"column":24}},"9":{"start":{"line":15,"column":26},"end":{"line":18,"column":10}},"10":{"start":{"line":19,"column":8},"end":{"line":25,"column":9}},"11":{"start":{"line":20,"column":12},"end":{"line":20,"column":51}},"12":{"start":{"line":21,"column":12},"end":{"line":21,"column":26}},"13":{"start":{"line":22,"column":15},"end":{"line":25,"column":9}},"14":{"start":{"line":23,"column":12},"end":{"line":23,"column":50}},"15":{"start":{"line":24,"column":12},"end":{"line":24,"column":26}},"16":{"start":{"line":26,"column":8},"end":{"line":32,"column":9}},"17":{"start":{"line":27,"column":12},"end":{"line":27,"column":57}},"18":{"start":{"line":28,"column":12},"end":{"line":28,"column":26}},"19":{"start":{"line":29,"column":15},"end":{"line":32,"column":9}},"20":{"start":{"line":30,"column":12},"end":{"line":30,"column":75}},"21":{"start":{"line":31,"column":12},"end":{"line":31,"column":26}},"22":{"start":{"line":33,"column":8},"end":{"line":33,"column":29}},"23":{"start":{"line":34,"column":8},"end":{"line":34,"column":21}},"24":{"start":{"line":37,"column":24},"end":{"line":45,"column":5}},"25":{"start":{"line":38,"column":8},"end":{"line":38,"column":34}},"26":{"start":{"line":38,"column":15},"end":{"line":38,"column":34}},"27":{"start":{"line":39,"column":8},"end":{"line":44,"column":9}},"28":{"start":{"line":41,"column":12},"end":{"line":41,"column":65}},"29":{"start":{"line":42,"column":12},"end":{"line":42,"column":41}},"30":{"start":{"line":43,"column":12},"end":{"line":43,"column":34}},"31":{"start":{"line":46,"column":4},"end":{"line":78,"column":6}},"32":{"start":{"line":50,"column":60},"end":{"line":50,"column":81}},"33":{"start":{"line":59,"column":41},"end":{"line":59,"column":65}},"34":{"start":{"line":71,"column":41},"end":{"line":71,"column":68}},"35":{"start":{"line":81,"column":0},"end":{"line":81,"column":25}}},"fnMap":{"0":{"name":"LoginForm","decl":{"start":{"line":5,"column":9},"end":{"line":5,"column":18}},"loc":{"start":{"line":5,"column":97},"end":{"line":79,"column":1}}},"1":{"name":"(anonymous_1)","decl":{"start":{"line":13,"column":25},"end":{"line":13,"column":28}},"loc":{"start":{"line":13,"column":30},"end":{"line":35,"column":5}}},"2":{"name":"(anonymous_2)","decl":{"start":{"line":37,"column":24},"end":{"line":37,"column":25}},"loc":{"start":{"line":37,"column":48},"end":{"line":45,"column":5}}},"3":{"name":"(anonymous_3)","decl":{"start":{"line":50,"column":54},"end":{"line":50,"column":57}},"loc":{"start":{"line":50,"column":60},"end":{"line":50,"column":81}}},"4":{"name":"(anonymous_4)","decl":{"start":{"line":59,"column":34},"end":{"line":59,"column":35}},"loc":{"start":{"line":59,"column":41},"end":{"line":59,"column":65}}},"5":{"name":"(anonymous_5)","decl":{"start":{"line":71,"column":34},"end":{"line":71,"column":35}},"loc":{"start":{"line":71,"column":41},"end":{"line":71,"column":68}}}},"branchMap":{"0":{"loc":{"start":{"line":19,"column":8},"end":{"line":25,"column":9}},"type":"if","locations":[{"start":{"line":19,"column":8},"end":{"line":25,"column":9}},{"start":{"line":22,"column":15},"end":{"line":25,"column":9}}]},"1":{"loc":{"start":{"line":22,"column":15},"end":{"line":25,"column":9}},"type":"if","locations":[{"start":{"line":22,"column":15},"end":{"line":25,"column":9}},{"start":{},"end":{}}]},"2":{"loc":{"start":{"line":26,"column":8},"end":{"line":32,"column":9}},"type":"if","locations":[{"start":{"line":26,"column":8},"end":{"line":32,"column":9}},{"start":{"line":29,"column":15},"end":{"line":32,"column":9}}]},"3":{"loc":{"start":{"line":29,"column":15},"end":{"line":32,"column":9}},"type":"if","locations":[{"start":{"line":29,"column":15},"end":{"line":32,"column":9}},{"start":{},"end":{}}]},"4":{"loc":{"start":{"line":38,"column":8},"end":{"line":38,"column":34}},"type":"if","locations":[{"start":{"line":38,"column":8},"end":{"line":38,"column":34}},{"start":{},"end":{}}]},"5":{"loc":{"start":{"line":39,"column":8},"end":{"line":44,"column":9}},"type":"if","locations":[{"start":{"line":39,"column":8},"end":{"line":44,"column":9}},{"start":{},"end":{}}]},"6":{"loc":{"start":{"line":61,"column":21},"end":{"line":61,"column":82}},"type":"binary-expr","locations":[{"start":{"line":61,"column":21},"end":{"line":61,"column":33}},{"start":{"line":61,"column":37},"end":{"line":61,"column":82}}]},"7":{"loc":{"start":{"line":73,"column":21},"end":{"line":73,"column":88}},"type":"binary-expr","locations":[{"start":{"line":73,"column":21},"end":{"line":73,"column":36}},{"start":{"line":73,"column":40},"end":{"line":73,"column":88}}]}},"s":{"0":1,"1":1,"2":1,"3":0,"4":0,"5":0,"6":0,"7":0,"8":0,"9":0,"10":0,"11":0,"12":0,"13":0,"14":0,"15":0,"16":0,"17":0,"18":0,"19":0,"20":0,"21":0,"22":0,"23":0,"24":0,"25":0,"26":0,"27":0,"28":0,"29":0,"30":0,"31":0,"32":0,"33":0,"34":0,"35":1},"f":{"0":0,"1":0,"2":0,"3":0,"4":0,"5":0},"b":{"0":[0,0],"1":[0,0],"2":[0,0],"3":[0,0],"4":[0,0],"5":[0,0],"6":[0,0],"7":[0,0]}}
,"C:\\Users\\Amalia\\Documents\\Ama\\facultate\\ANUL2\\MPP\\ArchiPro_frontend\\src\\components\\ProjectRow.tsx": {"path":"C:\\Users\\Amalia\\Documents\\Ama\\facultate\\ANUL2\\MPP\\ArchiPro_frontend\\src\\components\\ProjectRow.tsx","statementMap":{"0":{"start":{"line":2,"column":0},"end":{"line":2,"column":25}},"1":{"start":{"line":10,"column":20},"end":{"line":14,"column":10}},"2":{"start":{"line":11,"column":23},"end":{"line":11,"column":42}},"3":{"start":{"line":12,"column":8},"end":{"line":12,"column":51}},"4":{"start":{"line":12,"column":20},"end":{"line":12,"column":51}},"5":{"start":{"line":13,"column":8},"end":{"line":13,"column":19}},"6":{"start":{"line":15,"column":4},"end":{"line":15,"column":40}},"7":{"start":{"line":17,"column":14},"end":{"line":17,"column":46}},"8":{"start":{"line":20,"column":4},"end":{"line":34,"column":null}},"9":{"start":{"line":37,"column":0},"end":{"line":37,"column":26}}},"fnMap":{"0":{"name":"getCookieValue","decl":{"start":{"line":9,"column":9},"end":{"line":9,"column":23}},"loc":{"start":{"line":9,"column":57},"end":{"line":16,"column":1}}},"1":{"name":"(anonymous_1)","decl":{"start":{"line":10,"column":54},"end":{"line":10,"column":55}},"loc":{"start":{"line":10,"column":89},"end":{"line":14,"column":5}}},"2":{"name":"ProjectRow","decl":{"start":{"line":19,"column":9},"end":{"line":19,"column":19}},"loc":{"start":{"line":19,"column":57},"end":{"line":35,"column":1}}}},"branchMap":{"0":{"loc":{"start":{"line":12,"column":8},"end":{"line":12,"column":51}},"type":"if","locations":[{"start":{"line":12,"column":8},"end":{"line":12,"column":51}},{"start":{},"end":{}}]},"1":{"loc":{"start":{"line":12,"column":12},"end":{"line":12,"column":18}},"type":"binary-expr","locations":[{"start":{"line":12,"column":12},"end":{"line":12,"column":13}},{"start":{"line":12,"column":17},"end":{"line":12,"column":18}}]},"2":{"loc":{"start":{"line":15,"column":11},"end":{"line":15,"column":39}},"type":"binary-expr","locations":[{"start":{"line":15,"column":11},"end":{"line":15,"column":23}},{"start":{"line":15,"column":27},"end":{"line":15,"column":39}}]}},"s":{"0":3,"1":3,"2":3,"3":3,"4":0,"5":3,"6":3,"7":3,"8":15,"9":3},"f":{"0":3,"1":3,"2":15},"b":{"0":[0,3],"1":[3,0],"2":[3,3]}}
,"C:\\Users\\Amalia\\Documents\\Ama\\facultate\\ANUL2\\MPP\\ArchiPro_frontend\\src\\components\\ProjectTopContainer.tsx": {"path":"C:\\Users\\Amalia\\Documents\\Ama\\facultate\\ANUL2\\MPP\\ArchiPro_frontend\\src\\components\\ProjectTopContainer.tsx","statementMap":{"0":{"start":{"line":2,"column":0},"end":{"line":2,"column":47}},"1":{"start":{"line":3,"column":0},"end":{"line":3,"column":35}},"2":{"start":{"line":4,"column":0},"end":{"line":4,"column":50}},"3":{"start":{"line":12,"column":21},"end":{"line":12,"column":34}},"4":{"start":{"line":14,"column":24},"end":{"line":16,"column":5}},"5":{"start":{"line":15,"column":8},"end":{"line":15,"column":26}},"6":{"start":{"line":18,"column":23},"end":{"line":20,"column":5}},"7":{"start":{"line":19,"column":8},"end":{"line":19,"column":40}},"8":{"start":{"line":22,"column":4},"end":{"line":61,"column":6}},"9":{"start":{"line":64,"column":0},"end":{"line":64,"column":35}}},"fnMap":{"0":{"name":"ProjectTopContainer","decl":{"start":{"line":5,"column":9},"end":{"line":5,"column":28}},"loc":{"start":{"line":11,"column":1},"end":{"line":62,"column":1}}},"1":{"name":"(anonymous_1)","decl":{"start":{"line":14,"column":24},"end":{"line":14,"column":27}},"loc":{"start":{"line":14,"column":29},"end":{"line":16,"column":5}}},"2":{"name":"(anonymous_2)","decl":{"start":{"line":18,"column":23},"end":{"line":18,"column":26}},"loc":{"start":{"line":18,"column":28},"end":{"line":20,"column":5}}}},"branchMap":{},"s":{"0":3,"1":3,"2":3,"3":6,"4":6,"5":1,"6":6,"7":1,"8":6,"9":3},"f":{"0":6,"1":1,"2":1},"b":{}}
,"C:\\Users\\Amalia\\Documents\\Ama\\facultate\\ANUL2\\MPP\\ArchiPro_frontend\\src\\components\\RegisterForm.tsx": {"path":"C:\\Users\\Amalia\\Documents\\Ama\\facultate\\ANUL2\\MPP\\ArchiPro_frontend\\src\\components\\RegisterForm.tsx","statementMap":{"0":{"start":{"line":1,"column":0},"end":{"line":1,"column":33}},"1":{"start":{"line":2,"column":0},"end":{"line":2,"column":47}},"2":{"start":{"line":3,"column":0},"end":{"line":3,"column":28}},"3":{"start":{"line":7,"column":21},"end":{"line":7,"column":34}},"4":{"start":{"line":9,"column":36},"end":{"line":9,"column":48}},"5":{"start":{"line":10,"column":30},"end":{"line":10,"column":42}},"6":{"start":{"line":11,"column":36},"end":{"line":11,"column":48}},"7":{"start":{"line":13,"column":32},"end":{"line":17,"column":6}},"8":{"start":{"line":19,"column":25},"end":{"line":46,"column":5}},"9":{"start":{"line":20,"column":20},"end":{"line":20,"column":24}},"10":{"start":{"line":21,"column":26},"end":{"line":25,"column":10}},"11":{"start":{"line":26,"column":8},"end":{"line":29,"column":9}},"12":{"start":{"line":27,"column":12},"end":{"line":27,"column":57}},"13":{"start":{"line":28,"column":12},"end":{"line":28,"column":26}},"14":{"start":{"line":30,"column":8},"end":{"line":36,"column":9}},"15":{"start":{"line":31,"column":12},"end":{"line":31,"column":51}},"16":{"start":{"line":32,"column":12},"end":{"line":32,"column":26}},"17":{"start":{"line":33,"column":15},"end":{"line":36,"column":9}},"18":{"start":{"line":34,"column":12},"end":{"line":34,"column":50}},"19":{"start":{"line":35,"column":12},"end":{"line":35,"column":26}},"20":{"start":{"line":37,"column":8},"end":{"line":43,"column":9}},"21":{"start":{"line":38,"column":12},"end":{"line":38,"column":57}},"22":{"start":{"line":39,"column":12},"end":{"line":39,"column":26}},"23":{"start":{"line":40,"column":15},"end":{"line":43,"column":9}},"24":{"start":{"line":41,"column":12},"end":{"line":41,"column":75}},"25":{"start":{"line":42,"column":12},"end":{"line":42,"column":26}},"26":{"start":{"line":44,"column":8},"end":{"line":44,"column":29}},"27":{"start":{"line":45,"column":8},"end":{"line":45,"column":21}},"28":{"start":{"line":48,"column":27},"end":{"line":62,"column":5}},"29":{"start":{"line":49,"column":8},"end":{"line":49,"column":34}},"30":{"start":{"line":49,"column":15},"end":{"line":49,"column":34}},"31":{"start":{"line":50,"column":8},"end":{"line":61,"column":9}},"32":{"start":{"line":52,"column":34},"end":{"line":57,"column":14}},"33":{"start":{"line":58,"column":12},"end":{"line":58,"column":36}},"34":{"start":{"line":59,"column":12},"end":{"line":59,"column":53}},"35":{"start":{"line":60,"column":12},"end":{"line":60,"column":34}},"36":{"start":{"line":64,"column":4},"end":{"line":102,"column":6}},"37":{"start":{"line":75,"column":41},"end":{"line":75,"column":68}},"38":{"start":{"line":83,"column":41},"end":{"line":83,"column":65}},"39":{"start":{"line":92,"column":41},"end":{"line":92,"column":68}},"40":{"start":{"line":99,"column":62},"end":{"line":99,"column":80}},"41":{"start":{"line":105,"column":0},"end":{"line":105,"column":28}}},"fnMap":{"0":{"name":"RegisterForm","decl":{"start":{"line":6,"column":9},"end":{"line":6,"column":21}},"loc":{"start":{"line":6,"column":80},"end":{"line":103,"column":1}}},"1":{"name":"(anonymous_1)","decl":{"start":{"line":19,"column":25},"end":{"line":19,"column":28}},"loc":{"start":{"line":19,"column":30},"end":{"line":46,"column":5}}},"2":{"name":"(anonymous_2)","decl":{"start":{"line":48,"column":27},"end":{"line":48,"column":28}},"loc":{"start":{"line":48,"column":51},"end":{"line":62,"column":5}}},"3":{"name":"(anonymous_3)","decl":{"start":{"line":75,"column":34},"end":{"line":75,"column":35}},"loc":{"start":{"line":75,"column":41},"end":{"line":75,"column":68}}},"4":{"name":"(anonymous_4)","decl":{"start":{"line":83,"column":34},"end":{"line":83,"column":35}},"loc":{"start":{"line":83,"column":41},"end":{"line":83,"column":65}}},"5":{"name":"(anonymous_5)","decl":{"start":{"line":92,"column":34},"end":{"line":92,"column":35}},"loc":{"start":{"line":92,"column":41},"end":{"line":92,"column":68}}},"6":{"name":"(anonymous_6)","decl":{"start":{"line":99,"column":56},"end":{"line":99,"column":59}},"loc":{"start":{"line":99,"column":62},"end":{"line":99,"column":80}}}},"branchMap":{"0":{"loc":{"start":{"line":26,"column":8},"end":{"line":29,"column":9}},"type":"if","locations":[{"start":{"line":26,"column":8},"end":{"line":29,"column":9}},{"start":{},"end":{}}]},"1":{"loc":{"start":{"line":30,"column":8},"end":{"line":36,"column":9}},"type":"if","locations":[{"start":{"line":30,"column":8},"end":{"line":36,"column":9}},{"start":{"line":33,"column":15},"end":{"line":36,"column":9}}]},"2":{"loc":{"start":{"line":33,"column":15},"end":{"line":36,"column":9}},"type":"if","locations":[{"start":{"line":33,"column":15},"end":{"line":36,"column":9}},{"start":{},"end":{}}]},"3":{"loc":{"start":{"line":37,"column":8},"end":{"line":43,"column":9}},"type":"if","locations":[{"start":{"line":37,"column":8},"end":{"line":43,"column":9}},{"start":{"line":40,"column":15},"end":{"line":43,"column":9}}]},"4":{"loc":{"start":{"line":40,"column":15},"end":{"line":43,"column":9}},"type":"if","locations":[{"start":{"line":40,"column":15},"end":{"line":43,"column":9}},{"start":{},"end":{}}]},"5":{"loc":{"start":{"line":49,"column":8},"end":{"line":49,"column":34}},"type":"if","locations":[{"start":{"line":49,"column":8},"end":{"line":49,"column":34}},{"start":{},"end":{}}]},"6":{"loc":{"start":{"line":50,"column":8},"end":{"line":61,"column":9}},"type":"if","locations":[{"start":{"line":50,"column":8},"end":{"line":61,"column":9}},{"start":{},"end":{}}]},"7":{"loc":{"start":{"line":77,"column":21},"end":{"line":77,"column":88}},"type":"binary-expr","locations":[{"start":{"line":77,"column":21},"end":{"line":77,"column":36}},{"start":{"line":77,"column":40},"end":{"line":77,"column":88}}]},"8":{"loc":{"start":{"line":85,"column":21},"end":{"line":85,"column":82}},"type":"binary-expr","locations":[{"start":{"line":85,"column":21},"end":{"line":85,"column":33}},{"start":{"line":85,"column":37},"end":{"line":85,"column":82}}]},"9":{"loc":{"start":{"line":94,"column":21},"end":{"line":94,"column":88}},"type":"binary-expr","locations":[{"start":{"line":94,"column":21},"end":{"line":94,"column":36}},{"start":{"line":94,"column":40},"end":{"line":94,"column":88}}]}},"s":{"0":1,"1":1,"2":1,"3":0,"4":0,"5":0,"6":0,"7":0,"8":0,"9":0,"10":0,"11":0,"12":0,"13":0,"14":0,"15":0,"16":0,"17":0,"18":0,"19":0,"20":0,"21":0,"22":0,"23":0,"24":0,"25":0,"26":0,"27":0,"28":0,"29":0,"30":0,"31":0,"32":0,"33":0,"34":0,"35":0,"36":0,"37":0,"38":0,"39":0,"40":0,"41":1},"f":{"0":0,"1":0,"2":0,"3":0,"4":0,"5":0,"6":0},"b":{"0":[0,0],"1":[0,0],"2":[0,0],"3":[0,0],"4":[0,0],"5":[0,0],"6":[0,0],"7":[0,0],"8":[0,0],"9":[0,0]}}
,"C:\\Users\\Amalia\\Documents\\Ama\\facultate\\ANUL2\\MPP\\ArchiPro_frontend\\src\\components\\SideBar.tsx": {"path":"C:\\Users\\Amalia\\Documents\\Ama\\facultate\\ANUL2\\MPP\\ArchiPro_frontend\\src\\components\\SideBar.tsx","statementMap":{"0":{"start":{"line":1,"column":0},"end":{"line":1,"column":22}},"1":{"start":{"line":2,"column":0},"end":{"line":2,"column":33}},"2":{"start":{"line":3,"column":0},"end":{"line":3,"column":47}},"3":{"start":{"line":4,"column":0},"end":{"line":4,"column":48}},"4":{"start":{"line":10,"column":15},"end":{"line":10,"column":84}},"5":{"start":{"line":13,"column":42},"end":{"line":13,"column":56}},"6":{"start":{"line":14,"column":21},"end":{"line":14,"column":34}},"7":{"start":{"line":16,"column":26},"end":{"line":18,"column":5}},"8":{"start":{"line":17,"column":8},"end":{"line":17,"column":40}},"9":{"start":{"line":17,"column":33},"end":{"line":17,"column":38}},"10":{"start":{"line":20,"column":29},"end":{"line":33,"column":5}},"11":{"start":{"line":21,"column":8},"end":{"line":21,"column":31}},"12":{"start":{"line":21,"column":24},"end":{"line":21,"column":31}},"13":{"start":{"line":23,"column":8},"end":{"line":31,"column":9}},"14":{"start":{"line":24,"column":12},"end":{"line":24,"column":46}},"15":{"start":{"line":25,"column":15},"end":{"line":31,"column":9}},"16":{"start":{"line":26,"column":12},"end":{"line":26,"column":60}},"17":{"start":{"line":27,"column":15},"end":{"line":31,"column":9}},"18":{"start":{"line":28,"column":12},"end":{"line":28,"column":55}},"19":{"start":{"line":29,"column":15},"end":{"line":31,"column":9}},"20":{"start":{"line":30,"column":12},"end":{"line":30,"column":53}},"21":{"start":{"line":35,"column":4},"end":{"line":49,"column":6}},"22":{"start":{"line":41,"column":20},"end":{"line":41,"column":36}},"23":{"start":{"line":41,"column":51},"end":{"line":41,"column":74}},"24":{"start":{"line":42,"column":52},"end":{"line":42,"column":70}},"25":{"start":{"line":51,"column":0},"end":{"line":51,"column":23}}},"fnMap":{"0":{"name":"SideBar","decl":{"start":{"line":12,"column":9},"end":{"line":12,"column":16}},"loc":{"start":{"line":12,"column":44},"end":{"line":50,"column":1}}},"1":{"name":"(anonymous_1)","decl":{"start":{"line":16,"column":26},"end":{"line":16,"column":29}},"loc":{"start":{"line":16,"column":31},"end":{"line":18,"column":5}}},"2":{"name":"(anonymous_2)","decl":{"start":{"line":17,"column":23},"end":{"line":17,"column":24}},"loc":{"start":{"line":17,"column":33},"end":{"line":17,"column":38}}},"3":{"name":"(anonymous_3)","decl":{"start":{"line":20,"column":29},"end":{"line":20,"column":30}},"loc":{"start":{"line":20,"column":47},"end":{"line":33,"column":5}}},"4":{"name":"(anonymous_4)","decl":{"start":{"line":40,"column":28},"end":{"line":40,"column":29}},"loc":{"start":{"line":41,"column":20},"end":{"line":41,"column":36}}},"5":{"name":"(anonymous_5)","decl":{"start":{"line":41,"column":45},"end":{"line":41,"column":48}},"loc":{"start":{"line":41,"column":51},"end":{"line":41,"column":74}}},"6":{"name":"(anonymous_6)","decl":{"start":{"line":42,"column":45},"end":{"line":42,"column":46}},"loc":{"start":{"line":42,"column":52},"end":{"line":42,"column":70}}}},"branchMap":{"0":{"loc":{"start":{"line":21,"column":8},"end":{"line":21,"column":31}},"type":"if","locations":[{"start":{"line":21,"column":8},"end":{"line":21,"column":31}},{"start":{},"end":{}}]},"1":{"loc":{"start":{"line":23,"column":8},"end":{"line":31,"column":9}},"type":"if","locations":[{"start":{"line":23,"column":8},"end":{"line":31,"column":9}},{"start":{"line":25,"column":15},"end":{"line":31,"column":9}}]},"2":{"loc":{"start":{"line":25,"column":15},"end":{"line":31,"column":9}},"type":"if","locations":[{"start":{"line":25,"column":15},"end":{"line":31,"column":9}},{"start":{"line":27,"column":15},"end":{"line":31,"column":9}}]},"3":{"loc":{"start":{"line":27,"column":15},"end":{"line":31,"column":9}},"type":"if","locations":[{"start":{"line":27,"column":15},"end":{"line":31,"column":9}},{"start":{"line":29,"column":15},"end":{"line":31,"column":9}}]},"4":{"loc":{"start":{"line":29,"column":15},"end":{"line":31,"column":9}},"type":"if","locations":[{"start":{"line":29,"column":15},"end":{"line":31,"column":9}},{"start":{},"end":{}}]},"5":{"loc":{"start":{"line":36,"column":26},"end":{"line":36,"column":68}},"type":"cond-expr","locations":[{"start":{"line":36,"column":40},"end":{"line":36,"column":49}},{"start":{"line":36,"column":52},"end":{"line":36,"column":68}}]},"6":{"loc":{"start":{"line":38,"column":13},"end":{"line":47,"column":18}},"type":"binary-expr","locations":[{"start":{"line":38,"column":13},"end":{"line":38,"column":24}},{"start":{"line":39,"column":12},"end":{"line":46,"column":null}}]}},"s":{"0":3,"1":3,"2":3,"3":3,"4":3,"5":9,"6":9,"7":9,"8":2,"9":2,"10":9,"11":0,"12":0,"13":0,"14":0,"15":0,"16":0,"17":0,"18":0,"19":0,"20":0,"21":9,"22":40,"23":0,"24":0,"25":3},"f":{"0":9,"1":2,"2":2,"3":0,"4":40,"5":0,"6":0},"b":{"0":[0,0],"1":[0,0],"2":[0,0],"3":[0,0],"4":[0,0],"5":[8,1],"6":[9,8]}}
,"C:\\Users\\Amalia\\Documents\\Ama\\facultate\\ANUL2\\MPP\\ArchiPro_frontend\\src\\components\\SideBarStages.tsx": {"path":"C:\\Users\\Amalia\\Documents\\Ama\\facultate\\ANUL2\\MPP\\ArchiPro_frontend\\src\\components\\SideBarStages.tsx","statementMap":{"0":{"start":{"line":1,"column":0},"end":{"line":1,"column":29}},"1":{"start":{"line":2,"column":0},"end":{"line":2,"column":33}},"2":{"start":{"line":3,"column":0},"end":{"line":3,"column":47}},"3":{"start":{"line":4,"column":0},"end":{"line":4,"column":48}},"4":{"start":{"line":14,"column":42},"end":{"line":14,"column":56}},"5":{"start":{"line":15,"column":21},"end":{"line":15,"column":34}},"6":{"start":{"line":17,"column":26},"end":{"line":19,"column":5}},"7":{"start":{"line":18,"column":8},"end":{"line":18,"column":40}},"8":{"start":{"line":18,"column":33},"end":{"line":18,"column":38}},"9":{"start":{"line":21,"column":29},"end":{"line":26,"column":5}},"10":{"start":{"line":22,"column":8},"end":{"line":22,"column":29}},"11":{"start":{"line":23,"column":8},"end":{"line":25,"column":9}},"12":{"start":{"line":24,"column":12},"end":{"line":24,"column":91}},"13":{"start":{"line":28,"column":4},"end":{"line":50,"column":6}},"14":{"start":{"line":39,"column":24},"end":{"line":40,"column":null}},"15":{"start":{"line":42,"column":43},"end":{"line":42,"column":66}},"16":{"start":{"line":53,"column":0},"end":{"line":53,"column":29}}},"fnMap":{"0":{"name":"SideBarStages","decl":{"start":{"line":13,"column":9},"end":{"line":13,"column":22}},"loc":{"start":{"line":13,"column":93},"end":{"line":51,"column":1}}},"1":{"name":"(anonymous_1)","decl":{"start":{"line":17,"column":26},"end":{"line":17,"column":29}},"loc":{"start":{"line":17,"column":31},"end":{"line":19,"column":5}}},"2":{"name":"(anonymous_2)","decl":{"start":{"line":18,"column":23},"end":{"line":18,"column":24}},"loc":{"start":{"line":18,"column":33},"end":{"line":18,"column":38}}},"3":{"name":"(anonymous_3)","decl":{"start":{"line":21,"column":29},"end":{"line":21,"column":30}},"loc":{"start":{"line":21,"column":47},"end":{"line":26,"column":5}}},"4":{"name":"(anonymous_4)","decl":{"start":{"line":38,"column":32},"end":{"line":38,"column":33}},"loc":{"start":{"line":39,"column":24},"end":{"line":40,"column":null}}},"5":{"name":"(anonymous_5)","decl":{"start":{"line":42,"column":37},"end":{"line":42,"column":40}},"loc":{"start":{"line":42,"column":43},"end":{"line":42,"column":66}}}},"branchMap":{"0":{"loc":{"start":{"line":23,"column":8},"end":{"line":25,"column":9}},"type":"if","locations":[{"start":{"line":23,"column":8},"end":{"line":25,"column":9}},{"start":{},"end":{}}]},"1":{"loc":{"start":{"line":29,"column":26},"end":{"line":29,"column":82}},"type":"cond-expr","locations":[{"start":{"line":29,"column":40},"end":{"line":29,"column":56}},{"start":{"line":29,"column":59},"end":{"line":29,"column":82}}]},"2":{"loc":{"start":{"line":36,"column":13},"end":{"line":47,"column":null}},"type":"binary-expr","locations":[{"start":{"line":36,"column":13},"end":{"line":36,"column":24}},{"start":{"line":37,"column":16},"end":{"line":46,"column":null}}]},"3":{"loc":{"start":{"line":41,"column":39},"end":{"line":41,"column":77}},"type":"cond-expr","locations":[{"start":{"line":41,"column":64},"end":{"line":41,"column":72}},{"start":{"line":41,"column":75},"end":{"line":41,"column":77}}]}},"s":{"0":0,"1":0,"2":0,"3":0,"4":0,"5":0,"6":0,"7":0,"8":0,"9":0,"10":0,"11":0,"12":0,"13":0,"14":0,"15":0,"16":0},"f":{"0":0,"1":0,"2":0,"3":0,"4":0,"5":0},"b":{"0":[0,0],"1":[0,0],"2":[0,0],"3":[0,0]}}
,"C:\\Users\\Amalia\\Documents\\Ama\\facultate\\ANUL2\\MPP\\ArchiPro_frontend\\src\\components\\ThemeSwitcher.tsx": {"path":"C:\\Users\\Amalia\\Documents\\Ama\\facultate\\ANUL2\\MPP\\ArchiPro_frontend\\src\\components\\ThemeSwitcher.tsx","statementMap":{"0":{"start":{"line":2,"column":24},"end":{"line":4,"column":5}},"1":{"start":{"line":3,"column":8},"end":{"line":3,"column":55}},"2":{"start":{"line":6,"column":2},"end":{"line":10,"column":4}},"3":{"start":{"line":13,"column":0},"end":{"line":13,"column":29}}},"fnMap":{"0":{"name":"ThemeSwitcher","decl":{"start":{"line":1,"column":9},"end":{"line":1,"column":22}},"loc":{"start":{"line":1,"column":95},"end":{"line":11,"column":1}}},"1":{"name":"(anonymous_1)","decl":{"start":{"line":2,"column":24},"end":{"line":2,"column":27}},"loc":{"start":{"line":2,"column":29},"end":{"line":4,"column":5}}}},"branchMap":{"0":{"loc":{"start":{"line":3,"column":17},"end":{"line":3,"column":53}},"type":"cond-expr","locations":[{"start":{"line":3,"column":37},"end":{"line":3,"column":43}},{"start":{"line":3,"column":46},"end":{"line":3,"column":53}}]}},"s":{"0":11,"1":2,"2":11,"3":3},"f":{"0":11,"1":2},"b":{"0":[1,1]}}
,"C:\\Users\\Amalia\\Documents\\Ama\\facultate\\ANUL2\\MPP\\ArchiPro_frontend\\src\\components\\charts\\ProjectsTypeBar.tsx": {"path":"C:\\Users\\Amalia\\Documents\\Ama\\facultate\\ANUL2\\MPP\\ArchiPro_frontend\\src\\components\\charts\\ProjectsTypeBar.tsx","statementMap":{"0":{"start":{"line":2,"column":0},"end":{"line":2,"column":106}},"1":{"start":{"line":5,"column":21},"end":{"line":9,"column":15}},"2":{"start":{"line":6,"column":21},"end":{"line":6,"column":49}},"3":{"start":{"line":7,"column":4},"end":{"line":7,"column":45}},"4":{"start":{"line":8,"column":4},"end":{"line":8,"column":15}},"5":{"start":{"line":11,"column":2},"end":{"line":14,"column":6}},"6":{"start":{"line":11,"column":45},"end":{"line":14,"column":4}},"7":{"start":{"line":17,"column":26},"end":{"line":50,"column":1}},"8":{"start":{"line":18,"column":17},"end":{"line":25,"column":6}},"9":{"start":{"line":19,"column":20},"end":{"line":19,"column":29}},"10":{"start":{"line":20,"column":8},"end":{"line":23,"column":62}},"11":{"start":{"line":20,"column":42},"end":{"line":20,"column":60}},"12":{"start":{"line":21,"column":13},"end":{"line":23,"column":62}},"13":{"start":{"line":21,"column":46},"end":{"line":21,"column":64}},"14":{"start":{"line":22,"column":13},"end":{"line":23,"column":62}},"15":{"start":{"line":22,"column":45},"end":{"line":22,"column":63}},"16":{"start":{"line":23,"column":13},"end":{"line":23,"column":62}},"17":{"start":{"line":23,"column":44},"end":{"line":23,"column":62}},"18":{"start":{"line":24,"column":8},"end":{"line":24,"column":35}},"19":{"start":{"line":27,"column":2},"end":{"line":49,"column":4}},"20":{"start":{"line":42,"column":14},"end":{"line":42,"column":41}},"21":{"start":{"line":52,"column":0},"end":{"line":52,"column":33}}},"fnMap":{"0":{"name":"categoryData","decl":{"start":{"line":4,"column":9},"end":{"line":4,"column":21}},"loc":{"start":{"line":4,"column":59},"end":{"line":15,"column":1}}},"1":{"name":"(anonymous_1)","decl":{"start":{"line":5,"column":37},"end":{"line":5,"column":38}},"loc":{"start":{"line":5,"column":48},"end":{"line":9,"column":3}}},"2":{"name":"(anonymous_2)","decl":{"start":{"line":11,"column":37},"end":{"line":11,"column":40}},"loc":{"start":{"line":11,"column":45},"end":{"line":14,"column":4}}},"3":{"name":"(anonymous_3)","decl":{"start":{"line":17,"column":26},"end":{"line":17,"column":27}},"loc":{"start":{"line":17,"column":68},"end":{"line":50,"column":1}}},"4":{"name":"(anonymous_4)","decl":{"start":{"line":18,"column":48},"end":{"line":18,"column":53}},"loc":{"start":{"line":18,"column":56},"end":{"line":25,"column":5}}},"5":{"name":"(anonymous_5)","decl":{"start":{"line":41,"column":22},"end":{"line":41,"column":23}},"loc":{"start":{"line":42,"column":14},"end":{"line":42,"column":41}}}},"branchMap":{"0":{"loc":{"start":{"line":6,"column":21},"end":{"line":6,"column":49}},"type":"binary-expr","locations":[{"start":{"line":6,"column":21},"end":{"line":6,"column":38}},{"start":{"line":6,"column":42},"end":{"line":6,"column":49}}]},"1":{"loc":{"start":{"line":7,"column":21},"end":{"line":7,"column":39}},"type":"binary-expr","locations":[{"start":{"line":7,"column":21},"end":{"line":7,"column":34}},{"start":{"line":7,"column":38},"end":{"line":7,"column":39}}]},"2":{"loc":{"start":{"line":20,"column":8},"end":{"line":23,"column":62}},"type":"if","locations":[{"start":{"line":20,"column":8},"end":{"line":23,"column":62}},{"start":{"line":21,"column":13},"end":{"line":23,"column":62}}]},"3":{"loc":{"start":{"line":21,"column":13},"end":{"line":23,"column":62}},"type":"if","locations":[{"start":{"line":21,"column":13},"end":{"line":23,"column":62}},{"start":{"line":22,"column":13},"end":{"line":23,"column":62}}]},"4":{"loc":{"start":{"line":22,"column":13},"end":{"line":23,"column":62}},"type":"if","locations":[{"start":{"line":22,"column":13},"end":{"line":23,"column":62}},{"start":{"line":23,"column":13},"end":{"line":23,"column":62}}]},"5":{"loc":{"start":{"line":23,"column":13},"end":{"line":23,"column":62}},"type":"if","locations":[{"start":{"line":23,"column":13},"end":{"line":23,"column":62}},{"start":{},"end":{}}]}},"s":{"0":3,"1":0,"2":0,"3":0,"4":0,"5":0,"6":0,"7":3,"8":0,"9":0,"10":0,"11":0,"12":0,"13":0,"14":0,"15":0,"16":0,"17":0,"18":0,"19":0,"20":0,"21":3},"f":{"0":0,"1":0,"2":0,"3":0,"4":0,"5":0},"b":{"0":[0,0],"1":[0,0],"2":[0,0],"3":[0,0],"4":[0,0],"5":[0,0]}}
,"C:\\Users\\Amalia\\Documents\\Ama\\facultate\\ANUL2\\MPP\\ArchiPro_frontend\\src\\components\\charts\\StageBottleneckBar.tsx": {"path":"C:\\Users\\Amalia\\Documents\\Ama\\facultate\\ANUL2\\MPP\\ArchiPro_frontend\\src\\components\\charts\\StageBottleneckBar.tsx","statementMap":{"0":{"start":{"line":3,"column":0},"end":{"line":3,"column":106}},"1":{"start":{"line":6,"column":17},"end":{"line":11,"column":15}},"2":{"start":{"line":7,"column":4},"end":{"line":9,"column":5}},"3":{"start":{"line":8,"column":6},"end":{"line":8,"column":73}},"4":{"start":{"line":10,"column":4},"end":{"line":10,"column":15}},"5":{"start":{"line":13,"column":2},"end":{"line":16,"column":6}},"6":{"start":{"line":13,"column":43},"end":{"line":16,"column":4}},"7":{"start":{"line":20,"column":27},"end":{"line":57,"column":1}},"8":{"start":{"line":21,"column":17},"end":{"line":29,"column":6}},"9":{"start":{"line":22,"column":20},"end":{"line":22,"column":29}},"10":{"start":{"line":23,"column":8},"end":{"line":27,"column":67}},"11":{"start":{"line":23,"column":44},"end":{"line":23,"column":62}},"12":{"start":{"line":24,"column":13},"end":{"line":27,"column":67}},"13":{"start":{"line":24,"column":49},"end":{"line":24,"column":67}},"14":{"start":{"line":25,"column":13},"end":{"line":27,"column":67}},"15":{"start":{"line":25,"column":42},"end":{"line":25,"column":60}},"16":{"start":{"line":26,"column":13},"end":{"line":27,"column":67}},"17":{"start":{"line":26,"column":44},"end":{"line":26,"column":62}},"18":{"start":{"line":27,"column":13},"end":{"line":27,"column":67}},"19":{"start":{"line":27,"column":49},"end":{"line":27,"column":67}},"20":{"start":{"line":28,"column":8},"end":{"line":28,"column":35}},"21":{"start":{"line":31,"column":2},"end":{"line":56,"column":4}},"22":{"start":{"line":49,"column":14},"end":{"line":49,"column":41}},"23":{"start":{"line":59,"column":0},"end":{"line":59,"column":34}}},"fnMap":{"0":{"name":"bottleneckData","decl":{"start":{"line":5,"column":9},"end":{"line":5,"column":23}},"loc":{"start":{"line":5,"column":43},"end":{"line":17,"column":1}}},"1":{"name":"(anonymous_1)","decl":{"start":{"line":6,"column":33},"end":{"line":6,"column":34}},"loc":{"start":{"line":6,"column":44},"end":{"line":11,"column":3}}},"2":{"name":"(anonymous_2)","decl":{"start":{"line":13,"column":33},"end":{"line":13,"column":38}},"loc":{"start":{"line":13,"column":43},"end":{"line":16,"column":4}}},"3":{"name":"(anonymous_3)","decl":{"start":{"line":20,"column":27},"end":{"line":20,"column":28}},"loc":{"start":{"line":20,"column":69},"end":{"line":57,"column":1}}},"4":{"name":"(anonymous_4)","decl":{"start":{"line":21,"column":46},"end":{"line":21,"column":51}},"loc":{"start":{"line":21,"column":54},"end":{"line":29,"column":5}}},"5":{"name":"(anonymous_5)","decl":{"start":{"line":48,"column":22},"end":{"line":48,"column":23}},"loc":{"start":{"line":49,"column":14},"end":{"line":49,"column":41}}}},"branchMap":{"0":{"loc":{"start":{"line":7,"column":4},"end":{"line":9,"column":5}},"type":"if","locations":[{"start":{"line":7,"column":4},"end":{"line":9,"column":5}},{"start":{},"end":{}}]},"1":{"loc":{"start":{"line":8,"column":36},"end":{"line":8,"column":67}},"type":"binary-expr","locations":[{"start":{"line":8,"column":36},"end":{"line":8,"column":62}},{"start":{"line":8,"column":66},"end":{"line":8,"column":67}}]},"2":{"loc":{"start":{"line":23,"column":8},"end":{"line":27,"column":67}},"type":"if","locations":[{"start":{"line":23,"column":8},"end":{"line":27,"column":67}},{"start":{"line":24,"column":13},"end":{"line":27,"column":67}}]},"3":{"loc":{"start":{"line":24,"column":13},"end":{"line":27,"column":67}},"type":"if","locations":[{"start":{"line":24,"column":13},"end":{"line":27,"column":67}},{"start":{"line":25,"column":13},"end":{"line":27,"column":67}}]},"4":{"loc":{"start":{"line":25,"column":13},"end":{"line":27,"column":67}},"type":"if","locations":[{"start":{"line":25,"column":13},"end":{"line":27,"column":67}},{"start":{"line":26,"column":13},"end":{"line":27,"column":67}}]},"5":{"loc":{"start":{"line":26,"column":13},"end":{"line":27,"column":67}},"type":"if","locations":[{"start":{"line":26,"column":13},"end":{"line":27,"column":67}},{"start":{"line":27,"column":13},"end":{"line":27,"column":67}}]},"6":{"loc":{"start":{"line":27,"column":13},"end":{"line":27,"column":67}},"type":"if","locations":[{"start":{"line":27,"column":13},"end":{"line":27,"column":67}},{"start":{},"end":{}}]}},"s":{"0":3,"1":0,"2":0,"3":0,"4":0,"5":0,"6":0,"7":3,"8":0,"9":0,"10":0,"11":0,"12":0,"13":0,"14":0,"15":0,"16":0,"17":0,"18":0,"19":0,"20":0,"21":0,"22":0,"23":3},"f":{"0":0,"1":0,"2":0,"3":0,"4":0,"5":0},"b":{"0":[0,0],"1":[0,0],"2":[0,0],"3":[0,0],"4":[0,0],"5":[0,0],"6":[0,0]}}
,"C:\\Users\\Amalia\\Documents\\Ama\\facultate\\ANUL2\\MPP\\ArchiPro_frontend\\src\\components\\charts\\StatusDistributionPie.tsx": {"path":"C:\\Users\\Amalia\\Documents\\Ama\\facultate\\ANUL2\\MPP\\ArchiPro_frontend\\src\\components\\charts\\StatusDistributionPie.tsx","statementMap":{"0":{"start":{"line":2,"column":0},"end":{"line":2,"column":77}},"1":{"start":{"line":5,"column":34},"end":{"line":19,"column":1}},"2":{"start":{"line":6,"column":20},"end":{"line":10,"column":34}},"3":{"start":{"line":7,"column":17},"end":{"line":7,"column":38}},"4":{"start":{"line":8,"column":4},"end":{"line":8,"column":41}},"5":{"start":{"line":9,"column":4},"end":{"line":9,"column":15}},"6":{"start":{"line":12,"column":2},"end":{"line":18,"column":5}},"7":{"start":{"line":13,"column":16},"end":{"line":13,"column":25}},"8":{"start":{"line":14,"column":4},"end":{"line":16,"column":52}},"9":{"start":{"line":14,"column":32},"end":{"line":14,"column":50}},"10":{"start":{"line":15,"column":9},"end":{"line":16,"column":52}},"11":{"start":{"line":15,"column":30},"end":{"line":15,"column":48}},"12":{"start":{"line":16,"column":9},"end":{"line":16,"column":52}},"13":{"start":{"line":16,"column":34},"end":{"line":16,"column":52}},"14":{"start":{"line":17,"column":4},"end":{"line":17,"column":34}},"15":{"start":{"line":22,"column":21},"end":{"line":22,"column":56}},"16":{"start":{"line":24,"column":2},"end":{"line":52,"column":4}},"17":{"start":{"line":41,"column":14},"end":{"line":41,"column":42}},"18":{"start":{"line":45,"column":40},"end":{"line":45,"column":59}},"19":{"start":{"line":55,"column":0},"end":{"line":55,"column":37}}},"fnMap":{"0":{"name":"(anonymous_0)","decl":{"start":{"line":5,"column":34},"end":{"line":5,"column":35}},"loc":{"start":{"line":5,"column":58},"end":{"line":19,"column":1}}},"1":{"name":"(anonymous_1)","decl":{"start":{"line":6,"column":36},"end":{"line":6,"column":37}},"loc":{"start":{"line":6,"column":53},"end":{"line":10,"column":3}}},"2":{"name":"(anonymous_2)","decl":{"start":{"line":12,"column":39},"end":{"line":12,"column":40}},"loc":{"start":{"line":12,"column":57},"end":{"line":18,"column":3}}},"3":{"name":"StatusDistributionPie","decl":{"start":{"line":21,"column":9},"end":{"line":21,"column":30}},"loc":{"start":{"line":21,"column":68},"end":{"line":53,"column":1}}},"4":{"name":"(anonymous_4)","decl":{"start":{"line":40,"column":28},"end":{"line":40,"column":29}},"loc":{"start":{"line":41,"column":14},"end":{"line":41,"column":42}}},"5":{"name":"(anonymous_5)","decl":{"start":{"line":45,"column":23},"end":{"line":45,"column":24}},"loc":{"start":{"line":45,"column":40},"end":{"line":45,"column":59}}}},"branchMap":{"0":{"loc":{"start":{"line":8,"column":19},"end":{"line":8,"column":35}},"type":"binary-expr","locations":[{"start":{"line":8,"column":19},"end":{"line":8,"column":30}},{"start":{"line":8,"column":34},"end":{"line":8,"column":35}}]},"1":{"loc":{"start":{"line":14,"column":4},"end":{"line":16,"column":52}},"type":"if","locations":[{"start":{"line":14,"column":4},"end":{"line":16,"column":52}},{"start":{"line":15,"column":9},"end":{"line":16,"column":52}}]},"2":{"loc":{"start":{"line":15,"column":9},"end":{"line":16,"column":52}},"type":"if","locations":[{"start":{"line":15,"column":9},"end":{"line":16,"column":52}},{"start":{"line":16,"column":9},"end":{"line":16,"column":52}}]},"3":{"loc":{"start":{"line":16,"column":9},"end":{"line":16,"column":52}},"type":"if","locations":[{"start":{"line":16,"column":9},"end":{"line":16,"column":52}},{"start":{},"end":{}}]}},"s":{"0":3,"1":3,"2":0,"3":0,"4":0,"5":0,"6":0,"7":0,"8":0,"9":0,"10":0,"11":0,"12":0,"13":0,"14":0,"15":0,"16":0,"17":0,"18":0,"19":3},"f":{"0":0,"1":0,"2":0,"3":0,"4":0,"5":0},"b":{"0":[0,0],"1":[0,0],"2":[0,0],"3":[0,0]}}
,"C:\\Users\\Amalia\\Documents\\Ama\\facultate\\ANUL2\\MPP\\ArchiPro_frontend\\src\\components\\charts\\TopCompletionProjects.tsx": {"path":"C:\\Users\\Amalia\\Documents\\Ama\\facultate\\ANUL2\\MPP\\ArchiPro_frontend\\src\\components\\charts\\TopCompletionProjects.tsx","statementMap":{"0":{"start":{"line":4,"column":2},"end":{"line":11,"column":17}},"1":{"start":{"line":6,"column":17},"end":{"line":6,"column":57}},"2":{"start":{"line":9,"column":20},"end":{"line":9,"column":79}},"3":{"start":{"line":16,"column":22},"end":{"line":16,"column":55}},"4":{"start":{"line":18,"column":2},"end":{"line":48,"column":null}},"5":{"start":{"line":36,"column":12},"end":{"line":36,"column":33}},"6":{"start":{"line":52,"column":0},"end":{"line":52,"column":37}}},"fnMap":{"0":{"name":"getTopCompletedProjects","decl":{"start":{"line":3,"column":9},"end":{"line":3,"column":32}},"loc":{"start":{"line":3,"column":52},"end":{"line":12,"column":1}}},"1":{"name":"(anonymous_1)","decl":{"start":{"line":6,"column":12},"end":{"line":6,"column":13}},"loc":{"start":{"line":6,"column":17},"end":{"line":6,"column":57}}},"2":{"name":"(anonymous_2)","decl":{"start":{"line":9,"column":10},"end":{"line":9,"column":11}},"loc":{"start":{"line":9,"column":20},"end":{"line":9,"column":79}}},"3":{"name":"TopCompletionProjects","decl":{"start":{"line":15,"column":9},"end":{"line":15,"column":30}},"loc":{"start":{"line":15,"column":69},"end":{"line":49,"column":1}}},"4":{"name":"(anonymous_4)","decl":{"start":{"line":35,"column":27},"end":{"line":35,"column":28}},"loc":{"start":{"line":36,"column":12},"end":{"line":36,"column":33}}}},"branchMap":{"0":{"loc":{"start":{"line":9,"column":21},"end":{"line":9,"column":47}},"type":"binary-expr","locations":[{"start":{"line":9,"column":21},"end":{"line":9,"column":42}},{"start":{"line":9,"column":46},"end":{"line":9,"column":47}}]},"1":{"loc":{"start":{"line":9,"column":52},"end":{"line":9,"column":78}},"type":"binary-expr","locations":[{"start":{"line":9,"column":52},"end":{"line":9,"column":73}},{"start":{"line":9,"column":77},"end":{"line":9,"column":78}}]},"2":{"loc":{"start":{"line":33,"column":8},"end":{"line":45,"column":null}},"type":"cond-expr","locations":[{"start":{"line":34,"column":8},"end":{"line":42,"column":null}},{"start":{"line":45,"column":8},"end":{"line":45,"column":91}}]}},"s":{"0":0,"1":0,"2":0,"3":0,"4":0,"5":0,"6":3},"f":{"0":0,"1":0,"2":0,"3":0,"4":0},"b":{"0":[0,0],"1":[0,0],"2":[0,0]}}
,"C:\\Users\\Amalia\\Documents\\Ama\\facultate\\ANUL2\\MPP\\ArchiPro_frontend\\src\\components\\charts\\TopRowCards.tsx": {"path":"C:\\Users\\Amalia\\Documents\\Ama\\facultate\\ANUL2\\MPP\\ArchiPro_frontend\\src\\components\\charts\\TopRowCards.tsx","statementMap":{"0":{"start":{"line":2,"column":0},"end":{"line":2,"column":27}},"1":{"start":{"line":5,"column":16},"end":{"line":5,"column":31}},"2":{"start":{"line":6,"column":22},"end":{"line":8,"column":7}},"3":{"start":{"line":7,"column":34},"end":{"line":7,"column":56}},"4":{"start":{"line":10,"column":21},"end":{"line":10,"column":87}},"5":{"start":{"line":10,"column":49},"end":{"line":10,"column":83}},"6":{"start":{"line":13,"column":16},"end":{"line":13,"column":26}},"7":{"start":{"line":14,"column":20},"end":{"line":14,"column":84}},"8":{"start":{"line":14,"column":41},"end":{"line":14,"column":76}},"9":{"start":{"line":16,"column":2},"end":{"line":16,"column":55}},"10":{"start":{"line":20,"column":58},"end":{"line":20,"column":78}},"11":{"start":{"line":21,"column":4},"end":{"line":48,"column":6}},"12":{"start":{"line":51,"column":0},"end":{"line":51,"column":27}}},"fnMap":{"0":{"name":"statistics","decl":{"start":{"line":4,"column":9},"end":{"line":4,"column":19}},"loc":{"start":{"line":4,"column":39},"end":{"line":17,"column":1}}},"1":{"name":"(anonymous_1)","decl":{"start":{"line":7,"column":22},"end":{"line":7,"column":23}},"loc":{"start":{"line":7,"column":34},"end":{"line":7,"column":56}}},"2":{"name":"(anonymous_2)","decl":{"start":{"line":10,"column":37},"end":{"line":10,"column":38}},"loc":{"start":{"line":10,"column":49},"end":{"line":10,"column":83}}},"3":{"name":"(anonymous_3)","decl":{"start":{"line":14,"column":36},"end":{"line":14,"column":37}},"loc":{"start":{"line":14,"column":41},"end":{"line":14,"column":76}}},"4":{"name":"TopRowCards","decl":{"start":{"line":19,"column":9},"end":{"line":19,"column":20}},"loc":{"start":{"line":19,"column":58},"end":{"line":49,"column":1}}}},"branchMap":{"0":{"loc":{"start":{"line":6,"column":22},"end":{"line":8,"column":7}},"type":"cond-expr","locations":[{"start":{"line":7,"column":6},"end":{"line":7,"column":68}},{"start":{"line":8,"column":6},"end":{"line":8,"column":7}}]},"1":{"loc":{"start":{"line":10,"column":56},"end":{"line":10,"column":82}},"type":"binary-expr","locations":[{"start":{"line":10,"column":56},"end":{"line":10,"column":77}},{"start":{"line":10,"column":81},"end":{"line":10,"column":82}}]}},"s":{"0":3,"1":0,"2":0,"3":0,"4":0,"5":0,"6":0,"7":0,"8":0,"9":0,"10":0,"11":0,"12":3},"f":{"0":0,"1":0,"2":0,"3":0,"4":0},"b":{"0":[0,0],"1":[0,0]}}
,"C:\\Users\\Amalia\\Documents\\Ama\\facultate\\ANUL2\\MPP\\ArchiPro_frontend\\src\\hooks\\useUserPreferences.ts": {"path":"C:\\Users\\Amalia\\Documents\\Ama\\facultate\\ANUL2\\MPP\\ArchiPro_frontend\\src\\hooks\\useUserPreferences.ts","statementMap":{"0":{"start":{"line":4,"column":0},"end":{"line":4,"column":16}},"1":{"start":{"line":2,"column":0},"end":{"line":2,"column":34}},"2":{"start":{"line":6,"column":2},"end":{"line":10,"column":20}},"3":{"start":{"line":7,"column":4},"end":{"line":9,"column":7}},"4":{"start":{"line":8,"column":6},"end":{"line":8,"column":88}},"5":{"start":{"line":13,"column":2},"end":{"line":21,"column":9}},"6":{"start":{"line":14,"column":20},"end":{"line":18,"column":10}},"7":{"start":{"line":15,"column":21},"end":{"line":15,"column":40}},"8":{"start":{"line":16,"column":6},"end":{"line":16,"column":49}},"9":{"start":{"line":16,"column":18},"end":{"line":16,"column":49}},"10":{"start":{"line":17,"column":6},"end":{"line":17,"column":17}},"11":{"start":{"line":19,"column":4},"end":{"line":19,"column":20}}},"fnMap":{"0":{"name":"useUserPreferences","decl":{"start":{"line":4,"column":16},"end":{"line":4,"column":34}},"loc":{"start":{"line":4,"column":119},"end":{"line":22,"column":1}}},"1":{"name":"(anonymous_1)","decl":{"start":{"line":6,"column":12},"end":{"line":6,"column":15}},"loc":{"start":{"line":6,"column":17},"end":{"line":10,"column":3}}},"2":{"name":"(anonymous_2)","decl":{"start":{"line":7,"column":40},"end":{"line":7,"column":41}},"loc":{"start":{"line":7,"column":57},"end":{"line":9,"column":5}}},"3":{"name":"(anonymous_3)","decl":{"start":{"line":13,"column":12},"end":{"line":13,"column":15}},"loc":{"start":{"line":13,"column":17},"end":{"line":21,"column":3}}},"4":{"name":"(anonymous_4)","decl":{"start":{"line":14,"column":54},"end":{"line":14,"column":55}},"loc":{"start":{"line":14,"column":89},"end":{"line":18,"column":5}}}},"branchMap":{"0":{"loc":{"start":{"line":16,"column":6},"end":{"line":16,"column":49}},"type":"if","locations":[{"start":{"line":16,"column":6},"end":{"line":16,"column":49}},{"start":{},"end":{}}]},"1":{"loc":{"start":{"line":16,"column":10},"end":{"line":16,"column":16}},"type":"binary-expr","locations":[{"start":{"line":16,"column":10},"end":{"line":16,"column":11}},{"start":{"line":16,"column":15},"end":{"line":16,"column":16}}]}},"s":{"0":3,"1":3,"2":22,"3":22,"4":33,"5":22,"6":12,"7":34,"8":34,"9":34,"10":34,"11":12},"f":{"0":22,"1":22,"2":33,"3":12,"4":34},"b":{"0":[34,0],"1":[34,34]}}
,"C:\\Users\\Amalia\\Documents\\Ama\\facultate\\ANUL2\\MPP\\ArchiPro_frontend\\src\\pages\\AddProject.tsx": {"path":"C:\\Users\\Amalia\\Documents\\Ama\\facultate\\ANUL2\\MPP\\ArchiPro_frontend\\src\\pages\\AddProject.tsx","statementMap":{"0":{"start":{"line":1,"column":0},"end":{"line":1,"column":44}},"1":{"start":{"line":2,"column":0},"end":{"line":2,"column":26}},"2":{"start":{"line":5,"column":4},"end":{"line":10,"column":6}},"3":{"start":{"line":12,"column":0},"end":{"line":12,"column":26}}},"fnMap":{"0":{"name":"AddProject","decl":{"start":{"line":4,"column":9},"end":{"line":4,"column":19}},"loc":{"start":{"line":4,"column":78},"end":{"line":11,"column":1}}}},"branchMap":{},"s":{"0":2,"1":2,"2":3,"3":2},"f":{"0":3},"b":{}}
,"C:\\Users\\Amalia\\Documents\\Ama\\facultate\\ANUL2\\MPP\\ArchiPro_frontend\\src\\pages\\DesignPage.tsx": {"path":"C:\\Users\\Amalia\\Documents\\Ama\\facultate\\ANUL2\\MPP\\ArchiPro_frontend\\src\\pages\\DesignPage.tsx","statementMap":{"0":{"start":{"line":1,"column":0},"end":{"line":1,"column":58}},"1":{"start":{"line":2,"column":0},"end":{"line":2,"column":33}},"2":{"start":{"line":4,"column":0},"end":{"line":4,"column":26}},"3":{"start":{"line":5,"column":0},"end":{"line":5,"column":44}},"4":{"start":{"line":16,"column":26},"end":{"line":16,"column":60}},"5":{"start":{"line":17,"column":21},"end":{"line":17,"column":34}},"6":{"start":{"line":18,"column":38},"end":{"line":18,"column":72}},"7":{"start":{"line":20,"column":20},"end":{"line":20,"column":58}},"8":{"start":{"line":20,"column":39},"end":{"line":20,"column":57}},"9":{"start":{"line":22,"column":4},"end":{"line":24,"column":5}},"10":{"start":{"line":23,"column":8},"end":{"line":23,"column":68}},"11":{"start":{"line":26,"column":22},"end":{"line":40,"column":6}},"12":{"start":{"line":42,"column":29},"end":{"line":71,"column":5}},"13":{"start":{"line":43,"column":22},"end":{"line":43,"column":36}},"14":{"start":{"line":44,"column":8},"end":{"line":70,"column":9}},"15":{"start":{"line":45,"column":12},"end":{"line":69,"column":15}},"16":{"start":{"line":46,"column":44},"end":{"line":51,"column":18}},"17":{"start":{"line":53,"column":37},"end":{"line":56,"column":18}},"18":{"start":{"line":58,"column":39},"end":{"line":67,"column":18}},"19":{"start":{"line":68,"column":16},"end":{"line":68,"column":46}},"20":{"start":{"line":73,"column":29},"end":{"line":90,"column":5}},"21":{"start":{"line":74,"column":29},"end":{"line":77,"column":10}},"22":{"start":{"line":76,"column":72},"end":{"line":76,"column":83}},"23":{"start":{"line":79,"column":31},"end":{"line":88,"column":10}},"24":{"start":{"line":89,"column":8},"end":{"line":89,"column":38}},"25":{"start":{"line":92,"column":29},"end":{"line":104,"column":5}},"26":{"start":{"line":93,"column":31},"end":{"line":102,"column":10}},"27":{"start":{"line":103,"column":8},"end":{"line":103,"column":38}},"28":{"start":{"line":106,"column":30},"end":{"line":118,"column":5}},"29":{"start":{"line":107,"column":31},"end":{"line":116,"column":10}},"30":{"start":{"line":117,"column":8},"end":{"line":117,"column":38}},"31":{"start":{"line":120,"column":25},"end":{"line":120,"column":59}},"32":{"start":{"line":122,"column":4},"end":{"line":215,"column":6}},"33":{"start":{"line":127,"column":63},"end":{"line":127,"column":96}},"34":{"start":{"line":134,"column":28},"end":{"line":135,"column":null}},"35":{"start":{"line":137,"column":47},"end":{"line":137,"column":64}},"36":{"start":{"line":163,"column":40},"end":{"line":163,"column":57}},"37":{"start":{"line":172,"column":63},"end":{"line":172,"column":86}},"38":{"start":{"line":195,"column":53},"end":{"line":195,"column":85}},"39":{"start":{"line":205,"column":53},"end":{"line":205,"column":86}},"40":{"start":{"line":218,"column":0},"end":{"line":218,"column":26}}},"fnMap":{"0":{"name":"DesignPage","decl":{"start":{"line":9,"column":9},"end":{"line":9,"column":19}},"loc":{"start":{"line":15,"column":1},"end":{"line":216,"column":1}}},"1":{"name":"(anonymous_1)","decl":{"start":{"line":20,"column":34},"end":{"line":20,"column":35}},"loc":{"start":{"line":20,"column":39},"end":{"line":20,"column":57}}},"2":{"name":"(anonymous_2)","decl":{"start":{"line":42,"column":29},"end":{"line":42,"column":30}},"loc":{"start":{"line":42,"column":72},"end":{"line":71,"column":5}}},"3":{"name":"(anonymous_3)","decl":{"start":{"line":45,"column":38},"end":{"line":45,"column":39}},"loc":{"start":{"line":45,"column":47},"end":{"line":69,"column":13}}},"4":{"name":"(anonymous_4)","decl":{"start":{"line":73,"column":29},"end":{"line":73,"column":30}},"loc":{"start":{"line":73,"column":47},"end":{"line":90,"column":5}}},"5":{"name":"(anonymous_5)","decl":{"start":{"line":76,"column":62},"end":{"line":76,"column":63}},"loc":{"start":{"line":76,"column":72},"end":{"line":76,"column":83}}},"6":{"name":"(anonymous_6)","decl":{"start":{"line":92,"column":29},"end":{"line":92,"column":30}},"loc":{"start":{"line":92,"column":47},"end":{"line":104,"column":5}}},"7":{"name":"(anonymous_7)","decl":{"start":{"line":106,"column":30},"end":{"line":106,"column":31}},"loc":{"start":{"line":106,"column":48},"end":{"line":118,"column":5}}},"8":{"name":"(anonymous_8)","decl":{"start":{"line":127,"column":57},"end":{"line":127,"column":60}},"loc":{"start":{"line":127,"column":63},"end":{"line":127,"column":96}}},"9":{"name":"(anonymous_9)","decl":{"start":{"line":133,"column":82},"end":{"line":133,"column":83}},"loc":{"start":{"line":134,"column":28},"end":{"line":135,"column":null}}},"10":{"name":"(anonymous_10)","decl":{"start":{"line":137,"column":41},"end":{"line":137,"column":44}},"loc":{"start":{"line":137,"column":47},"end":{"line":137,"column":64}}},"11":{"name":"(anonymous_11)","decl":{"start":{"line":162,"column":53},"end":{"line":162,"column":54}},"loc":{"start":{"line":163,"column":40},"end":{"line":163,"column":57}}},"12":{"name":"(anonymous_12)","decl":{"start":{"line":172,"column":57},"end":{"line":172,"column":60}},"loc":{"start":{"line":172,"column":63},"end":{"line":172,"column":86}}},"13":{"name":"(anonymous_13)","decl":{"start":{"line":195,"column":46},"end":{"line":195,"column":47}},"loc":{"start":{"line":195,"column":53},"end":{"line":195,"column":85}}},"14":{"name":"(anonymous_14)","decl":{"start":{"line":205,"column":46},"end":{"line":205,"column":47}},"loc":{"start":{"line":205,"column":53},"end":{"line":205,"column":86}}}},"branchMap":{"0":{"loc":{"start":{"line":22,"column":4},"end":{"line":24,"column":5}},"type":"if","locations":[{"start":{"line":22,"column":4},"end":{"line":24,"column":5}},{"start":{},"end":{}}]},"1":{"loc":{"start":{"line":26,"column":22},"end":{"line":40,"column":6}},"type":"binary-expr","locations":[{"start":{"line":26,"column":22},"end":{"line":26,"column":51}},{"start":{"line":26,"column":55},"end":{"line":40,"column":6}}]},"2":{"loc":{"start":{"line":44,"column":8},"end":{"line":70,"column":9}},"type":"if","locations":[{"start":{"line":44,"column":8},"end":{"line":70,"column":9}},{"start":{},"end":{}}]},"3":{"loc":{"start":{"line":55,"column":38},"end":{"line":55,"column":72}},"type":"binary-expr","locations":[{"start":{"line":55,"column":38},"end":{"line":55,"column":66}},{"start":{"line":55,"column":70},"end":{"line":55,"column":72}}]},"4":{"loc":{"start":{"line":76,"column":25},"end":{"line":76,"column":90}},"type":"binary-expr","locations":[{"start":{"line":76,"column":25},"end":{"line":76,"column":84}},{"start":{"line":76,"column":88},"end":{"line":76,"column":90}}]},"5":{"loc":{"start":{"line":120,"column":25},"end":{"line":120,"column":59}},"type":"binary-expr","locations":[{"start":{"line":120,"column":25},"end":{"line":120,"column":53}},{"start":{"line":120,"column":57},"end":{"line":120,"column":59}}]},"6":{"loc":{"start":{"line":136,"column":57},"end":{"line":136,"column":90}},"type":"cond-expr","locations":[{"start":{"line":136,"column":77},"end":{"line":136,"column":85}},{"start":{"line":136,"column":88},"end":{"line":136,"column":90}}]},"7":{"loc":{"start":{"line":161,"column":33},"end":{"line":180,"column":null}},"type":"cond-expr","locations":[{"start":{"line":162,"column":36},"end":{"line":178,"column":38}},{"start":{"line":180,"column":36},"end":{"line":180,"column":149}}]},"8":{"loc":{"start":{"line":161,"column":33},"end":{"line":161,"c
[...]
,"C:\\Users\\Amalia\\Documents\\Ama\\facultate\\ANUL2\\MPP\\ArchiPro_frontend\\src\\pages\\RegisterPage.tsx": {"path":"C:\\Users\\Amalia\\Documents\\Ama\\facultate\\ANUL2\\MPP\\ArchiPro_frontend\\src\\pages\\RegisterPage.tsx","statementMap":{"0":{"start":{"line":1,"column":0},"end":{"line":1,"column":54}},"1":{"start":{"line":2,"column":0},"end":{"line":2,"column":28}},"2":{"start":{"line":6,"column":4},"end":{"line":10,"column":6}},"3":{"start":{"line":13,"column":0},"end":{"line":13,"column":28}}},"fnMap":{"0":{"name":"RegisterPage","decl":{"start":{"line":5,"column":9},"end":{"line":5,"column":21}},"loc":{"start":{"line":5,"column":82},"end":{"line":11,"column":1}}}},"branchMap":{},"s":{"0":1,"1":1,"2":0,"3":1},"f":{"0":0},"b":{}}
,"C:\\Users\\Amalia\\Documents\\Ama\\facultate\\ANUL2\\MPP\\ArchiPro_frontend\\src\\pages\\ResearchPage.tsx": {"path":"C:\\Users\\Amalia\\Documents\\Ama\\facultate\\ANUL2\\MPP\\ArchiPro_frontend\\src\\pages\\ResearchPage.tsx","statementMap":{"0":{"start":{"line":1,"column":0},"end":{"line":1,"column":58}},"1":{"start":{"line":2,"column":0},"end":{"line":2,"column":33}},"2":{"start":{"line":4,"column":0},"end":{"line":4,"column":28}},"3":{"start":{"line":5,"column":0},"end":{"line":5,"column":44}},"4":{"start":{"line":14,"column":26},"end":{"line":14,"column":60}},"5":{"start":{"line":15,"column":21},"end":{"line":15,"column":34}},"6":{"start":{"line":16,"column":56},"end":{"line":16,"column":85}},"7":{"start":{"line":18,"column":20},"end":{"line":18,"column":58}},"8":{"start":{"line":18,"column":39},"end":{"line":18,"column":57}},"9":{"start":{"line":20,"column":4},"end":{"line":22,"column":5}},"10":{"start":{"line":21,"column":8},"end":{"line":21,"column":70}},"11":{"start":{"line":24,"column":22},"end":{"line":31,"column":6}},"12":{"start":{"line":33,"column":30},"end":{"line":56,"column":5}},"13":{"start":{"line":34,"column":22},"end":{"line":34,"column":36}},"14":{"start":{"line":35,"column":8},"end":{"line":55,"column":9}},"15":{"start":{"line":36,"column":12},"end":{"line":54,"column":15}},"16":{"start":{"line":37,"column":31},"end":{"line":37,"column":47}},"17":{"start":{"line":38,"column":16},"end":{"line":52,"column":18}},"18":{"start":{"line":39,"column":35},"end":{"line":39,"column":65}},"19":{"start":{"line":40,"column":42},"end":{"line":40,"column":79}},"20":{"start":{"line":41,"column":43},"end":{"line":50,"column":22}},"21":{"start":{"line":51,"column":20},"end":{"line":51,"column":50}},"22":{"start":{"line":53,"column":16},"end":{"line":53,"column":43}},"23":{"start":{"line":58,"column":30},"end":{"line":72,"column":5}},"24":{"start":{"line":59,"column":30},"end":{"line":59,"column":83}},"25":{"start":{"line":59,"column":65},"end":{"line":59,"column":76}},"26":{"start":{"line":60,"column":31},"end":{"line":69,"column":10}},"27":{"start":{"line":70,"column":8},"end":{"line":70,"column":38}},"28":{"start":{"line":71,"column":8},"end":{"line":71,"column":36}},"29":{"start":{"line":74,"column":32},"end":{"line":78,"column":5}},"30":{"start":{"line":75,"column":8},"end":{"line":77,"column":9}},"31":{"start":{"line":76,"column":12},"end":{"line":76,"column":58}},"32":{"start":{"line":80,"column":28},"end":{"line":84,"column":5}},"33":{"start":{"line":81,"column":8},"end":{"line":83,"column":9}},"34":{"start":{"line":82,"column":12},"end":{"line":82,"column":58}},"35":{"start":{"line":86,"column":29},"end":{"line":88,"column":5}},"36":{"start":{"line":87,"column":8},"end":{"line":87,"column":36}},"37":{"start":{"line":90,"column":4},"end":{"line":184,"column":6}},"38":{"start":{"line":95,"column":63},"end":{"line":95,"column":96}},"39":{"start":{"line":118,"column":32},"end":{"line":119,"column":null}},"40":{"start":{"line":121,"column":51},"end":{"line":121,"column":79}},"41":{"start":{"line":127,"column":44},"end":{"line":127,"column":64}},"42":{"start":{"line":128,"column":44},"end":{"line":128,"column":69}},"43":{"start":{"line":145,"column":73},"end":{"line":145,"column":92}},"44":{"start":{"line":176,"column":43},"end":{"line":176,"column":80}},"45":{"start":{"line":187,"column":0},"end":{"line":187,"column":28}}},"fnMap":{"0":{"name":"ResearchPage","decl":{"start":{"line":7,"column":9},"end":{"line":7,"column":21}},"loc":{"start":{"line":13,"column":1},"end":{"line":185,"column":1}}},"1":{"name":"(anonymous_1)","decl":{"start":{"line":18,"column":34},"end":{"line":18,"column":35}},"loc":{"start":{"line":18,"column":39},"end":{"line":18,"column":57}}},"2":{"name":"(anonymous_2)","decl":{"start":{"line":33,"column":30},"end":{"line":33,"column":31}},"loc":{"start":{"line":33,"column":73},"end":{"line":56,"column":5}}},"3":{"name":"(anonymous_3)","decl":{"start":{"line":36,"column":38},"end":{"line":36,"column":39}},"loc":{"start":{"line":36,"column":47},"end":{"line":54,"column":13}}},"4":{"name":"(anonymous_4)","decl":{"start":{"line":38,"column":32},"end":{"line":38,"column":33}},"loc":{"start":{"line":38,"column":42},"end":{"line":52,"column":17}}},"5":{"name":"(anonymous_5)","decl":{"start":{"line":58,"column":30},"end":{"line":58,"column":31}},"loc":{"start":{"line":58,"column":48},"end":{"line":72,"column":5}}},"6":{"name":"(anonymous_6)","decl":{"start":{"line":59,"column":55},"end":{"line":59,"column":56}},"loc":{"start":{"line":59,"column":65},"end":{"line":59,"column":76}}},"7":{"name":"(anonymous_7)","decl":{"start":{"line":74,"column":32},"end":{"line":74,"column":35}},"loc":{"start":{"line":74,"column":37},"end":{"line":78,"column":5}}},"8":{"name":"(anonymous_8)","decl":{"start":{"line":80,"column":28},"end":{"line":80,"column":31}},"loc":{"start":{"line":80,"column":33},"end":{"line":84,"column":5}}},"9":{"name":"(anonymous_9)","decl":{"start":{"line":86,"column":29},"end":{"line":86,"column":32}},"loc":{"start":{"line":86,"column":34},"end":{"line":88,"column":5}}},"10":{"name":"(anonymous_10)","decl":{"start":{"line":95,"column":57},"end":{"line":95,"column":60}},"loc":{"start":{"line":95,"column":63},"end":{"line":95,"column":96}}},"11":{"name":"(anonymous_11)","decl":{"start":{"line":117,"column":49},"end":{"line":117,"column":50}},"loc":{"start":{"line":118,"column":32},"end":{"line":119,"column":null}}},"12":{"name":"(anonymous_12)","decl":{"start":{"line":121,"column":45},"end":{"line":121,"column":48}},"loc":{"start":{"line":121,"column":51},"end":{"line":121,"column":79}}},"13":{"name":"(anonymous_13)","decl":{"start":{"line":126,"column":49},"end":{"line":126,"column":50}},"loc":{"start":{"line":126,"column":55},"end":{"line":129,"column":41}}},"14":{"name":"(anonymous_14)","decl":{"start":{"line":145,"column":66},"end":{"line":145,"column":67}},"loc":{"start":{"line":145,"column":73},"end":{"line":145,"column":92}}},"15":{"name":"(anonymous_15)","decl":{"start":{"line":176,"column":37},"end":{"line":176,"column":40}},"loc":{"start":{"line":176,"column":43},"end":{"line":176,"column":80}}}},"branchMap":{"0":{"loc":{"start":{"line":20,"column":4},"end":{"line":22,"column":5}},"type":"if","locations":[{"start":{"line":20,"column":4},"end":{"line":22,"column":5}},{"start":{},"end":{}}]},"1":{"loc":{"start":{"line":24,"column":22},"end":{"line":31,"column":6}},"type":"binary-expr","locations":[{"start":{"line":24,"column":22},"end":{"line":24,"column":53}},{"start":{"line":24,"column":57},"end":{"line":31,"column":6}}]},"2":{"loc":{"start":{"line":35,"column":8},"end":{"line":55,"column":9}},"type":"if","locations":[{"start":{"line":35,"column":8},"end":{"line":55,"column":9}},{"start":{},"end":{}}]},"3":{"loc":{"start":{"line":40,"column":47},"end":{"line":40,"column":69}},"type":"binary-expr","locations":[{"start":{"line":40,"column":47},"end":{"line":40,"column":63}},{"start":{"line":40,"column":67},"end":{"line":40,"column":69}}]},"4":{"loc":{"start":{"line":59,"column":30},"end":{"line":59,"column":83}},"type":"binary-expr","locations":[{"start":{"line":59,"column":30},"end":{"line":59,"column":77}},{"start":{"line":59,"column":81},"end":{"line":59,"column":83}}]},"5":{"loc":{"start":{"line":75,"column":8},"end":{"line":77,"column":9}},"type":"if","locations":[{"start":{"line":75,"column":8},"end":{"line":77,"column":9}},{"start":{},"end":{}}]},"6":{"loc":{"start":{"line":75,"column":12},"end":{"line":75,"column":65}},"type":"binary-expr","locations":[{"start":{"line":75,"column":12},"end":{"line":75,"column":39}},{"start":{"line":75,"column":43},"end":{"line":75,"column":65}}]},"7":{"loc":{"start":{"line":81,"column":8},"end":{"line":83,"column":9}},"type":"if","locations":[{"start":{"line":81,"column":8},"end":{"line":83,"column":9}},{"start":{},"end":{}}]},"8":{"loc":{"start":{"line":81,"column":12},"end":{"line":81,"column":99}},"type":"binary-expr","locations":[{"start":{"line":81,"column":12},"end":{"line":81,"column":39}},{"start":{"line":81,"column":43},"end":{"line":81,"column":99}}]},"9":{"loc":{"start":{"line":81,"column":65},"end":{"line":81,"column":94}},"type":"binary-expr","locations":[{"start":{"line":81,"column":65},"end":{"line":81,"column":89}},{"start":{"line":81,"column":93},"end":{"line":81,"column":94}}]},"10":{"loc":{"start":{"line":116,"column":25},"end":{"line":137,"column":null}},"type":"cond-expr","locations":[{"start":{"line":117,"column":28},"end":{"line":135,"column":30}},{"start":{"line":137,"column":28},"end":{"line":137,"column":146}}]},"11":{"loc":{"start":{"line":116,"column":25},"end":{"line":116,"column":72}},"type":"binary-expr","locations":[{"start":{"line":116,"column":25},"end":{"line":116,"column":41}},{"start":{"line":116,"column":45},"end":{"line":116,"column":72}}]},"12":{"loc":{"start":{"line":143,"column":13},"end":{"line":181,"column":null}},"type":"binary-expr","locations":[{"start":{"line":143,"column":13},"end":{"line":143,"column":40}},{"start":{"line":143,"column":44},"end":{"line":143,"column":60}},{"start":{"line":144,"column":16},"end":{"line":180,"column":null}}]}},"s":{"0":1,"1":1,"2":1,"3":1,"4":0,"5":0,"6":0,"7":0,"8":0,"9":0,"10":0,"11":0,"12":0,"13":0,"14":0,"15":0,"16":0,"17":0,"18":0,"19":0,"20":0,"21":0,"22":0,"23":0,"24":0,"25":0,"26":0,"27":0,"28":0,"29":0,"30":0,"31":0,"32":0,"33":0,"34":0,"35":0,"36":0,"37":0,"38":0,"39":0,"40":0,"41":0,"42":0,"43":0,"44":0,"45":1},"f":{"0":0,"1":0,"2":0,"3":0,"4":0,"5":0,"6":0,"7":0,"8":0,"9":0,"10":0,"11":0,"12":0,"13":0,"14":0,"15":0},"b":{"0":[0,0],"1":[0,0],"2":[0,0],"3":[0,0],"4":[0,0],"5":[0,0],"6":[0,0],"7":[0,0],"8":[0,0],"9":[0,0],"10":[0,0],"11":[0,0],"12":[0,0,0]}}
,"C:\\Users\\Amalia\\Documents\\Ama\\facultate\\ANUL2\\MPP\\ArchiPro_frontend\\src\\pages\\StatisticsPage.tsx": {"path":"C:\\Users\\Amalia\\Documents\\Ama\\facultate\\ANUL2\\MPP\\ArchiPro_frontend\\src\\pages\\StatisticsPage.tsx","statementMap":{"0":{"start":{"line":2,"column":0},"end":{"line":2,"column":47}},"1":{"start":{"line":3,"column":0},"end":{"line":3,"column":79}},"2":{"start":{"line":4,"column":0},"end":{"line":4,"column":73}},"3":{"start":{"line":5,"column":0},"end":{"line":5,"column":69}},"4":{"start":{"line":6,"column":0},"end":{"line":6,"column":79}},"5":{"start":{"line":7,"column":0},"end":{"line":7,"column":59}},"6":{"start":{"line":9,"column":0},"end":{"line":9,"column":30}},"7":{"start":{"line":12,"column":21},"end":{"line":12,"column":34}},"8":{"start":{"line":13,"column":4},"end":{"line":32,"column":6}},"9":{"start":{"line":15,"column":52},"end":{"line":15,"column":73}},"10":{"start":{"line":35,"column":0},"end":{"line":35,"column":30}}},"fnMap":{"0":{"name":"StatisticsPage","decl":{"start":{"line":11,"column":9},"end":{"line":11,"column":23}},"loc":{"start":{"line":11,"column":61},"end":{"line":33,"column":1}}},"1":{"name":"(anonymous_1)","decl":{"start":{"line":15,"column":46},"end":{"line":15,"column":49}},"loc":{"start":{"line":15,"column":52},"end":{"line":15,"column":73}}}},"branchMap":{},"s":{"0":1,"1":1,"2":1,"3":1,"4":1,"5":1,"6":1,"7":0,"8":0,"9":0,"10":1},"f":{"0":0,"1":0},"b":{}}
,"C:\\Users\\Amalia\\Documents\\Ama\\facultate\\ANUL2\\MPP\\ArchiPro_frontend\\src\\tests\\e2e.spec.ts": {"path":"C:\\Users\\Amalia\\Documents\\Ama\\facultate\\ANUL2\\MPP\\ArchiPro_frontend\\src\\tests\\e2e.spec.ts","statementMap":{"0":{"start":{"line":2,"column":0},"end":{"line":2,"column":48}},"1":{"start":{"line":4,"column":16},"end":{"line":4,"column":39}},"2":{"start":{"line":6,"column":0},"end":{"line":64,"column":3}},"3":{"start":{"line":7,"column":2},"end":{"line":17,"column":5}},"4":{"start":{"line":8,"column":4},"end":{"line":8,"column":45}},"5":{"start":{"line":9,"column":4},"end":{"line":9,"column":84}},"6":{"start":{"line":10,"column":4},"end":{"line":10,"column":73}},"7":{"start":{"line":11,"column":4},"end":{"line":11,"column":84}},"8":{"start":{"line":12,"column":4},"end":{"line":12,"column":84}},"9":{"start":{"line":13,"column":4},"end":{"line":13,"column":90}},"10":{"start":{"line":14,"column":4},"end":{"line":14,"column":44}},"11":{"start":{"line":15,"column":4},"end":{"line":15,"column":56}},"12":{"start":{"line":16,"column":4},"end":{"line":16,"column":82}},"13":{"start":{"line":19,"column":2},"end":{"line":32,"column":5}},"14":{"start":{"line":20,"column":4},"end":{"line":20,"column":43}},"15":{"start":{"line":21,"column":22},"end":{"line":21,"column":63}},"16":{"start":{"line":22,"column":25},"end":{"line":22,"column":87}},"17":{"start":{"line":23,"column":15},"end":{"line":23,"column":63}},"18":{"start":{"line":25,"column":4},"end":{"line":25,"column":60}},"19":{"start":{"line":26,"column":4},"end":{"line":26,"column":57}},"20":{"start":{"line":28,"column":4},"end":{"line":28,"column":45}},"21":{"start":{"line":29,"column":4},"end":{"line":29,"column":91}},"22":{"start":{"line":30,"column":4},"end":{"line":30,"column":56}},"23":{"start":{"line":31,"column":4},"end":{"line":31,"column":73}},"24":{"start":{"line":34,"column":2},"end":{"line":49,"column":5}},"25":{"start":{"line":35,"column":4},"end":{"line":35,"column":43}},"26":{"start":{"line":36,"column":22},"end":{"line":36,"column":63}},"27":{"start":{"line":37,"column":25},"end":{"line":37,"column":87}},"28":{"start":{"line":38,"column":15},"end":{"line":38,"column":63}},"29":{"start":{"line":40,"column":4},"end":{"line":40,"column":60}},"30":{"start":{"line":41,"column":4},"end":{"line":41,"column":57}},"31":{"start":{"line":43,"column":4},"end":{"line":43,"column":50}},"32":{"start":{"line":44,"column":4},"end":{"line":44,"column":56}},"33":{"start":{"line":46,"column":23},"end":{"line":46,"column":64}},"34":{"start":{"line":47,"column":16},"end":{"line":47,"column":65}},"35":{"start":{"line":48,"column":4},"end":{"line":48,"column":29}},"36":{"start":{"line":51,"column":2},"end":{"line":55,"column":5}},"37":{"start":{"line":52,"column":4},"end":{"line":52,"column":43}},"38":{"start":{"line":53,"column":4},"end":{"line":53,"column":63}},"39":{"start":{"line":54,"column":4},"end":{"line":54,"column":83}},"40":{"start":{"line":57,"column":2},"end":{"line":62,"column":5}},"41":{"start":{"line":58,"column":4},"end":{"line":58,"column":43}},"42":{"start":{"line":59,"column":27},"end":{"line":59,"column":59}},"43":{"start":{"line":60,"column":4},"end":{"line":60,"column":51}},"44":{"start":{"line":61,"column":4},"end":{"line":61,"column":80}}},"fnMap":{"0":{"name":"(anonymous_0)","decl":{"start":{"line":6,"column":40},"end":{"line":6,"column":43}},"loc":{"start":{"line":6,"column":45},"end":{"line":64,"column":1}}},"1":{"name":"(anonymous_1)","decl":{"start":{"line":7,"column":22},"end":{"line":7,"column":27}},"loc":{"start":{"line":7,"column":41},"end":{"line":17,"column":3}}},"2":{"name":"(anonymous_2)","decl":{"start":{"line":19,"column":23},"end":{"line":19,"column":28}},"loc":{"start":{"line":19,"column":42},"end":{"line":32,"column":3}}},"3":{"name":"(anonymous_3)","decl":{"start":{"line":34,"column":25},"end":{"line":34,"column":30}},"loc":{"start":{"line":34,"column":44},"end":{"line":49,"column":3}}},"4":{"name":"(anonymous_4)","decl":{"start":{"line":51,"column":35},"end":{"line":51,"column":40}},"loc":{"start":{"line":51,"column":54},"end":{"line":55,"column":3}}},"5":{"name":"(anonymous_5)","decl":{"start":{"line":57,"column":38},"end":{"line":57,"column":43}},"loc":{"start":{"line":57,"column":57},"end":{"line":62,"column":3}}}},"branchMap":{},"s":{"0":0,"1":0,"2":0,"3":0,"4":0,"5":0,"6":0,"7":0,"8":0,"9":0,"10":0,"11":0,"12":0,"13":0,"14":0,"15":0,"16":0,"17":0,"18":0,"19":0,"20":0,"21":0,"22":0,"23":0,"24":0,"25":0,"26":0,"27":0,"28":0,"29":0,"30":0,"31":0,"32":0,"33":0,"34":0,"35":0,"36":0,"37":0,"38":0,"39":0,"40":0,"41":0,"42":0,"43":0,"44":0},"f":{"0":0,"1":0,"2":0,"3":0,"4":0,"5":0},"b":{}}
,"C:\\Users\\Amalia\\Documents\\Ama\\facultate\\ANUL2\\MPP\\ArchiPro_frontend\\src\\utils\\cookies.ts": {"path":"C:\\Users\\Amalia\\Documents\\Ama\\facultate\\ANUL2\\MPP\\ArchiPro_frontend\\src\\utils\\cookies.ts","statementMap":{"0":{"start":{"line":1,"column":0},"end":{"line":1,"column":16}},"1":{"start":{"line":2,"column":20},"end":{"line":6,"column":10}},"2":{"start":{"line":3,"column":23},"end":{"line":3,"column":42}},"3":{"start":{"line":4,"column":8},"end":{"line":4,"column":51}},"4":{"start":{"line":4,"column":20},"end":{"line":4,"column":51}},"5":{"start":{"line":5,"column":8},"end":{"line":5,"column":19}},"6":{"start":{"line":7,"column":4},"end":{"line":7,"column":40}}},"fnMap":{"0":{"name":"getCookieValue","decl":{"start":{"line":1,"column":16},"end":{"line":1,"column":30}},"loc":{"start":{"line":1,"column":64},"end":{"line":8,"column":1}}},"1":{"name":"(anonymous_1)","decl":{"start":{"line":2,"column":54},"end":{"line":2,"column":55}},"loc":{"start":{"line":2,"column":89},"end":{"line":6,"column":5}}}},"branchMap":{"0":{"loc":{"start":{"line":4,"column":8},"end":{"line":4,"column":51}},"type":"if","locations":[{"start":{"line":4,"column":8},"end":{"line":4,"column":51}},{"start":{},"end":{}}]},"1":{"loc":{"start":{"line":4,"column":12},"end":{"line":4,"column":18}},"type":"binary-expr","locations":[{"start":{"line":4,"column":12},"end":{"line":4,"column":13}},{"start":{"line":4,"column":17},"end":{"line":4,"column":18}}]},"2":{"loc":{"start":{"line":7,"column":11},"end":{"line":7,"column":39}},"type":"binary-expr","locations":[{"start":{"line":7,"column":11},"end":{"line":7,"column":23}},{"start":{"line":7,"column":27},"end":{"line":7,"column":39}}]}},"s":{"0":3,"1":19,"2":45,"3":45,"4":39,"5":45,"6":19},"f":{"0":19,"1":45},"b":{"0":[39,6],"1":[45,39],"2":[19,6]}}
}
