TN:
SF:src\App.tsx
FN:17,App
FN:84,(anonymous_1)
FN:88,(anonymous_2)
FN:89,(anonymous_3)
FN:89,(anonymous_4)
FN:92,(anonymous_5)
FN:93,(anonymous_6)
FN:94,(anonymous_7)
FN:100,(anonymous_8)
FN:104,(anonymous_9)
FN:105,(anonymous_10)
FNF:11
FNH:1
FNDA:1,App
FNDA:0,(anonymous_1)
FNDA:0,(anonymous_2)
FNDA:0,(anonymous_3)
FNDA:0,(anonymous_4)
FNDA:0,(anonymous_5)
FNDA:0,(anonymous_6)
FNDA:0,(anonymous_7)
FNDA:0,(anonymous_8)
FNDA:0,(anonymous_9)
FNDA:0,(anonymous_10)
DA:1,1
DA:2,1
DA:3,1
DA:4,1
DA:5,1
DA:7,1
DA:8,1
DA:9,1
DA:10,1
DA:11,1
DA:13,1
DA:14,1
DA:15,1
DA:16,1
DA:19,1
DA:20,1
DA:84,1
DA:85,0
DA:88,1
DA:89,0
DA:92,1
DA:93,0
DA:94,0
DA:95,0
DA:100,1
DA:101,0
DA:104,1
DA:105,0
DA:106,0
DA:109,1
DA:126,1
LF:31
LH:23
BRDA:95,0,0,0
BRDA:95,0,1,0
BRDA:105,1,0,0
BRDA:105,1,1,0
BRDA:106,2,0,0
BRDA:106,2,1,0
BRF:6
BRH:0
end_of_record
TN:
SF:src\components\AddForm.tsx
FN:5,AddForm
FN:22,(anonymous_1)
FN:60,(anonymous_2)
FN:81,(anonymous_3)
FN:93,(anonymous_4)
FN:102,(anonymous_5)
FN:111,(anonymous_6)
FN:120,(anonymous_7)
FN:129,(anonymous_8)
FNF:9
FNH:9
FNDA:201,AddForm
FNDA:6,(anonymous_1)
FNDA:6,(anonymous_2)
FNDA:2,(anonymous_3)
FNDA:39,(anonymous_4)
FNDA:36,(anonymous_5)
FNDA:4,(anonymous_6)
FNDA:4,(anonymous_7)
FNDA:99,(anonymous_8)
DA:1,3
DA:2,3
DA:3,3
DA:6,201
DA:8,201
DA:9,201
DA:10,201
DA:11,201
DA:12,201
DA:14,201
DA:22,201
DA:23,6
DA:24,6
DA:31,6
DA:32,3
DA:33,3
DA:35,6
DA:36,3
DA:37,3
DA:39,6
DA:40,2
DA:41,2
DA:43,6
DA:44,2
DA:45,2
DA:47,6
DA:48,1
DA:49,1
DA:51,6
DA:52,3
DA:53,3
DA:56,6
DA:57,6
DA:60,201
DA:61,6
DA:62,6
DA:63,4
DA:65,2
DA:77,2
DA:78,2
DA:81,201
DA:82,2
DA:85,201
DA:93,39
DA:102,36
DA:111,4
DA:120,4
DA:129,99
DA:146,3
LF:49
LH:49
BRDA:31,0,0,3
BRDA:31,0,1,3
BRDA:35,1,0,3
BRDA:35,1,1,3
BRDA:39,2,0,2
BRDA:39,2,1,4
BRDA:43,3,0,2
BRDA:43,3,1,4
BRDA:47,4,0,1
BRDA:47,4,1,5
BRDA:47,5,0,6
BRDA:47,5,1,4
BRDA:47,5,2,4
BRDA:51,6,0,3
BRDA:51,6,1,3
BRDA:61,7,0,6
BRDA:61,7,1,0
BRDA:62,8,0,4
BRDA:62,8,1,2
BRDA:95,9,0,201
BRDA:95,9,1,4
BRDA:104,10,0,201
BRDA:104,10,1,4
BRDA:113,11,0,201
BRDA:113,11,1,2
BRDA:122,12,0,201
BRDA:122,12,1,3
BRDA:131,13,0,201
BRDA:131,13,1,4
BRF:29
BRH:28
end_of_record
TN:
SF:src\components\EditForm.tsx
FN:6,EditForm
FN:23,(anonymous_1)
FN:61,(anonymous_2)
FN:82,(anonymous_3)
FN:90,(anonymous_4)
FN:94,(anonymous_5)
FN:98,(anonymous_6)
FN:102,(anonymous_7)
FN:105,(anonymous_8)
FNF:9
FNH:9
FNDA:106,EditForm
FNDA:8,(anonymous_1)
FNDA:8,(anonymous_2)
FNDA:1,(anonymous_3)
FNDA:29,(anonymous_4)
FNDA:12,(anonymous_5)
FNDA:5,(anonymous_6)
FNDA:5,(anonymous_7)
FNDA:37,(anonymous_8)
DA:1,3
DA:2,3
DA:3,3
DA:7,106
DA:9,106
DA:10,106
DA:11,106
DA:12,106
DA:13,106
DA:15,106
DA:23,106
DA:24,8
DA:25,8
DA:32,8
DA:33,2
DA:34,2
DA:36,8
DA:37,1
DA:38,1
DA:40,8
DA:41,1
DA:42,1
DA:44,8
DA:45,1
DA:46,1
DA:48,8
DA:49,1
DA:50,1
DA:52,8
DA:53,1
DA:54,1
DA:57,8
DA:58,8
DA:61,106
DA:62,8
DA:63,8
DA:64,7
DA:66,1
DA:78,1
DA:79,1
DA:82,106
DA:83,1
DA:86,106
DA:90,29
DA:94,12
DA:98,5
DA:102,5
DA:105,37
DA:117,3
LF:49
LH:49
BRDA:32,0,0,2
BRDA:32,0,1,6
BRDA:36,1,0,1
BRDA:36,1,1,7
BRDA:40,2,0,1
BRDA:40,2,1,7
BRDA:44,3,0,1
BRDA:44,3,1,7
BRDA:48,4,0,1
BRDA:48,4,1,7
BRDA:48,5,0,8
BRDA:48,5,1,7
BRDA:48,5,2,6
BRDA:52,6,0,1
BRDA:52,6,1,7
BRDA:62,7,0,8
BRDA:62,7,1,0
BRDA:63,8,0,7
BRDA:63,8,1,1
BRDA:91,9,0,106
BRDA:91,9,1,2
BRDA:95,10,0,106
BRDA:95,10,1,1
BRDA:99,11,0,106
BRDA:99,11,1,1
BRDA:103,12,0,106
BRDA:103,12,1,2
BRDA:106,13,0,106
BRDA:106,13,1,1
BRF:29
BRH:28
end_of_record
TN:
SF:src\components\Features.tsx
FN:4,Features
FNF:1
FNH:1
FNDA:2,Features
DA:1,2
DA:2,2
DA:3,2
DA:5,2
DA:43,2
LF:5
LH:5
BRF:0
BRH:0
end_of_record
TN:
SF:src\components\Hero.tsx
FN:4,Hero
FN:7,(anonymous_1)
FNF:2
FNH:1
FNDA:2,Hero
FNDA:0,(anonymous_1)
DA:2,2
DA:3,2
DA:5,2
DA:7,2
DA:8,0
DA:10,2
DA:18,2
LF:7
LH:6
BRF:0
BRH:0
end_of_record
TN:
SF:src\components\LoginForm.tsx
FN:5,LoginForm
FN:13,(anonymous_1)
FN:37,(anonymous_2)
FN:50,(anonymous_3)
FN:59,(anonymous_4)
FN:71,(anonymous_5)
FNF:6
FNH:0
FNDA:0,LoginForm
FNDA:0,(anonymous_1)
FNDA:0,(anonymous_2)
FNDA:0,(anonymous_3)
FNDA:0,(anonymous_4)
FNDA:0,(anonymous_5)
DA:1,1
DA:2,1
DA:3,1
DA:6,0
DA:7,0
DA:8,0
DA:9,0
DA:13,0
DA:14,0
DA:15,0
DA:19,0
DA:20,0
DA:21,0
DA:22,0
DA:23,0
DA:24,0
DA:26,0
DA:27,0
DA:28,0
DA:29,0
DA:30,0
DA:31,0
DA:33,0
DA:34,0
DA:37,0
DA:38,0
DA:39,0
DA:41,0
DA:42,0
DA:43,0
DA:46,0
DA:50,0
DA:59,0
DA:71,0
DA:81,1
LF:35
LH:4
BRDA:19,0,0,0
BRDA:19,0,1,0
BRDA:22,1,0,0
BRDA:22,1,1,0
BRDA:26,2,0,0
BRDA:26,2,1,0
BRDA:29,3,0,0
BRDA:29,3,1,0
BRDA:38,4,0,0
BRDA:38,4,1,0
BRDA:39,5,0,0
BRDA:39,5,1,0
BRDA:61,6,0,0
BRDA:61,6,1,0
BRDA:73,7,0,0
BRDA:73,7,1,0
BRF:16
BRH:0
end_of_record
TN:
SF:src\components\ProjectRow.tsx
FN:9,getCookieValue
FN:10,(anonymous_1)
FN:19,ProjectRow
FNF:3
FNH:3
FNDA:3,getCookieValue
FNDA:3,(anonymous_1)
FNDA:15,ProjectRow
DA:2,3
DA:10,3
DA:11,3
DA:12,3
DA:13,3
DA:15,3
DA:17,3
DA:20,15
DA:37,3
LF:9
LH:9
BRDA:12,0,0,0
BRDA:12,0,1,3
BRDA:12,1,0,3
BRDA:12,1,1,0
BRDA:15,2,0,3
BRDA:15,2,1,3
BRF:6
BRH:4
end_of_record
TN:
SF:src\components\ProjectTopContainer.tsx
FN:5,ProjectTopContainer
FN:14,(anonymous_1)
FN:18,(anonymous_2)
FNF:3
FNH:3
FNDA:6,ProjectTopContainer
FNDA:1,(anonymous_1)
FNDA:1,(anonymous_2)
DA:2,3
DA:3,3
DA:4,3
DA:12,6
DA:14,6
DA:15,1
DA:18,6
DA:19,1
DA:22,6
DA:64,3
LF:10
LH:10
BRF:0
BRH:0
end_of_record
TN:
SF:src\components\RegisterForm.tsx
FN:6,RegisterForm
FN:19,(anonymous_1)
FN:48,(anonymous_2)
FN:75,(anonymous_3)
FN:83,(anonymous_4)
FN:92,(anonymous_5)
FN:99,(anonymous_6)
FNF:7
FNH:0
FNDA:0,RegisterForm
FNDA:0,(anonymous_1)
FNDA:0,(anonymous_2)
FNDA:0,(anonymous_3)
FNDA:0,(anonymous_4)
FNDA:0,(anonymous_5)
FNDA:0,(anonymous_6)
DA:1,1
DA:2,1
DA:3,1
DA:7,0
DA:9,0
DA:10,0
DA:11,0
DA:13,0
DA:19,0
DA:20,0
DA:21,0
DA:26,0
DA:27,0
DA:28,0
DA:30,0
DA:31,0
DA:32,0
DA:33,0
DA:34,0
DA:35,0
DA:37,0
DA:38,0
DA:39,0
DA:40,0
DA:41,0
DA:42,0
DA:44,0
DA:45,0
DA:48,0
DA:49,0
DA:50,0
DA:52,0
DA:58,0
DA:59,0
DA:60,0
DA:64,0
DA:75,0
DA:83,0
DA:92,0
DA:99,0
DA:105,1
LF:41
LH:4
BRDA:26,0,0,0
BRDA:26,0,1,0
BRDA:30,1,0,0
BRDA:30,1,1,0
BRDA:33,2,0,0
BRDA:33,2,1,0
BRDA:37,3,0,0
BRDA:37,3,1,0
BRDA:40,4,0,0
BRDA:40,4,1,0
BRDA:49,5,0,0
BRDA:49,5,1,0
BRDA:50,6,0,0
BRDA:50,6,1,0
BRDA:77,7,0,0
BRDA:77,7,1,0
BRDA:85,8,0,0
BRDA:85,8,1,0
BRDA:94,9,0,0
BRDA:94,9,1,0
BRF:20
BRH:0
end_of_record
TN:
SF:src\components\SideBar.tsx
FN:12,SideBar
FN:16,(anonymous_1)
FN:17,(anonymous_2)
FN:20,(anonymous_3)
FN:40,(anonymous_4)
FN:41,(anonymous_5)
FN:42,(anonymous_6)
FNF:7
FNH:4
FNDA:9,SideBar
FNDA:2,(anonymous_1)
FNDA:2,(anonymous_2)
FNDA:0,(anonymous_3)
FNDA:40,(anonymous_4)
FNDA:0,(anonymous_5)
FNDA:0,(anonymous_6)
DA:1,3
DA:2,3
DA:3,3
DA:4,3
DA:10,3
DA:13,9
DA:14,9
DA:16,9
DA:17,2
DA:20,9
DA:21,0
DA:23,0
DA:24,0
DA:25,0
DA:26,0
DA:27,0
DA:28,0
DA:29,0
DA:30,0
DA:35,9
DA:41,40
DA:42,0
DA:51,3
LF:23
LH:13
BRDA:21,0,0,0
BRDA:21,0,1,0
BRDA:23,1,0,0
BRDA:23,1,1,0
BRDA:25,2,0,0
BRDA:25,2,1,0
BRDA:27,3,0,0
BRDA:27,3,1,0
BRDA:29,4,0,0
BRDA:29,4,1,0
BRDA:36,5,0,8
BRDA:36,5,1,1
BRDA:38,6,0,9
BRDA:38,6,1,8
BRF:14
BRH:4
end_of_record
TN:
SF:src\components\SideBarStages.tsx
FN:13,SideBarStages
FN:17,(anonymous_1)
FN:18,(anonymous_2)
FN:21,(anonymous_3)
FN:38,(anonymous_4)
FN:42,(anonymous_5)
FNF:6
FNH:0
FNDA:0,SideBarStages
FNDA:0,(anonymous_1)
FNDA:0,(anonymous_2)
FNDA:0,(anonymous_3)
FNDA:0,(anonymous_4)
FNDA:0,(anonymous_5)
DA:1,0
DA:2,0
DA:3,0
DA:4,0
DA:14,0
DA:15,0
DA:17,0
DA:18,0
DA:21,0
DA:22,0
DA:23,0
DA:24,0
DA:28,0
DA:39,0
DA:42,0
DA:53,0
LF:16
LH:0
BRDA:23,0,0,0
BRDA:23,0,1,0
BRDA:29,1,0,0
BRDA:29,1,1,0
BRDA:36,2,0,0
BRDA:36,2,1,0
BRDA:41,3,0,0
BRDA:41,3,1,0
BRF:8
BRH:0
end_of_record
TN:
SF:src\components\ThemeSwitcher.tsx
FN:1,ThemeSwitcher
FN:2,(anonymous_1)
FNF:2
FNH:2
FNDA:11,ThemeSwitcher
FNDA:2,(anonymous_1)
DA:2,11
DA:3,2
DA:6,11
DA:13,3
LF:4
LH:4
BRDA:3,0,0,1
BRDA:3,0,1,1
BRF:2
BRH:2
end_of_record
TN:
SF:src\components\charts\ProjectsTypeBar.tsx
FN:4,categoryData
FN:5,(anonymous_1)
FN:11,(anonymous_2)
FN:17,(anonymous_3)
FN:18,(anonymous_4)
FN:41,(anonymous_5)
FNF:6
FNH:0
FNDA:0,categoryData
FNDA:0,(anonymous_1)
FNDA:0,(anonymous_2)
FNDA:0,(anonymous_3)
FNDA:0,(anonymous_4)
FNDA:0,(anonymous_5)
DA:2,3
DA:5,0
DA:6,0
DA:7,0
DA:8,0
DA:11,0
DA:17,3
DA:18,0
DA:19,0
DA:20,0
DA:21,0
DA:22,0
DA:23,0
DA:24,0
DA:27,0
DA:42,0
DA:52,3
LF:17
LH:3
BRDA:6,0,0,0
BRDA:6,0,1,0
BRDA:7,1,0,0
BRDA:7,1,1,0
BRDA:20,2,0,0
BRDA:20,2,1,0
BRDA:21,3,0,0
BRDA:21,3,1,0
BRDA:22,4,0,0
BRDA:22,4,1,0
BRDA:23,5,0,0
BRDA:23,5,1,0
BRF:12
BRH:0
end_of_record
TN:
SF:src\components\charts\StageBottleneckBar.tsx
FN:5,bottleneckData
FN:6,(anonymous_1)
FN:13,(anonymous_2)
FN:20,(anonymous_3)
FN:21,(anonymous_4)
FN:48,(anonymous_5)
FNF:6
FNH:0
FNDA:0,bottleneckData
FNDA:0,(anonymous_1)
FNDA:0,(anonymous_2)
FNDA:0,(anonymous_3)
FNDA:0,(anonymous_4)
FNDA:0,(anonymous_5)
DA:3,3
DA:6,0
DA:7,0
DA:8,0
DA:10,0
DA:13,0
DA:20,3
DA:21,0
DA:22,0
DA:23,0
DA:24,0
DA:25,0
DA:26,0
DA:27,0
DA:28,0
DA:31,0
DA:49,0
DA:59,3
LF:18
LH:3
BRDA:7,0,0,0
BRDA:7,0,1,0
BRDA:8,1,0,0
BRDA:8,1,1,0
BRDA:23,2,0,0
BRDA:23,2,1,0
BRDA:24,3,0,0
BRDA:24,3,1,0
BRDA:25,4,0,0
BRDA:25,4,1,0
BRDA:26,5,0,0
BRDA:26,5,1,0
BRDA:27,6,0,0
BRDA:27,6,1,0
BRF:14
BRH:0
end_of_record
TN:
SF:src\components\charts\StatusDistributionPie.tsx
FN:5,(anonymous_0)
FN:6,(anonymous_1)
FN:12,(anonymous_2)
FN:21,StatusDistributionPie
FN:40,(anonymous_4)
FN:45,(anonymous_5)
FNF:6
FNH:0
FNDA:0,(anonymous_0)
FNDA:0,(anonymous_1)
FNDA:0,(anonymous_2)
FNDA:0,StatusDistributionPie
FNDA:0,(anonymous_4)
FNDA:0,(anonymous_5)
DA:2,3
DA:5,3
DA:6,0
DA:7,0
DA:8,0
DA:9,0
DA:12,0
DA:13,0
DA:14,0
DA:15,0
DA:16,0
DA:17,0
DA:22,0
DA:24,0
DA:41,0
DA:45,0
DA:55,3
LF:17
LH:3
BRDA:8,0,0,0
BRDA:8,0,1,0
BRDA:14,1,0,0
BRDA:14,1,1,0
BRDA:15,2,0,0
BRDA:15,2,1,0
BRDA:16,3,0,0
BRDA:16,3,1,0
BRF:8
BRH:0
end_of_record
TN:
SF:src\components\charts\TopCompletionProjects.tsx
FN:3,getTopCompletedProjects
FN:6,(anonymous_1)
FN:9,(anonymous_2)
FN:15,TopCompletionProjects
FN:35,(anonymous_4)
FNF:5
FNH:0
FNDA:0,getTopCompletedProjects
FNDA:0,(anonymous_1)
FNDA:0,(anonymous_2)
FNDA:0,TopCompletionProjects
FNDA:0,(anonymous_4)
DA:4,0
DA:6,0
DA:9,0
DA:16,0
DA:18,0
DA:36,0
DA:52,3
LF:7
LH:1
BRDA:9,0,0,0
BRDA:9,0,1,0
BRDA:9,1,0,0
BRDA:9,1,1,0
BRDA:33,2,0,0
BRDA:33,2,1,0
BRF:6
BRH:0
end_of_record
TN:
SF:src\components\charts\TopRowCards.tsx
FN:4,statistics
FN:7,(anonymous_1)
FN:10,(anonymous_2)
FN:14,(anonymous_3)
FN:19,TopRowCards
FNF:5
FNH:0
FNDA:0,statistics
FNDA:0,(anonymous_1)
FNDA:0,(anonymous_2)
FNDA:0,(anonymous_3)
FNDA:0,TopRowCards
DA:2,3
DA:5,0
DA:6,0
DA:7,0
DA:10,0
DA:13,0
DA:14,0
DA:16,0
DA:20,0
DA:21,0
DA:51,3
LF:11
LH:2
BRDA:6,0,0,0
BRDA:6,0,1,0
BRDA:10,1,0,0
BRDA:10,1,1,0
BRF:4
BRH:0
end_of_record
TN:
SF:src\hooks\useUserPreferences.ts
FN:4,useUserPreferences
FN:6,(anonymous_1)
FN:7,(anonymous_2)
FN:13,(anonymous_3)
FN:14,(anonymous_4)
FNF:5
FNH:5
FNDA:22,useUserPreferences
FNDA:22,(anonymous_1)
FNDA:33,(anonymous_2)
FNDA:12,(anonymous_3)
FNDA:34,(anonymous_4)
DA:2,3
DA:4,3
DA:6,22
DA:7,22
DA:8,33
DA:13,22
DA:14,12
DA:15,34
DA:16,34
DA:17,34
DA:19,12
LF:11
LH:11
BRDA:16,0,0,34
BRDA:16,0,1,0
BRDA:16,1,0,34
BRDA:16,1,1,34
BRF:4
BRH:3
end_of_record
TN:
SF:src\pages\AddProject.tsx
FN:4,AddProject
FNF:1
FNH:1
FNDA:3,AddProject
DA:1,2
DA:2,2
DA:5,3
DA:12,2
LF:4
LH:4
BRF:0
BRH:0
end_of_record
TN:
SF:src\pages\DesignPage.tsx
FN:9,DesignPage
FN:20,(anonymous_1)
FN:42,(anonymous_2)
FN:45,(anonymous_3)
FN:73,(anonymous_4)
FN:76,(anonymous_5)
FN:92,(anonymous_6)
FN:106,(anonymous_7)
FN:127,(anonymous_8)
FN:133,(anonymous_9)
FN:137,(anonymous_10)
FN:162,(anonymous_11)
FN:172,(anonymous_12)
FN:195,(anonymous_13)
FN:205,(anonymous_14)
FNF:15
FNH:0
FNDA:0,DesignPage
FNDA:0,(anonymous_1)
FNDA:0,(anonymous_2)
FNDA:0,(anonymous_3)
FNDA:0,(anonymous_4)
FNDA:0,(anonymous_5)
FNDA:0,(anonymous_6)
FNDA:0,(anonymous_7)
FNDA:0,(anonymous_8)
FNDA:0,(anonymous_9)
FNDA:0,(anonymous_10)
FNDA:0,(anonymous_11)
FNDA:0,(anonymous_12)
FNDA:0,(anonymous_13)
FNDA:0,(anonymous_14)
DA:1,1
DA:2,1
DA:4,1
DA:5,1
DA:16,0
DA:17,0
DA:18,0
DA:20,0
DA:22,0
DA:23,0
DA:26,0
DA:42,0
DA:43,0
DA:44,0
DA:45,0
DA:46,0
DA:53,0
DA:58,0
DA:68,0
DA:73,0
DA:74,0
DA:76,0
DA:79,0
DA:89,0
DA:92,0
DA:93,0
DA:103,0
DA:106,0
DA:107,0
DA:117,0
DA:120,0
DA:122,0
DA:127,0
DA:134,0
DA:137,0
DA:163,0
DA:172,0
DA:195,0
DA:205,0
DA:218,1
LF:40
LH:5
BRDA:22,0,0,0
BRDA:22,0,1,0
BRDA:26,1,0,0
BRDA:26,1,1,0
BRDA:44,2,0,0
BRDA:44,2,1,0
BRDA:55,3,0,0
BRDA:55,3,1,0
BRDA:76,4,0,0
BRDA:76,4,1,0
BRDA:120,5,0,0
BRDA:120,5,1,0
BRDA:136,6,0,0
BRDA:136,6,1,0
BRDA:161,7,0,0
BRDA:161,7,1,0
BRDA:161,8,0,0
BRDA:161,8,1,0
BRDA:194,9,0,0
BRDA:194,9,1,0
BRDA:204,10,0,0
BRDA:204,10,1,0
BRF:22
BRH:0
end_of_record
TN:
SF:src\pages\EditPage.tsx
FN:6,EditPage
FN:8,(anonymous_1)
FNF:2
FNH:2
FNDA:11,EditPage
FNDA:10,(anonymous_1)
DA:2,3
DA:3,3
DA:4,3
DA:7,11
DA:8,11
DA:10,11
DA:11,1
DA:14,10
DA:22,3
LF:9
LH:9
BRDA:10,0,0,1
BRDA:10,0,1,10
BRF:2
BRH:2
end_of_record
TN:
SF:src\pages\Home.tsx
FN:3,Home
FNF:1
FNH:1
FNDA:2,Home
DA:1,2
DA:2,2
DA:4,2
DA:12,2
LF:4
LH:4
BRF:0
BRH:0
end_of_record
TN:
SF:src\pages\LoginPage.tsx
FN:4,LoginPage
FNF:1
FNH:0
FNDA:0,LoginPage
DA:1,1
DA:2,1
DA:3,1
DA:5,0
DA:12,1
LF:5
LH:4
BRF:0
BRH:0
end_of_record
TN:
SF:src\pages\Overview.tsx
FN:16,Overview
FN:20,(anonymous_1)
FN:23,(anonymous_2)
FN:24,(anonymous_3)
FN:29,(anonymous_4)
FN:37,(anonymous_5)
FN:43,(anonymous_6)
FN:46,(anonymous_7)
FN:48,(anonymous_8)
FN:49,(anonymous_9)
FN:50,(anonymous_10)
FN:55,(anonymous_11)
FN:59,(anonymous_12)
FN:63,(anonymous_13)
FN:69,(anonymous_14)
FN:75,(anonymous_15)
FN:99,(anonymous_16)
FN:106,(anonymous_17)
FN:122,(anonymous_18)
FN:127,(anonymous_19)
FN:134,(anonymous_20)
FN:152,(anonymous_21)
FN:153,(anonymous_22)
FN:167,(anonymous_23)
FN:171,(anonymous_24)
FNF:25
FNH:20
FNDA:11,Overview
FNDA:6,(anonymous_1)
FNDA:6,(anonymous_2)
FNDA:6,(anonymous_3)
FNDA:6,(anonymous_4)
FNDA:6,(anonymous_5)
FNDA:11,(anonymous_6)
FNDA:6,(anonymous_7)
FNDA:9,(anonymous_8)
FNDA:9,(anonymous_9)
FNDA:9,(anonymous_10)
FNDA:1,(anonymous_11)
FNDA:1,(anonymous_12)
FNDA:1,(anonymous_13)
FNDA:1,(anonymous_14)
FNDA:1,(anonymous_15)
FNDA:0,(anonymous_16)
FNDA:0,(anonymous_17)
FNDA:0,(anonymous_18)
FNDA:0,(anonymous_19)
FNDA:0,(anonymous_20)
FNDA:15,(anonymous_21)
FNDA:1,(anonymous_22)
FNDA:11,(anonymous_23)
FNDA:1,(anonymous_24)
DA:1,3
DA:2,3
DA:3,3
DA:4,3
DA:6,3
DA:7,3
DA:8,3
DA:9,3
DA:10,3
DA:11,3
DA:12,3
DA:13,3
DA:17,11
DA:18,11
DA:19,11
DA:20,11
DA:21,11
DA:23,11
DA:24,11
DA:25,11
DA:27,11
DA:30,6
DA:31,6
DA:35,11
DA:38,6
DA:42,11
DA:43,11
DA:44,11
DA:46,11
DA:47,6
DA:48,9
DA:49,9
DA:50,9
DA:53,11
DA:55,11
DA:56,1
DA:59,11
DA:60,1
DA:63,11
DA:64,1
DA:65,1
DA:69,11
DA:70,1
DA:71,1
DA:75,11
DA:76,1
DA:79,11
DA:99,0
DA:106,0
DA:122,0
DA:127,0
DA:134,0
DA:153,15
DA:168,11
DA:171,1
DA:211,3
LF:56
LH:51
BRDA:30,0,0,0
BRDA:30,0,1,6
BRDA:30,1,0,6
BRDA:30,1,1,6
BRDA:31,2,0,0
BRDA:31,2,1,6
BRDA:31,3,0,6
BRDA:31,3,1,6
BRDA:38,4,0,0
BRDA:38,4,1,6
BRDA:38,5,0,6
BRDA:38,5,1,6
BRDA:48,6,0,9
BRDA:48,6,1,0
BRDA:49,7,0,9
BRDA:49,7,1,0
BRDA:64,8,0,1
BRDA:64,8,1,0
BRDA:70,9,0,1
BRDA:70,9,1,0
BRDA:81,10,0,10
BRDA:81,10,1,1
BRDA:98,11,0,11
BRDA:98,11,1,0
BRDA:105,12,0,0
BRDA:105,12,1,11
BRDA:114,13,0,11
BRDA:114,13,1,0
BRDA:170,14,0,7
BRDA:170,14,1,4
BRF:30
BRH:20
end_of_record
TN:
SF:src\pages\ProjectPage.tsx
FN:12,ProjectPage
FN:15,(anonymous_1)
FN:29,(anonymous_2)
FNF:3
FNH:3
FNDA:7,ProjectPage
FNDA:6,(anonymous_1)
FNDA:1,(anonymous_2)
DA:1,3
DA:2,3
DA:4,3
DA:5,3
DA:6,3
DA:13,7
DA:14,7
DA:15,7
DA:17,7
DA:18,1
DA:29,6
DA:30,1
DA:31,1
DA:34,6
DA:64,3
LF:15
LH:15
BRDA:17,0,0,1
BRDA:17,0,1,6
BRF:2
BRH:2
end_of_record
TN:
SF:src\pages\ProjectVisualizationPage.tsx
FN:6,SiteAnalysisPage
FN:16,(anonymous_1)
FN:31,(anonymous_2)
FN:45,(anonymous_3)
FN:48,(anonymous_4)
FN:50,(anonymous_5)
FN:70,(anonymous_6)
FN:71,(anonymous_7)
FN:90,(anonymous_8)
FN:102,(anonymous_9)
FN:109,(anonymous_10)
FN:116,(anonymous_11)
FN:123,(anonymous_12)
FN:132,(anonymous_13)
FN:156,(anonymous_14)
FN:161,(anonymous_15)
FNF:16
FNH:0
FNDA:0,SiteAnalysisPage
FNDA:0,(anonymous_1)
FNDA:0,(anonymous_2)
FNDA:0,(anonymous_3)
FNDA:0,(anonymous_4)
FNDA:0,(anonymous_5)
FNDA:0,(anonymous_6)
FNDA:0,(anonymous_7)
FNDA:0,(anonymous_8)
FNDA:0,(anonymous_9)
FNDA:0,(anonymous_10)
FNDA:0,(anonymous_11)
FNDA:0,(anonymous_12)
FNDA:0,(anonymous_13)
FNDA:0,(anonymous_14)
FNDA:0,(anonymous_15)
DA:1,1
DA:3,1
DA:4,1
DA:13,0
DA:14,0
DA:16,0
DA:18,0
DA:19,0
DA:22,0
DA:31,0
DA:32,0
DA:42,0
DA:45,0
DA:46,0
DA:47,0
DA:48,0
DA:49,0
DA:50,0
DA:51,0
DA:52,0
DA:53,0
DA:63,0
DA:65,0
DA:70,0
DA:71,0
DA:72,0
DA:82,0
DA:85,0
DA:90,0
DA:102,0
DA:109,0
DA:116,0
DA:123,0
DA:132,0
DA:157,0
DA:161,0
DA:178,1
LF:37
LH:4
BRDA:18,0,0,0
BRDA:18,0,1,0
BRDA:22,1,0,0
BRDA:22,1,1,0
BRDA:47,2,0,0
BRDA:47,2,1,0
BRDA:52,3,0,0
BRDA:52,3,1,0
BRDA:71,4,0,0
BRDA:71,4,1,0
BRDA:101,5,0,0
BRDA:101,5,1,0
BRDA:108,6,0,0
BRDA:108,6,1,0
BRDA:115,7,0,0
BRDA:115,7,1,0
BRDA:122,8,0,0
BRDA:122,8,1,0
BRDA:131,9,0,0
BRDA:131,9,1,0
BRDA:155,10,0,0
BRDA:155,10,1,0
BRDA:155,11,0,0
BRDA:155,11,1,0
BRF:24
BRH:0
end_of_record
TN:
SF:src\pages\RegisterPage.tsx
FN:5,RegisterPage
FNF:1
FNH:0
FNDA:0,RegisterPage
DA:1,1
DA:2,1
DA:6,0
DA:13,1
LF:4
LH:3
BRF:0
BRH:0
end_of_record
TN:
SF:src\pages\ResearchPage.tsx
FN:7,ResearchPage
FN:18,(anonymous_1)
FN:33,(anonymous_2)
FN:36,(anonymous_3)
FN:38,(anonymous_4)
FN:58,(anonymous_5)
FN:59,(anonymous_6)
FN:74,(anonymous_7)
FN:80,(anonymous_8)
FN:86,(anonymous_9)
FN:95,(anonymous_10)
FN:117,(anonymous_11)
FN:121,(anonymous_12)
FN:126,(anonymous_13)
FN:145,(anonymous_14)
FN:176,(anonymous_15)
FNF:16
FNH:0
FNDA:0,ResearchPage
FNDA:0,(anonymous_1)
FNDA:0,(anonymous_2)
FNDA:0,(anonymous_3)
FNDA:0,(anonymous_4)
FNDA:0,(anonymous_5)
FNDA:0,(anonymous_6)
FNDA:0,(anonymous_7)
FNDA:0,(anonymous_8)
FNDA:0,(anonymous_9)
FNDA:0,(anonymous_10)
FNDA:0,(anonymous_11)
FNDA:0,(anonymous_12)
FNDA:0,(anonymous_13)
FNDA:0,(anonymous_14)
FNDA:0,(anonymous_15)
DA:1,1
DA:2,1
DA:4,1
DA:5,1
DA:14,0
DA:15,0
DA:16,0
DA:18,0
DA:20,0
DA:21,0
DA:24,0
DA:33,0
DA:34,0
DA:35,0
DA:36,0
DA:37,0
DA:38,0
DA:39,0
DA:40,0
DA:41,0
DA:51,0
DA:53,0
DA:58,0
DA:59,0
DA:60,0
DA:70,0
DA:71,0
DA:74,0
DA:75,0
DA:76,0
DA:80,0
DA:81,0
DA:82,0
DA:86,0
DA:87,0
DA:90,0
DA:95,0
DA:118,0
DA:121,0
DA:127,0
DA:128,0
DA:145,0
DA:176,0
DA:187,1
LF:44
LH:5
BRDA:20,0,0,0
BRDA:20,0,1,0
BRDA:24,1,0,0
BRDA:24,1,1,0
BRDA:35,2,0,0
BRDA:35,2,1,0
BRDA:40,3,0,0
BRDA:40,3,1,0
BRDA:59,4,0,0
BRDA:59,4,1,0
BRDA:75,5,0,0
BRDA:75,5,1,0
BRDA:75,6,0,0
BRDA:75,6,1,0
BRDA:81,7,0,0
BRDA:81,7,1,0
BRDA:81,8,0,0
BRDA:81,8,1,0
BRDA:81,9,0,0
BRDA:81,9,1,0
BRDA:116,10,0,0
BRDA:116,10,1,0
BRDA:116,11,0,0
BRDA:116,11,1,0
BRDA:143,12,0,0
BRDA:143,12,1,0
BRDA:143,12,2,0
BRF:27
BRH:0
end_of_record
TN:
SF:src\pages\StatisticsPage.tsx
FN:11,StatisticsPage
FN:15,(anonymous_1)
FNF:2
FNH:0
FNDA:0,StatisticsPage
FNDA:0,(anonymous_1)
DA:2,1
DA:3,1
DA:4,1
DA:5,1
DA:6,1
DA:7,1
DA:9,1
DA:12,0
DA:13,0
DA:15,0
DA:35,1
LF:11
LH:8
BRF:0
BRH:0
end_of_record
TN:
SF:src\tests\e2e.spec.ts
FN:6,(anonymous_0)
FN:7,(anonymous_1)
FN:19,(anonymous_2)
FN:34,(anonymous_3)
FN:51,(anonymous_4)
FN:57,(anonymous_5)
FNF:6
FNH:0
FNDA:0,(anonymous_0)
FNDA:0,(anonymous_1)
FNDA:0,(anonymous_2)
FNDA:0,(anonymous_3)
FNDA:0,(anonymous_4)
FNDA:0,(anonymous_5)
DA:2,0
DA:4,0
DA:6,0
DA:7,0
DA:8,0
DA:9,0
DA:10,0
DA:11,0
DA:12,0
DA:13,0
DA:14,0
DA:15,0
DA:16,0
DA:19,0
DA:20,0
DA:21,0
DA:22,0
DA:23,0
DA:25,0
DA:26,0
DA:28,0
DA:29,0
DA:30,0
DA:31,0
DA:34,0
DA:35,0
DA:36,0
DA:37,0
DA:38,0
DA:40,0
DA:41,0
DA:43,0
DA:44,0
DA:46,0
DA:47,0
DA:48,0
DA:51,0
DA:52,0
DA:53,0
DA:54,0
DA:57,0
DA:58,0
DA:59,0
DA:60,0
DA:61,0
LF:45
LH:0
BRF:0
BRH:0
end_of_record
TN:
SF:src\utils\cookies.ts
FN:1,getCookieValue
FN:2,(anonymous_1)
FNF:2
FNH:2
FNDA:19,getCookieValue
FNDA:45,(anonymous_1)
DA:1,3
DA:2,19
DA:3,45
DA:4,45
DA:5,45
DA:7,19
LF:6
LH:6
BRDA:4,0,0,39
BRDA:4,0,1,6
BRDA:4,1,0,45
BRDA:4,1,1,39
BRDA:7,2,0,19
BRDA:7,2,1,6
BRF:6
BRH:6
end_of_record
